                              1 ;--------------------------------------------------------
                              2 ; File Created by SDCC : free open source ANSI-C Compiler
                              3 ; Version 3.5.5 #9498 (CYGWIN)
                              4 ;--------------------------------------------------------
                              5 	.module map3
                              6 	.optsdcc -mz80
                              7 	
                              8 ;--------------------------------------------------------
                              9 ; Public variables in this module
                             10 ;--------------------------------------------------------
                             11 	.globl _g_map3
                             12 ;--------------------------------------------------------
                             13 ; special function registers
                             14 ;--------------------------------------------------------
                             15 ;--------------------------------------------------------
                             16 ; ram data
                             17 ;--------------------------------------------------------
                             18 	.area _DATA
                             19 ;--------------------------------------------------------
                             20 ; ram data
                             21 ;--------------------------------------------------------
                             22 	.area _INITIALIZED
                             23 ;--------------------------------------------------------
                             24 ; absolute external ram data
                             25 ;--------------------------------------------------------
                             26 	.area _DABS (ABS)
                             27 ;--------------------------------------------------------
                             28 ; global & static initialisations
                             29 ;--------------------------------------------------------
                             30 	.area _HOME
                             31 	.area _GSINIT
                             32 	.area _GSFINAL
                             33 	.area _GSINIT
                             34 ;--------------------------------------------------------
                             35 ; Home
                             36 ;--------------------------------------------------------
                             37 	.area _HOME
                             38 	.area _HOME
                             39 ;--------------------------------------------------------
                             40 ; code
                             41 ;--------------------------------------------------------
                             42 	.area _CODE
                             43 	.area _CODE
   0000                      44 _g_map3:
   0000 03                   45 	.db #0x03	; 3
   0001 06                   46 	.db #0x06	; 6
   0002 03                   47 	.db #0x03	; 3
   0003 00                   48 	.db #0x00	; 0
   0004 00                   49 	.db #0x00	; 0
   0005 00                   50 	.db #0x00	; 0
   0006 00                   51 	.db #0x00	; 0
   0007 00                   52 	.db #0x00	; 0
   0008 00                   53 	.db #0x00	; 0
   0009 00                   54 	.db #0x00	; 0
   000A 00                   55 	.db #0x00	; 0
   000B 00                   56 	.db #0x00	; 0
   000C 00                   57 	.db #0x00	; 0
   000D 00                   58 	.db #0x00	; 0
   000E 00                   59 	.db #0x00	; 0
   000F 03                   60 	.db #0x03	; 3
   0010 06                   61 	.db #0x06	; 6
   0011 06                   62 	.db #0x06	; 6
   0012 06                   63 	.db #0x06	; 6
   0013 03                   64 	.db #0x03	; 3
   0014 00                   65 	.db #0x00	; 0
   0015 00                   66 	.db #0x00	; 0
   0016 00                   67 	.db #0x00	; 0
   0017 00                   68 	.db #0x00	; 0
   0018 00                   69 	.db #0x00	; 0
   0019 00                   70 	.db #0x00	; 0
   001A 00                   71 	.db #0x00	; 0
   001B 00                   72 	.db #0x00	; 0
   001C 00                   73 	.db #0x00	; 0
   001D 00                   74 	.db #0x00	; 0
   001E 00                   75 	.db #0x00	; 0
   001F 03                   76 	.db #0x03	; 3
   0020 00                   77 	.db #0x00	; 0
   0021 00                   78 	.db #0x00	; 0
   0022 00                   79 	.db #0x00	; 0
   0023 00                   80 	.db #0x00	; 0
   0024 00                   81 	.db #0x00	; 0
   0025 00                   82 	.db #0x00	; 0
   0026 00                   83 	.db #0x00	; 0
   0027 03                   84 	.db #0x03	; 3
   0028 06                   85 	.db #0x06	; 6
   0029 06                   86 	.db #0x06	; 6
   002A 06                   87 	.db #0x06	; 6
   002B 03                   88 	.db #0x03	; 3
   002C 00                   89 	.db #0x00	; 0
   002D 00                   90 	.db #0x00	; 0
   002E 00                   91 	.db #0x00	; 0
   002F 00                   92 	.db #0x00	; 0
   0030 00                   93 	.db #0x00	; 0
   0031 00                   94 	.db #0x00	; 0
   0032 00                   95 	.db #0x00	; 0
   0033 00                   96 	.db #0x00	; 0
   0034 00                   97 	.db #0x00	; 0
   0035 00                   98 	.db #0x00	; 0
   0036 00                   99 	.db #0x00	; 0
   0037 00                  100 	.db #0x00	; 0
   0038 03                  101 	.db #0x03	; 3
   0039 06                  102 	.db #0x06	; 6
   003A 03                  103 	.db #0x03	; 3
   003B 00                  104 	.db #0x00	; 0
   003C 00                  105 	.db #0x00	; 0
   003D 00                  106 	.db #0x00	; 0
   003E 00                  107 	.db #0x00	; 0
   003F 00                  108 	.db #0x00	; 0
   0040 00                  109 	.db #0x00	; 0
   0041 00                  110 	.db #0x00	; 0
   0042 00                  111 	.db #0x00	; 0
   0043 00                  112 	.db #0x00	; 0
   0044 00                  113 	.db #0x00	; 0
   0045 00                  114 	.db #0x00	; 0
   0046 03                  115 	.db #0x03	; 3
   0047 06                  116 	.db #0x06	; 6
   0048 03                  117 	.db #0x03	; 3
   0049 00                  118 	.db #0x00	; 0
   004A 00                  119 	.db #0x00	; 0
   004B 00                  120 	.db #0x00	; 0
   004C 00                  121 	.db #0x00	; 0
   004D 00                  122 	.db #0x00	; 0
   004E 00                  123 	.db #0x00	; 0
   004F 00                  124 	.db #0x00	; 0
   0050 06                  125 	.db #0x06	; 6
   0051 06                  126 	.db #0x06	; 6
   0052 06                  127 	.db #0x06	; 6
   0053 03                  128 	.db #0x03	; 3
   0054 00                  129 	.db #0x00	; 0
   0055 00                  130 	.db #0x00	; 0
   0056 00                  131 	.db #0x00	; 0
   0057 00                  132 	.db #0x00	; 0
   0058 00                  133 	.db #0x00	; 0
   0059 00                  134 	.db #0x00	; 0
   005A 00                  135 	.db #0x00	; 0
   005B 00                  136 	.db #0x00	; 0
   005C 00                  137 	.db #0x00	; 0
   005D 00                  138 	.db #0x00	; 0
   005E 00                  139 	.db #0x00	; 0
   005F 00                  140 	.db #0x00	; 0
   0060 00                  141 	.db #0x00	; 0
   0061 03                  142 	.db #0x03	; 3
   0062 00                  143 	.db #0x00	; 0
   0063 00                  144 	.db #0x00	; 0
   0064 00                  145 	.db #0x00	; 0
   0065 00                  146 	.db #0x00	; 0
   0066 00                  147 	.db #0x00	; 0
   0067 00                  148 	.db #0x00	; 0
   0068 00                  149 	.db #0x00	; 0
   0069 00                  150 	.db #0x00	; 0
   006A 00                  151 	.db #0x00	; 0
   006B 00                  152 	.db #0x00	; 0
   006C 00                  153 	.db #0x00	; 0
   006D 03                  154 	.db #0x03	; 3
   006E 06                  155 	.db #0x06	; 6
   006F 06                  156 	.db #0x06	; 6
   0070 06                  157 	.db #0x06	; 6
   0071 03                  158 	.db #0x03	; 3
   0072 00                  159 	.db #0x00	; 0
   0073 00                  160 	.db #0x00	; 0
   0074 00                  161 	.db #0x00	; 0
   0075 00                  162 	.db #0x00	; 0
   0076 00                  163 	.db #0x00	; 0
   0077 00                  164 	.db #0x00	; 0
   0078 03                  165 	.db #0x03	; 3
   0079 06                  166 	.db #0x06	; 6
   007A 03                  167 	.db #0x03	; 3
   007B 00                  168 	.db #0x00	; 0
   007C 00                  169 	.db #0x00	; 0
   007D 00                  170 	.db #0x00	; 0
   007E 00                  171 	.db #0x00	; 0
   007F 00                  172 	.db #0x00	; 0
   0080 00                  173 	.db #0x00	; 0
   0081 00                  174 	.db #0x00	; 0
   0082 00                  175 	.db #0x00	; 0
   0083 00                  176 	.db #0x00	; 0
   0084 00                  177 	.db #0x00	; 0
   0085 00                  178 	.db #0x00	; 0
   0086 00                  179 	.db #0x00	; 0
   0087 00                  180 	.db #0x00	; 0
   0088 00                  181 	.db #0x00	; 0
   0089 00                  182 	.db #0x00	; 0
   008A 00                  183 	.db #0x00	; 0
   008B 00                  184 	.db #0x00	; 0
   008C 00                  185 	.db #0x00	; 0
   008D 00                  186 	.db #0x00	; 0
   008E 00                  187 	.db #0x00	; 0
   008F 00                  188 	.db #0x00	; 0
   0090 00                  189 	.db #0x00	; 0
   0091 00                  190 	.db #0x00	; 0
   0092 00                  191 	.db #0x00	; 0
   0093 00                  192 	.db #0x00	; 0
   0094 00                  193 	.db #0x00	; 0
   0095 03                  194 	.db #0x03	; 3
   0096 06                  195 	.db #0x06	; 6
   0097 06                  196 	.db #0x06	; 6
   0098 06                  197 	.db #0x06	; 6
   0099 03                  198 	.db #0x03	; 3
   009A 00                  199 	.db #0x00	; 0
   009B 00                  200 	.db #0x00	; 0
   009C 00                  201 	.db #0x00	; 0
   009D 00                  202 	.db #0x00	; 0
   009E 00                  203 	.db #0x00	; 0
   009F 00                  204 	.db #0x00	; 0
   00A0 00                  205 	.db #0x00	; 0
   00A1 03                  206 	.db #0x03	; 3
   00A2 00                  207 	.db #0x00	; 0
   00A3 00                  208 	.db #0x00	; 0
   00A4 00                  209 	.db #0x00	; 0
   00A5 00                  210 	.db #0x00	; 0
   00A6 00                  211 	.db #0x00	; 0
   00A7 00                  212 	.db #0x00	; 0
   00A8 00                  213 	.db #0x00	; 0
   00A9 00                  214 	.db #0x00	; 0
   00AA 00                  215 	.db #0x00	; 0
   00AB 00                  216 	.db #0x00	; 0
   00AC 00                  217 	.db #0x00	; 0
   00AD 00                  218 	.db #0x00	; 0
   00AE 00                  219 	.db #0x00	; 0
   00AF 00                  220 	.db #0x00	; 0
   00B0 00                  221 	.db #0x00	; 0
   00B1 00                  222 	.db #0x00	; 0
   00B2 00                  223 	.db #0x00	; 0
   00B3 00                  224 	.db #0x00	; 0
   00B4 00                  225 	.db #0x00	; 0
   00B5 00                  226 	.db #0x00	; 0
   00B6 00                  227 	.db #0x00	; 0
   00B7 00                  228 	.db #0x00	; 0
   00B8 00                  229 	.db #0x00	; 0
   00B9 00                  230 	.db #0x00	; 0
   00BA 00                  231 	.db #0x00	; 0
   00BB 00                  232 	.db #0x00	; 0
   00BC 00                  233 	.db #0x00	; 0
   00BD 00                  234 	.db #0x00	; 0
   00BE 03                  235 	.db #0x03	; 3
   00BF 06                  236 	.db #0x06	; 6
   00C0 03                  237 	.db #0x03	; 3
   00C1 00                  238 	.db #0x00	; 0
   00C2 00                  239 	.db #0x00	; 0
   00C3 00                  240 	.db #0x00	; 0
   00C4 00                  241 	.db #0x00	; 0
   00C5 00                  242 	.db #0x00	; 0
   00C6 00                  243 	.db #0x00	; 0
   00C7 00                  244 	.db #0x00	; 0
   00C8 00                  245 	.db #0x00	; 0
   00C9 00                  246 	.db #0x00	; 0
   00CA 00                  247 	.db #0x00	; 0
   00CB 00                  248 	.db #0x00	; 0
   00CC 00                  249 	.db #0x00	; 0
   00CD 00                  250 	.db #0x00	; 0
   00CE 00                  251 	.db #0x00	; 0
   00CF 18                  252 	.db #0x18	; 24
   00D0 18                  253 	.db #0x18	; 24
   00D1 18                  254 	.db #0x18	; 24
   00D2 00                  255 	.db #0x00	; 0
   00D3 18                  256 	.db #0x18	; 24
   00D4 18                  257 	.db #0x18	; 24
   00D5 18                  258 	.db #0x18	; 24
   00D6 00                  259 	.db #0x00	; 0
   00D7 00                  260 	.db #0x00	; 0
   00D8 00                  261 	.db #0x00	; 0
   00D9 18                  262 	.db #0x18	; 24
   00DA 18                  263 	.db #0x18	; 24
   00DB 00                  264 	.db #0x00	; 0
   00DC 00                  265 	.db #0x00	; 0
   00DD 00                  266 	.db #0x00	; 0
   00DE 18                  267 	.db #0x18	; 24
   00DF 18                  268 	.db #0x18	; 24
   00E0 00                  269 	.db #0x00	; 0
   00E1 18                  270 	.db #0x18	; 24
   00E2 00                  271 	.db #0x00	; 0
   00E3 00                  272 	.db #0x00	; 0
   00E4 18                  273 	.db #0x18	; 24
   00E5 00                  274 	.db #0x00	; 0
   00E6 00                  275 	.db #0x00	; 0
   00E7 03                  276 	.db #0x03	; 3
   00E8 00                  277 	.db #0x00	; 0
   00E9 00                  278 	.db #0x00	; 0
   00EA 00                  279 	.db #0x00	; 0
   00EB 00                  280 	.db #0x00	; 0
   00EC 00                  281 	.db #0x00	; 0
   00ED 00                  282 	.db #0x00	; 0
   00EE 00                  283 	.db #0x00	; 0
   00EF 00                  284 	.db #0x00	; 0
   00F0 00                  285 	.db #0x00	; 0
   00F1 00                  286 	.db #0x00	; 0
   00F2 00                  287 	.db #0x00	; 0
   00F3 00                  288 	.db #0x00	; 0
   00F4 00                  289 	.db #0x00	; 0
   00F5 00                  290 	.db #0x00	; 0
   00F6 00                  291 	.db #0x00	; 0
   00F7 00                  292 	.db #0x00	; 0
   00F8 18                  293 	.db #0x18	; 24
   00F9 00                  294 	.db #0x00	; 0
   00FA 00                  295 	.db #0x00	; 0
   00FB 18                  296 	.db #0x18	; 24
   00FC 00                  297 	.db #0x00	; 0
   00FD 00                  298 	.db #0x00	; 0
   00FE 18                  299 	.db #0x18	; 24
   00FF 00                  300 	.db #0x00	; 0
   0100 18                  301 	.db #0x18	; 24
   0101 00                  302 	.db #0x00	; 0
   0102 00                  303 	.db #0x00	; 0
   0103 18                  304 	.db #0x18	; 24
   0104 00                  305 	.db #0x00	; 0
   0105 18                  306 	.db #0x18	; 24
   0106 00                  307 	.db #0x00	; 0
   0107 00                  308 	.db #0x00	; 0
   0108 00                  309 	.db #0x00	; 0
   0109 18                  310 	.db #0x18	; 24
   010A 00                  311 	.db #0x00	; 0
   010B 18                  312 	.db #0x18	; 24
   010C 00                  313 	.db #0x00	; 0
   010D 00                  314 	.db #0x00	; 0
   010E 00                  315 	.db #0x00	; 0
   010F 00                  316 	.db #0x00	; 0
   0110 00                  317 	.db #0x00	; 0
   0111 00                  318 	.db #0x00	; 0
   0112 00                  319 	.db #0x00	; 0
   0113 00                  320 	.db #0x00	; 0
   0114 00                  321 	.db #0x00	; 0
   0115 00                  322 	.db #0x00	; 0
   0116 00                  323 	.db #0x00	; 0
   0117 00                  324 	.db #0x00	; 0
   0118 00                  325 	.db #0x00	; 0
   0119 00                  326 	.db #0x00	; 0
   011A 00                  327 	.db #0x00	; 0
   011B 00                  328 	.db #0x00	; 0
   011C 00                  329 	.db #0x00	; 0
   011D 00                  330 	.db #0x00	; 0
   011E 00                  331 	.db #0x00	; 0
   011F 00                  332 	.db #0x00	; 0
   0120 18                  333 	.db #0x18	; 24
   0121 00                  334 	.db #0x00	; 0
   0122 00                  335 	.db #0x00	; 0
   0123 18                  336 	.db #0x18	; 24
   0124 18                  337 	.db #0x18	; 24
   0125 18                  338 	.db #0x18	; 24
   0126 00                  339 	.db #0x00	; 0
   0127 00                  340 	.db #0x00	; 0
   0128 18                  341 	.db #0x18	; 24
   0129 00                  342 	.db #0x00	; 0
   012A 00                  343 	.db #0x00	; 0
   012B 18                  344 	.db #0x18	; 24
   012C 00                  345 	.db #0x00	; 0
   012D 18                  346 	.db #0x18	; 24
   012E 00                  347 	.db #0x00	; 0
   012F 00                  348 	.db #0x00	; 0
   0130 00                  349 	.db #0x00	; 0
   0131 18                  350 	.db #0x18	; 24
   0132 18                  351 	.db #0x18	; 24
   0133 00                  352 	.db #0x00	; 0
   0134 00                  353 	.db #0x00	; 0
   0135 00                  354 	.db #0x00	; 0
   0136 00                  355 	.db #0x00	; 0
   0137 00                  356 	.db #0x00	; 0
   0138 00                  357 	.db #0x00	; 0
   0139 00                  358 	.db #0x00	; 0
   013A 00                  359 	.db #0x00	; 0
   013B 00                  360 	.db #0x00	; 0
   013C 00                  361 	.db #0x00	; 0
   013D 00                  362 	.db #0x00	; 0
   013E 00                  363 	.db #0x00	; 0
   013F 00                  364 	.db #0x00	; 0
   0140 00                  365 	.db #0x00	; 0
   0141 00                  366 	.db #0x00	; 0
   0142 00                  367 	.db #0x00	; 0
   0143 00                  368 	.db #0x00	; 0
   0144 00                  369 	.db #0x00	; 0
   0145 00                  370 	.db #0x00	; 0
   0146 00                  371 	.db #0x00	; 0
   0147 00                  372 	.db #0x00	; 0
   0148 18                  373 	.db #0x18	; 24
   0149 00                  374 	.db #0x00	; 0
   014A 00                  375 	.db #0x00	; 0
   014B 18                  376 	.db #0x18	; 24
   014C 00                  377 	.db #0x00	; 0
   014D 18                  378 	.db #0x18	; 24
   014E 00                  379 	.db #0x00	; 0
   014F 00                  380 	.db #0x00	; 0
   0150 18                  381 	.db #0x18	; 24
   0151 18                  382 	.db #0x18	; 24
   0152 18                  383 	.db #0x18	; 24
   0153 18                  384 	.db #0x18	; 24
   0154 00                  385 	.db #0x00	; 0
   0155 18                  386 	.db #0x18	; 24
   0156 00                  387 	.db #0x00	; 0
   0157 00                  388 	.db #0x00	; 0
   0158 00                  389 	.db #0x00	; 0
   0159 18                  390 	.db #0x18	; 24
   015A 00                  391 	.db #0x00	; 0
   015B 18                  392 	.db #0x18	; 24
   015C 00                  393 	.db #0x00	; 0
   015D 00                  394 	.db #0x00	; 0
   015E 00                  395 	.db #0x00	; 0
   015F 00                  396 	.db #0x00	; 0
   0160 00                  397 	.db #0x00	; 0
   0161 00                  398 	.db #0x00	; 0
   0162 00                  399 	.db #0x00	; 0
   0163 00                  400 	.db #0x00	; 0
   0164 00                  401 	.db #0x00	; 0
   0165 00                  402 	.db #0x00	; 0
   0166 00                  403 	.db #0x00	; 0
   0167 00                  404 	.db #0x00	; 0
   0168 00                  405 	.db #0x00	; 0
   0169 00                  406 	.db #0x00	; 0
   016A 00                  407 	.db #0x00	; 0
   016B 00                  408 	.db #0x00	; 0
   016C 00                  409 	.db #0x00	; 0
   016D 00                  410 	.db #0x00	; 0
   016E 00                  411 	.db #0x00	; 0
   016F 00                  412 	.db #0x00	; 0
   0170 18                  413 	.db #0x18	; 24
   0171 00                  414 	.db #0x00	; 0
   0172 00                  415 	.db #0x00	; 0
   0173 18                  416 	.db #0x18	; 24
   0174 00                  417 	.db #0x00	; 0
   0175 00                  418 	.db #0x00	; 0
   0176 18                  419 	.db #0x18	; 24
   0177 00                  420 	.db #0x00	; 0
   0178 18                  421 	.db #0x18	; 24
   0179 00                  422 	.db #0x00	; 0
   017A 00                  423 	.db #0x00	; 0
   017B 18                  424 	.db #0x18	; 24
   017C 00                  425 	.db #0x00	; 0
   017D 00                  426 	.db #0x00	; 0
   017E 18                  427 	.db #0x18	; 24
   017F 18                  428 	.db #0x18	; 24
   0180 00                  429 	.db #0x00	; 0
   0181 18                  430 	.db #0x18	; 24
   0182 00                  431 	.db #0x00	; 0
   0183 00                  432 	.db #0x00	; 0
   0184 18                  433 	.db #0x18	; 24
   0185 00                  434 	.db #0x00	; 0
   0186 00                  435 	.db #0x00	; 0
   0187 00                  436 	.db #0x00	; 0
   0188 00                  437 	.db #0x00	; 0
   0189 00                  438 	.db #0x00	; 0
   018A 03                  439 	.db #0x03	; 3
   018B 00                  440 	.db #0x00	; 0
   018C 00                  441 	.db #0x00	; 0
   018D 00                  442 	.db #0x00	; 0
   018E 00                  443 	.db #0x00	; 0
   018F 00                  444 	.db #0x00	; 0
   0190 00                  445 	.db #0x00	; 0
   0191 00                  446 	.db #0x00	; 0
   0192 00                  447 	.db #0x00	; 0
   0193 00                  448 	.db #0x00	; 0
   0194 00                  449 	.db #0x00	; 0
   0195 00                  450 	.db #0x00	; 0
   0196 00                  451 	.db #0x00	; 0
   0197 00                  452 	.db #0x00	; 0
   0198 00                  453 	.db #0x00	; 0
   0199 00                  454 	.db #0x00	; 0
   019A 00                  455 	.db #0x00	; 0
   019B 00                  456 	.db #0x00	; 0
   019C 00                  457 	.db #0x00	; 0
   019D 00                  458 	.db #0x00	; 0
   019E 00                  459 	.db #0x00	; 0
   019F 00                  460 	.db #0x00	; 0
   01A0 00                  461 	.db #0x00	; 0
   01A1 00                  462 	.db #0x00	; 0
   01A2 00                  463 	.db #0x00	; 0
   01A3 00                  464 	.db #0x00	; 0
   01A4 00                  465 	.db #0x00	; 0
   01A5 00                  466 	.db #0x00	; 0
   01A6 00                  467 	.db #0x00	; 0
   01A7 00                  468 	.db #0x00	; 0
   01A8 00                  469 	.db #0x00	; 0
   01A9 00                  470 	.db #0x00	; 0
   01AA 00                  471 	.db #0x00	; 0
   01AB 00                  472 	.db #0x00	; 0
   01AC 00                  473 	.db #0x00	; 0
   01AD 00                  474 	.db #0x00	; 0
   01AE 00                  475 	.db #0x00	; 0
   01AF 00                  476 	.db #0x00	; 0
   01B0 00                  477 	.db #0x00	; 0
   01B1 03                  478 	.db #0x03	; 3
   01B2 06                  479 	.db #0x06	; 6
   01B3 03                  480 	.db #0x03	; 3
   01B4 00                  481 	.db #0x00	; 0
   01B5 00                  482 	.db #0x00	; 0
   01B6 00                  483 	.db #0x00	; 0
   01B7 00                  484 	.db #0x00	; 0
   01B8 00                  485 	.db #0x00	; 0
   01B9 00                  486 	.db #0x00	; 0
   01BA 00                  487 	.db #0x00	; 0
   01BB 00                  488 	.db #0x00	; 0
   01BC 00                  489 	.db #0x00	; 0
   01BD 00                  490 	.db #0x00	; 0
   01BE 00                  491 	.db #0x00	; 0
   01BF 00                  492 	.db #0x00	; 0
   01C0 00                  493 	.db #0x00	; 0
   01C1 00                  494 	.db #0x00	; 0
   01C2 00                  495 	.db #0x00	; 0
   01C3 00                  496 	.db #0x00	; 0
   01C4 00                  497 	.db #0x00	; 0
   01C5 00                  498 	.db #0x00	; 0
   01C6 00                  499 	.db #0x00	; 0
   01C7 00                  500 	.db #0x00	; 0
   01C8 00                  501 	.db #0x00	; 0
   01C9 00                  502 	.db #0x00	; 0
   01CA 00                  503 	.db #0x00	; 0
   01CB 00                  504 	.db #0x00	; 0
   01CC 00                  505 	.db #0x00	; 0
   01CD 00                  506 	.db #0x00	; 0
   01CE 00                  507 	.db #0x00	; 0
   01CF 00                  508 	.db #0x00	; 0
   01D0 00                  509 	.db #0x00	; 0
   01D1 00                  510 	.db #0x00	; 0
   01D2 00                  511 	.db #0x00	; 0
   01D3 00                  512 	.db #0x00	; 0
   01D4 00                  513 	.db #0x00	; 0
   01D5 00                  514 	.db #0x00	; 0
   01D6 00                  515 	.db #0x00	; 0
   01D7 00                  516 	.db #0x00	; 0
   01D8 03                  517 	.db #0x03	; 3
   01D9 06                  518 	.db #0x06	; 6
   01DA 06                  519 	.db #0x06	; 6
   01DB 06                  520 	.db #0x06	; 6
   01DC 03                  521 	.db #0x03	; 3
   01DD 00                  522 	.db #0x00	; 0
   01DE 00                  523 	.db #0x00	; 0
   01DF 00                  524 	.db #0x00	; 0
   01E0 00                  525 	.db #0x00	; 0
   01E1 00                  526 	.db #0x00	; 0
   01E2 00                  527 	.db #0x00	; 0
   01E3 00                  528 	.db #0x00	; 0
   01E4 00                  529 	.db #0x00	; 0
   01E5 00                  530 	.db #0x00	; 0
   01E6 00                  531 	.db #0x00	; 0
   01E7 00                  532 	.db #0x00	; 0
   01E8 00                  533 	.db #0x00	; 0
   01E9 00                  534 	.db #0x00	; 0
   01EA 00                  535 	.db #0x00	; 0
   01EB 00                  536 	.db #0x00	; 0
   01EC 00                  537 	.db #0x00	; 0
   01ED 00                  538 	.db #0x00	; 0
   01EE 00                  539 	.db #0x00	; 0
   01EF 00                  540 	.db #0x00	; 0
   01F0 00                  541 	.db #0x00	; 0
   01F1 00                  542 	.db #0x00	; 0
   01F2 00                  543 	.db #0x00	; 0
   01F3 00                  544 	.db #0x00	; 0
   01F4 00                  545 	.db #0x00	; 0
   01F5 00                  546 	.db #0x00	; 0
   01F6 00                  547 	.db #0x00	; 0
   01F7 00                  548 	.db #0x00	; 0
   01F8 00                  549 	.db #0x00	; 0
   01F9 00                  550 	.db #0x00	; 0
   01FA 00                  551 	.db #0x00	; 0
   01FB 00                  552 	.db #0x00	; 0
   01FC 00                  553 	.db #0x00	; 0
   01FD 00                  554 	.db #0x00	; 0
   01FE 00                  555 	.db #0x00	; 0
   01FF 00                  556 	.db #0x00	; 0
   0200 03                  557 	.db #0x03	; 3
   0201 06                  558 	.db #0x06	; 6
   0202 06                  559 	.db #0x06	; 6
   0203 06                  560 	.db #0x06	; 6
   0204 03                  561 	.db #0x03	; 3
   0205 00                  562 	.db #0x00	; 0
   0206 00                  563 	.db #0x00	; 0
   0207 00                  564 	.db #0x00	; 0
   0208 00                  565 	.db #0x00	; 0
   0209 00                  566 	.db #0x00	; 0
   020A 00                  567 	.db #0x00	; 0
   020B 00                  568 	.db #0x00	; 0
   020C 00                  569 	.db #0x00	; 0
   020D 00                  570 	.db #0x00	; 0
   020E 00                  571 	.db #0x00	; 0
   020F 00                  572 	.db #0x00	; 0
   0210 00                  573 	.db #0x00	; 0
   0211 00                  574 	.db #0x00	; 0
   0212 00                  575 	.db #0x00	; 0
   0213 00                  576 	.db #0x00	; 0
   0214 00                  577 	.db #0x00	; 0
   0215 00                  578 	.db #0x00	; 0
   0216 00                  579 	.db #0x00	; 0
   0217 00                  580 	.db #0x00	; 0
   0218 00                  581 	.db #0x00	; 0
   0219 00                  582 	.db #0x00	; 0
   021A 00                  583 	.db #0x00	; 0
   021B 00                  584 	.db #0x00	; 0
   021C 00                  585 	.db #0x00	; 0
   021D 00                  586 	.db #0x00	; 0
   021E 00                  587 	.db #0x00	; 0
   021F 00                  588 	.db #0x00	; 0
   0220 00                  589 	.db #0x00	; 0
   0221 00                  590 	.db #0x00	; 0
   0222 00                  591 	.db #0x00	; 0
   0223 00                  592 	.db #0x00	; 0
   0224 00                  593 	.db #0x00	; 0
   0225 00                  594 	.db #0x00	; 0
   0226 00                  595 	.db #0x00	; 0
   0227 00                  596 	.db #0x00	; 0
   0228 00                  597 	.db #0x00	; 0
   0229 03                  598 	.db #0x03	; 3
   022A 06                  599 	.db #0x06	; 6
   022B 03                  600 	.db #0x03	; 3
   022C 00                  601 	.db #0x00	; 0
   022D 00                  602 	.db #0x00	; 0
   022E 00                  603 	.db #0x00	; 0
   022F 00                  604 	.db #0x00	; 0
   0230 00                  605 	.db #0x00	; 0
   0231 00                  606 	.db #0x00	; 0
   0232 00                  607 	.db #0x00	; 0
   0233 00                  608 	.db #0x00	; 0
   0234 00                  609 	.db #0x00	; 0
   0235 00                  610 	.db #0x00	; 0
   0236 00                  611 	.db #0x00	; 0
   0237 00                  612 	.db #0x00	; 0
   0238 00                  613 	.db #0x00	; 0
   0239 00                  614 	.db #0x00	; 0
   023A 00                  615 	.db #0x00	; 0
   023B 00                  616 	.db #0x00	; 0
   023C 00                  617 	.db #0x00	; 0
   023D 00                  618 	.db #0x00	; 0
   023E 00                  619 	.db #0x00	; 0
   023F 00                  620 	.db #0x00	; 0
   0240 00                  621 	.db #0x00	; 0
   0241 00                  622 	.db #0x00	; 0
   0242 00                  623 	.db #0x00	; 0
   0243 00                  624 	.db #0x00	; 0
   0244 00                  625 	.db #0x00	; 0
   0245 00                  626 	.db #0x00	; 0
   0246 00                  627 	.db #0x00	; 0
   0247 00                  628 	.db #0x00	; 0
   0248 00                  629 	.db #0x00	; 0
   0249 00                  630 	.db #0x00	; 0
   024A 00                  631 	.db #0x00	; 0
   024B 00                  632 	.db #0x00	; 0
   024C 00                  633 	.db #0x00	; 0
   024D 00                  634 	.db #0x00	; 0
   024E 00                  635 	.db #0x00	; 0
   024F 00                  636 	.db #0x00	; 0
   0250 00                  637 	.db #0x00	; 0
   0251 00                  638 	.db #0x00	; 0
   0252 03                  639 	.db #0x03	; 3
   0253 00                  640 	.db #0x00	; 0
   0254 00                  641 	.db #0x00	; 0
   0255 00                  642 	.db #0x00	; 0
   0256 00                  643 	.db #0x00	; 0
   0257 00                  644 	.db #0x00	; 0
   0258 00                  645 	.db #0x00	; 0
   0259 00                  646 	.db #0x00	; 0
   025A 00                  647 	.db #0x00	; 0
   025B 00                  648 	.db #0x00	; 0
   025C 00                  649 	.db #0x00	; 0
   025D 00                  650 	.db #0x00	; 0
   025E 00                  651 	.db #0x00	; 0
   025F 00                  652 	.db #0x00	; 0
   0260 00                  653 	.db #0x00	; 0
   0261 00                  654 	.db #0x00	; 0
   0262 00                  655 	.db #0x00	; 0
   0263 00                  656 	.db #0x00	; 0
   0264 00                  657 	.db #0x00	; 0
   0265 00                  658 	.db #0x00	; 0
   0266 00                  659 	.db #0x00	; 0
   0267 00                  660 	.db #0x00	; 0
   0268 00                  661 	.db #0x00	; 0
   0269 00                  662 	.db #0x00	; 0
   026A 00                  663 	.db #0x00	; 0
   026B 00                  664 	.db #0x00	; 0
   026C 00                  665 	.db #0x00	; 0
   026D 00                  666 	.db #0x00	; 0
   026E 00                  667 	.db #0x00	; 0
   026F 00                  668 	.db #0x00	; 0
   0270 00                  669 	.db #0x00	; 0
   0271 00                  670 	.db #0x00	; 0
   0272 00                  671 	.db #0x00	; 0
   0273 00                  672 	.db #0x00	; 0
   0274 00                  673 	.db #0x00	; 0
   0275 00                  674 	.db #0x00	; 0
   0276 00                  675 	.db #0x00	; 0
   0277 00                  676 	.db #0x00	; 0
   0278 00                  677 	.db #0x00	; 0
   0279 00                  678 	.db #0x00	; 0
   027A 00                  679 	.db #0x00	; 0
   027B 00                  680 	.db #0x00	; 0
   027C 00                  681 	.db #0x00	; 0
   027D 00                  682 	.db #0x00	; 0
   027E 00                  683 	.db #0x00	; 0
   027F 00                  684 	.db #0x00	; 0
   0280 00                  685 	.db #0x00	; 0
   0281 00                  686 	.db #0x00	; 0
   0282 00                  687 	.db #0x00	; 0
   0283 00                  688 	.db #0x00	; 0
   0284 00                  689 	.db #0x00	; 0
   0285 00                  690 	.db #0x00	; 0
   0286 00                  691 	.db #0x00	; 0
   0287 00                  692 	.db #0x00	; 0
   0288 00                  693 	.db #0x00	; 0
   0289 00                  694 	.db #0x00	; 0
   028A 00                  695 	.db #0x00	; 0
   028B 00                  696 	.db #0x00	; 0
   028C 00                  697 	.db #0x00	; 0
   028D 00                  698 	.db #0x00	; 0
   028E 00                  699 	.db #0x00	; 0
   028F 00                  700 	.db #0x00	; 0
   0290 00                  701 	.db #0x00	; 0
   0291 00                  702 	.db #0x00	; 0
   0292 00                  703 	.db #0x00	; 0
   0293 00                  704 	.db #0x00	; 0
   0294 00                  705 	.db #0x00	; 0
   0295 00                  706 	.db #0x00	; 0
   0296 00                  707 	.db #0x00	; 0
   0297 00                  708 	.db #0x00	; 0
   0298 00                  709 	.db #0x00	; 0
   0299 00                  710 	.db #0x00	; 0
   029A 00                  711 	.db #0x00	; 0
   029B 00                  712 	.db #0x00	; 0
   029C 00                  713 	.db #0x00	; 0
   029D 00                  714 	.db #0x00	; 0
   029E 00                  715 	.db #0x00	; 0
   029F 00                  716 	.db #0x00	; 0
   02A0 00                  717 	.db #0x00	; 0
   02A1 00                  718 	.db #0x00	; 0
   02A2 00                  719 	.db #0x00	; 0
   02A3 00                  720 	.db #0x00	; 0
   02A4 00                  721 	.db #0x00	; 0
   02A5 00                  722 	.db #0x00	; 0
   02A6 00                  723 	.db #0x00	; 0
   02A7 00                  724 	.db #0x00	; 0
   02A8 00                  725 	.db #0x00	; 0
   02A9 00                  726 	.db #0x00	; 0
   02AA 00                  727 	.db #0x00	; 0
   02AB 00                  728 	.db #0x00	; 0
   02AC 00                  729 	.db #0x00	; 0
   02AD 00                  730 	.db #0x00	; 0
   02AE 00                  731 	.db #0x00	; 0
   02AF 00                  732 	.db #0x00	; 0
   02B0 00                  733 	.db #0x00	; 0
   02B1 00                  734 	.db #0x00	; 0
   02B2 00                  735 	.db #0x00	; 0
   02B3 00                  736 	.db #0x00	; 0
   02B4 00                  737 	.db #0x00	; 0
   02B5 00                  738 	.db #0x00	; 0
   02B6 00                  739 	.db #0x00	; 0
   02B7 00                  740 	.db #0x00	; 0
   02B8 00                  741 	.db #0x00	; 0
   02B9 00                  742 	.db #0x00	; 0
   02BA 00                  743 	.db #0x00	; 0
   02BB 00                  744 	.db #0x00	; 0
   02BC 00                  745 	.db #0x00	; 0
   02BD 00                  746 	.db #0x00	; 0
   02BE 00                  747 	.db #0x00	; 0
   02BF 00                  748 	.db #0x00	; 0
   02C0 00                  749 	.db #0x00	; 0
   02C1 00                  750 	.db #0x00	; 0
   02C2 00                  751 	.db #0x00	; 0
   02C3 03                  752 	.db #0x03	; 3
   02C4 00                  753 	.db #0x00	; 0
   02C5 00                  754 	.db #0x00	; 0
   02C6 00                  755 	.db #0x00	; 0
   02C7 00                  756 	.db #0x00	; 0
   02C8 00                  757 	.db #0x00	; 0
   02C9 00                  758 	.db #0x00	; 0
   02CA 00                  759 	.db #0x00	; 0
   02CB 00                  760 	.db #0x00	; 0
   02CC 00                  761 	.db #0x00	; 0
   02CD 00                  762 	.db #0x00	; 0
   02CE 00                  763 	.db #0x00	; 0
   02CF 00                  764 	.db #0x00	; 0
   02D0 00                  765 	.db #0x00	; 0
   02D1 00                  766 	.db #0x00	; 0
   02D2 00                  767 	.db #0x00	; 0
   02D3 00                  768 	.db #0x00	; 0
   02D4 00                  769 	.db #0x00	; 0
   02D5 00                  770 	.db #0x00	; 0
   02D6 00                  771 	.db #0x00	; 0
   02D7 00                  772 	.db #0x00	; 0
   02D8 00                  773 	.db #0x00	; 0
   02D9 00                  774 	.db #0x00	; 0
   02DA 00                  775 	.db #0x00	; 0
   02DB 00                  776 	.db #0x00	; 0
   02DC 00                  777 	.db #0x00	; 0
   02DD 00                  778 	.db #0x00	; 0
   02DE 00                  779 	.db #0x00	; 0
   02DF 00                  780 	.db #0x00	; 0
   02E0 00                  781 	.db #0x00	; 0
   02E1 00                  782 	.db #0x00	; 0
   02E2 00                  783 	.db #0x00	; 0
   02E3 00                  784 	.db #0x00	; 0
   02E4 00                  785 	.db #0x00	; 0
   02E5 00                  786 	.db #0x00	; 0
   02E6 00                  787 	.db #0x00	; 0
   02E7 00                  788 	.db #0x00	; 0
   02E8 00                  789 	.db #0x00	; 0
   02E9 00                  790 	.db #0x00	; 0
   02EA 03                  791 	.db #0x03	; 3
   02EB 06                  792 	.db #0x06	; 6
   02EC 03                  793 	.db #0x03	; 3
   02ED 00                  794 	.db #0x00	; 0
   02EE 00                  795 	.db #0x00	; 0
   02EF 00                  796 	.db #0x00	; 0
   02F0 00                  797 	.db #0x00	; 0
   02F1 00                  798 	.db #0x00	; 0
   02F2 00                  799 	.db #0x00	; 0
   02F3 00                  800 	.db #0x00	; 0
   02F4 00                  801 	.db #0x00	; 0
   02F5 00                  802 	.db #0x00	; 0
   02F6 00                  803 	.db #0x00	; 0
   02F7 00                  804 	.db #0x00	; 0
   02F8 00                  805 	.db #0x00	; 0
   02F9 00                  806 	.db #0x00	; 0
   02FA 00                  807 	.db #0x00	; 0
   02FB 00                  808 	.db #0x00	; 0
   02FC 00                  809 	.db #0x00	; 0
   02FD 00                  810 	.db #0x00	; 0
   02FE 00                  811 	.db #0x00	; 0
   02FF 00                  812 	.db #0x00	; 0
   0300 00                  813 	.db #0x00	; 0
   0301 00                  814 	.db #0x00	; 0
   0302 00                  815 	.db #0x00	; 0
   0303 00                  816 	.db #0x00	; 0
   0304 00                  817 	.db #0x00	; 0
   0305 00                  818 	.db #0x00	; 0
   0306 00                  819 	.db #0x00	; 0
   0307 00                  820 	.db #0x00	; 0
   0308 00                  821 	.db #0x00	; 0
   0309 00                  822 	.db #0x00	; 0
   030A 00                  823 	.db #0x00	; 0
   030B 00                  824 	.db #0x00	; 0
   030C 00                  825 	.db #0x00	; 0
   030D 00                  826 	.db #0x00	; 0
   030E 00                  827 	.db #0x00	; 0
   030F 00                  828 	.db #0x00	; 0
   0310 00                  829 	.db #0x00	; 0
   0311 03                  830 	.db #0x03	; 3
   0312 06                  831 	.db #0x06	; 6
   0313 06                  832 	.db #0x06	; 6
   0314 06                  833 	.db #0x06	; 6
   0315 03                  834 	.db #0x03	; 3
   0316 00                  835 	.db #0x00	; 0
   0317 00                  836 	.db #0x00	; 0
   0318 00                  837 	.db #0x00	; 0
   0319 00                  838 	.db #0x00	; 0
   031A 00                  839 	.db #0x00	; 0
   031B 00                  840 	.db #0x00	; 0
   031C 00                  841 	.db #0x00	; 0
   031D 00                  842 	.db #0x00	; 0
   031E 00                  843 	.db #0x00	; 0
   031F 00                  844 	.db #0x00	; 0
   0320 00                  845 	.db #0x00	; 0
   0321 00                  846 	.db #0x00	; 0
   0322 00                  847 	.db #0x00	; 0
   0323 00                  848 	.db #0x00	; 0
   0324 00                  849 	.db #0x00	; 0
   0325 00                  850 	.db #0x00	; 0
   0326 00                  851 	.db #0x00	; 0
   0327 00                  852 	.db #0x00	; 0
   0328 00                  853 	.db #0x00	; 0
   0329 00                  854 	.db #0x00	; 0
   032A 00                  855 	.db #0x00	; 0
   032B 00                  856 	.db #0x00	; 0
   032C 00                  857 	.db #0x00	; 0
   032D 00                  858 	.db #0x00	; 0
   032E 00                  859 	.db #0x00	; 0
   032F 00                  860 	.db #0x00	; 0
   0330 00                  861 	.db #0x00	; 0
   0331 00                  862 	.db #0x00	; 0
   0332 00                  863 	.db #0x00	; 0
   0333 00                  864 	.db #0x00	; 0
   0334 00                  865 	.db #0x00	; 0
   0335 00                  866 	.db #0x00	; 0
   0336 00                  867 	.db #0x00	; 0
   0337 00                  868 	.db #0x00	; 0
   0338 00                  869 	.db #0x00	; 0
   0339 03                  870 	.db #0x03	; 3
   033A 06                  871 	.db #0x06	; 6
   033B 06                  872 	.db #0x06	; 6
   033C 06                  873 	.db #0x06	; 6
   033D 03                  874 	.db #0x03	; 3
   033E 00                  875 	.db #0x00	; 0
   033F 00                  876 	.db #0x00	; 0
   0340 00                  877 	.db #0x00	; 0
   0341 00                  878 	.db #0x00	; 0
   0342 00                  879 	.db #0x00	; 0
   0343 00                  880 	.db #0x00	; 0
   0344 00                  881 	.db #0x00	; 0
   0345 00                  882 	.db #0x00	; 0
   0346 00                  883 	.db #0x00	; 0
   0347 00                  884 	.db #0x00	; 0
   0348 0D                  885 	.db #0x0D	; 13
   0349 0D                  886 	.db #0x0D	; 13
   034A 0D                  887 	.db #0x0D	; 13
   034B 0D                  888 	.db #0x0D	; 13
   034C 0D                  889 	.db #0x0D	; 13
   034D 0D                  890 	.db #0x0D	; 13
   034E 0D                  891 	.db #0x0D	; 13
   034F 0D                  892 	.db #0x0D	; 13
   0350 0D                  893 	.db #0x0D	; 13
   0351 0D                  894 	.db #0x0D	; 13
   0352 0D                  895 	.db #0x0D	; 13
   0353 0D                  896 	.db #0x0D	; 13
   0354 0D                  897 	.db #0x0D	; 13
   0355 0D                  898 	.db #0x0D	; 13
   0356 0D                  899 	.db #0x0D	; 13
   0357 0D                  900 	.db #0x0D	; 13
   0358 0D                  901 	.db #0x0D	; 13
   0359 0D                  902 	.db #0x0D	; 13
   035A 0D                  903 	.db #0x0D	; 13
   035B 0D                  904 	.db #0x0D	; 13
   035C 00                  905 	.db #0x00	; 0
   035D 00                  906 	.db #0x00	; 0
   035E 00                  907 	.db #0x00	; 0
   035F 00                  908 	.db #0x00	; 0
   0360 00                  909 	.db #0x00	; 0
   0361 00                  910 	.db #0x00	; 0
   0362 03                  911 	.db #0x03	; 3
   0363 06                  912 	.db #0x06	; 6
   0364 03                  913 	.db #0x03	; 3
   0365 00                  914 	.db #0x00	; 0
   0366 00                  915 	.db #0x00	; 0
   0367 00                  916 	.db #0x00	; 0
   0368 00                  917 	.db #0x00	; 0
   0369 00                  918 	.db #0x00	; 0
   036A 00                  919 	.db #0x00	; 0
   036B 00                  920 	.db #0x00	; 0
   036C 00                  921 	.db #0x00	; 0
   036D 00                  922 	.db #0x00	; 0
   036E 00                  923 	.db #0x00	; 0
   036F 00                  924 	.db #0x00	; 0
   0370 06                  925 	.db #0x06	; 6
   0371 03                  926 	.db #0x03	; 3
   0372 00                  927 	.db #0x00	; 0
   0373 00                  928 	.db #0x00	; 0
   0374 00                  929 	.db #0x00	; 0
   0375 00                  930 	.db #0x00	; 0
   0376 00                  931 	.db #0x00	; 0
   0377 00                  932 	.db #0x00	; 0
   0378 00                  933 	.db #0x00	; 0
   0379 00                  934 	.db #0x00	; 0
   037A 00                  935 	.db #0x00	; 0
   037B 03                  936 	.db #0x03	; 3
   037C 00                  937 	.db #0x00	; 0
   037D 00                  938 	.db #0x00	; 0
   037E 00                  939 	.db #0x00	; 0
   037F 00                  940 	.db #0x00	; 0
   0380 00                  941 	.db #0x00	; 0
   0381 00                  942 	.db #0x00	; 0
   0382 00                  943 	.db #0x00	; 0
   0383 0D                  944 	.db #0x0D	; 13
   0384 00                  945 	.db #0x00	; 0
   0385 00                  946 	.db #0x00	; 0
   0386 00                  947 	.db #0x00	; 0
   0387 00                  948 	.db #0x00	; 0
   0388 00                  949 	.db #0x00	; 0
   0389 00                  950 	.db #0x00	; 0
   038A 00                  951 	.db #0x00	; 0
   038B 03                  952 	.db #0x03	; 3
   038C 00                  953 	.db #0x00	; 0
   038D 00                  954 	.db #0x00	; 0
   038E 00                  955 	.db #0x00	; 0
   038F 00                  956 	.db #0x00	; 0
   0390 00                  957 	.db #0x00	; 0
   0391 00                  958 	.db #0x00	; 0
   0392 00                  959 	.db #0x00	; 0
   0393 00                  960 	.db #0x00	; 0
   0394 00                  961 	.db #0x00	; 0
   0395 00                  962 	.db #0x00	; 0
   0396 00                  963 	.db #0x00	; 0
   0397 00                  964 	.db #0x00	; 0
   0398 03                  965 	.db #0x03	; 3
   0399 00                  966 	.db #0x00	; 0
   039A 00                  967 	.db #0x00	; 0
   039B 00                  968 	.db #0x00	; 0
   039C 00                  969 	.db #0x00	; 0
   039D 00                  970 	.db #0x00	; 0
   039E 00                  971 	.db #0x00	; 0
   039F 00                  972 	.db #0x00	; 0
   03A0 00                  973 	.db #0x00	; 0
   03A1 00                  974 	.db #0x00	; 0
   03A2 03                  975 	.db #0x03	; 3
   03A3 06                  976 	.db #0x06	; 6
   03A4 03                  977 	.db #0x03	; 3
   03A5 00                  978 	.db #0x00	; 0
   03A6 00                  979 	.db #0x00	; 0
   03A7 00                  980 	.db #0x00	; 0
   03A8 00                  981 	.db #0x00	; 0
   03A9 00                  982 	.db #0x00	; 0
   03AA 00                  983 	.db #0x00	; 0
   03AB 0D                  984 	.db #0x0D	; 13
   03AC 0D                  985 	.db #0x0D	; 13
   03AD 0D                  986 	.db #0x0D	; 13
   03AE 00                  987 	.db #0x00	; 0
   03AF 00                  988 	.db #0x00	; 0
   03B0 00                  989 	.db #0x00	; 0
   03B1 00                  990 	.db #0x00	; 0
   03B2 00                  991 	.db #0x00	; 0
   03B3 00                  992 	.db #0x00	; 0
   03B4 00                  993 	.db #0x00	; 0
   03B5 00                  994 	.db #0x00	; 0
   03B6 00                  995 	.db #0x00	; 0
   03B7 00                  996 	.db #0x00	; 0
   03B8 00                  997 	.db #0x00	; 0
   03B9 00                  998 	.db #0x00	; 0
   03BA 00                  999 	.db #0x00	; 0
   03BB 00                 1000 	.db #0x00	; 0
   03BC 00                 1001 	.db #0x00	; 0
   03BD 00                 1002 	.db #0x00	; 0
   03BE 00                 1003 	.db #0x00	; 0
   03BF 03                 1004 	.db #0x03	; 3
   03C0 00                 1005 	.db #0x00	; 0
   03C1 00                 1006 	.db #0x00	; 0
   03C2 00                 1007 	.db #0x00	; 0
   03C3 00                 1008 	.db #0x00	; 0
   03C4 00                 1009 	.db #0x00	; 0
   03C5 00                 1010 	.db #0x00	; 0
   03C6 00                 1011 	.db #0x00	; 0
   03C7 00                 1012 	.db #0x00	; 0
   03C8 00                 1013 	.db #0x00	; 0
   03C9 03                 1014 	.db #0x03	; 3
   03CA 06                 1015 	.db #0x06	; 6
   03CB 06                 1016 	.db #0x06	; 6
   03CC 06                 1017 	.db #0x06	; 6
   03CD 03                 1018 	.db #0x03	; 3
   03CE 00                 1019 	.db #0x00	; 0
   03CF 00                 1020 	.db #0x00	; 0
   03D0 00                 1021 	.db #0x00	; 0
   03D1 00                 1022 	.db #0x00	; 0
   03D2 00                 1023 	.db #0x00	; 0
   03D3 00                 1024 	.db #0x00	; 0
   03D4 00                 1025 	.db #0x00	; 0
   03D5 0D                 1026 	.db #0x0D	; 13
   03D6 00                 1027 	.db #0x00	; 0
   03D7 00                 1028 	.db #0x00	; 0
   03D8 00                 1029 	.db #0x00	; 0
   03D9 00                 1030 	.db #0x00	; 0
   03DA 00                 1031 	.db #0x00	; 0
   03DB 00                 1032 	.db #0x00	; 0
   03DC 00                 1033 	.db #0x00	; 0
   03DD 00                 1034 	.db #0x00	; 0
   03DE 00                 1035 	.db #0x00	; 0
   03DF 00                 1036 	.db #0x00	; 0
   03E0 00                 1037 	.db #0x00	; 0
   03E1 00                 1038 	.db #0x00	; 0
   03E2 00                 1039 	.db #0x00	; 0
   03E3 00                 1040 	.db #0x00	; 0
   03E4 00                 1041 	.db #0x00	; 0
   03E5 00                 1042 	.db #0x00	; 0
   03E6 03                 1043 	.db #0x03	; 3
   03E7 06                 1044 	.db #0x06	; 6
   03E8 00                 1045 	.db #0x00	; 0
   03E9 00                 1046 	.db #0x00	; 0
   03EA 00                 1047 	.db #0x00	; 0
   03EB 00                 1048 	.db #0x00	; 0
   03EC 00                 1049 	.db #0x00	; 0
   03ED 00                 1050 	.db #0x00	; 0
   03EE 00                 1051 	.db #0x00	; 0
   03EF 00                 1052 	.db #0x00	; 0
   03F0 00                 1053 	.db #0x00	; 0
   03F1 03                 1054 	.db #0x03	; 3
   03F2 06                 1055 	.db #0x06	; 6
   03F3 06                 1056 	.db #0x06	; 6
   03F4 06                 1057 	.db #0x06	; 6
   03F5 03                 1058 	.db #0x03	; 3
   03F6 00                 1059 	.db #0x00	; 0
   03F7 00                 1060 	.db #0x00	; 0
   03F8 00                 1061 	.db #0x00	; 0
   03F9 00                 1062 	.db #0x00	; 0
   03FA 00                 1063 	.db #0x00	; 0
   03FB 00                 1064 	.db #0x00	; 0
   03FC 00                 1065 	.db #0x00	; 0
   03FD 0D                 1066 	.db #0x0D	; 13
   03FE 0D                 1067 	.db #0x0D	; 13
   03FF 0D                 1068 	.db #0x0D	; 13
   0400 00                 1069 	.db #0x00	; 0
   0401 00                 1070 	.db #0x00	; 0
   0402 00                 1071 	.db #0x00	; 0
   0403 00                 1072 	.db #0x00	; 0
   0404 00                 1073 	.db #0x00	; 0
   0405 00                 1074 	.db #0x00	; 0
   0406 00                 1075 	.db #0x00	; 0
   0407 00                 1076 	.db #0x00	; 0
   0408 00                 1077 	.db #0x00	; 0
   0409 00                 1078 	.db #0x00	; 0
   040A 00                 1079 	.db #0x00	; 0
   040B 00                 1080 	.db #0x00	; 0
   040C 00                 1081 	.db #0x00	; 0
   040D 00                 1082 	.db #0x00	; 0
   040E 03                 1083 	.db #0x03	; 3
   040F 06                 1084 	.db #0x06	; 6
   0410 00                 1085 	.db #0x00	; 0
   0411 00                 1086 	.db #0x00	; 0
   0412 00                 1087 	.db #0x00	; 0
   0413 03                 1088 	.db #0x03	; 3
   0414 00                 1089 	.db #0x00	; 0
   0415 00                 1090 	.db #0x00	; 0
   0416 00                 1091 	.db #0x00	; 0
   0417 00                 1092 	.db #0x00	; 0
   0418 00                 1093 	.db #0x00	; 0
   0419 00                 1094 	.db #0x00	; 0
   041A 03                 1095 	.db #0x03	; 3
   041B 06                 1096 	.db #0x06	; 6
   041C 03                 1097 	.db #0x03	; 3
   041D 00                 1098 	.db #0x00	; 0
   041E 00                 1099 	.db #0x00	; 0
   041F 00                 1100 	.db #0x00	; 0
   0420 00                 1101 	.db #0x00	; 0
   0421 00                 1102 	.db #0x00	; 0
   0422 00                 1103 	.db #0x00	; 0
   0423 00                 1104 	.db #0x00	; 0
   0424 00                 1105 	.db #0x00	; 0
   0425 00                 1106 	.db #0x00	; 0
   0426 00                 1107 	.db #0x00	; 0
   0427 0D                 1108 	.db #0x0D	; 13
   0428 00                 1109 	.db #0x00	; 0
   0429 00                 1110 	.db #0x00	; 0
   042A 00                 1111 	.db #0x00	; 0
   042B 00                 1112 	.db #0x00	; 0
   042C 00                 1113 	.db #0x00	; 0
   042D 00                 1114 	.db #0x00	; 0
   042E 00                 1115 	.db #0x00	; 0
   042F 00                 1116 	.db #0x00	; 0
   0430 00                 1117 	.db #0x00	; 0
   0431 00                 1118 	.db #0x00	; 0
   0432 00                 1119 	.db #0x00	; 0
   0433 00                 1120 	.db #0x00	; 0
   0434 00                 1121 	.db #0x00	; 0
   0435 00                 1122 	.db #0x00	; 0
   0436 00                 1123 	.db #0x00	; 0
   0437 03                 1124 	.db #0x03	; 3
   0438 00                 1125 	.db #0x00	; 0
   0439 00                 1126 	.db #0x00	; 0
   043A 03                 1127 	.db #0x03	; 3
   043B 06                 1128 	.db #0x06	; 6
   043C 03                 1129 	.db #0x03	; 3
   043D 00                 1130 	.db #0x00	; 0
   043E 00                 1131 	.db #0x00	; 0
   043F 00                 1132 	.db #0x00	; 0
   0440 00                 1133 	.db #0x00	; 0
   0441 00                 1134 	.db #0x00	; 0
   0442 00                 1135 	.db #0x00	; 0
   0443 03                 1136 	.db #0x03	; 3
   0444 00                 1137 	.db #0x00	; 0
   0445 00                 1138 	.db #0x00	; 0
   0446 00                 1139 	.db #0x00	; 0
   0447 00                 1140 	.db #0x00	; 0
   0448 00                 1141 	.db #0x00	; 0
   0449 00                 1142 	.db #0x00	; 0
   044A 00                 1143 	.db #0x00	; 0
   044B 00                 1144 	.db #0x00	; 0
   044C 00                 1145 	.db #0x00	; 0
   044D 00                 1146 	.db #0x00	; 0
   044E 00                 1147 	.db #0x00	; 0
   044F 0D                 1148 	.db #0x0D	; 13
   0450 0D                 1149 	.db #0x0D	; 13
   0451 0D                 1150 	.db #0x0D	; 13
   0452 00                 1151 	.db #0x00	; 0
   0453 00                 1152 	.db #0x00	; 0
   0454 00                 1153 	.db #0x00	; 0
   0455 00                 1154 	.db #0x00	; 0
   0456 00                 1155 	.db #0x00	; 0
   0457 00                 1156 	.db #0x00	; 0
   0458 00                 1157 	.db #0x00	; 0
   0459 00                 1158 	.db #0x00	; 0
   045A 00                 1159 	.db #0x00	; 0
   045B 00                 1160 	.db #0x00	; 0
   045C 00                 1161 	.db #0x00	; 0
   045D 00                 1162 	.db #0x00	; 0
   045E 00                 1163 	.db #0x00	; 0
   045F 00                 1164 	.db #0x00	; 0
   0460 00                 1165 	.db #0x00	; 0
   0461 03                 1166 	.db #0x03	; 3
   0462 06                 1167 	.db #0x06	; 6
   0463 06                 1168 	.db #0x06	; 6
   0464 06                 1169 	.db #0x06	; 6
   0465 03                 1170 	.db #0x03	; 3
   0466 00                 1171 	.db #0x00	; 0
   0467 00                 1172 	.db #0x00	; 0
   0468 00                 1173 	.db #0x00	; 0
   0469 00                 1174 	.db #0x00	; 0
   046A 00                 1175 	.db #0x00	; 0
   046B 00                 1176 	.db #0x00	; 0
   046C 00                 1177 	.db #0x00	; 0
   046D 00                 1178 	.db #0x00	; 0
   046E 00                 1179 	.db #0x00	; 0
   046F 00                 1180 	.db #0x00	; 0
   0470 00                 1181 	.db #0x00	; 0
   0471 00                 1182 	.db #0x00	; 0
   0472 00                 1183 	.db #0x00	; 0
   0473 00                 1184 	.db #0x00	; 0
   0474 00                 1185 	.db #0x00	; 0
   0475 00                 1186 	.db #0x00	; 0
   0476 00                 1187 	.db #0x00	; 0
   0477 00                 1188 	.db #0x00	; 0
   0478 00                 1189 	.db #0x00	; 0
   0479 0D                 1190 	.db #0x0D	; 13
   047A 00                 1191 	.db #0x00	; 0
   047B 00                 1192 	.db #0x00	; 0
   047C 00                 1193 	.db #0x00	; 0
   047D 00                 1194 	.db #0x00	; 0
   047E 00                 1195 	.db #0x00	; 0
   047F 00                 1196 	.db #0x00	; 0
   0480 00                 1197 	.db #0x00	; 0
   0481 00                 1198 	.db #0x00	; 0
   0482 00                 1199 	.db #0x00	; 0
   0483 00                 1200 	.db #0x00	; 0
   0484 00                 1201 	.db #0x00	; 0
   0485 00                 1202 	.db #0x00	; 0
   0486 00                 1203 	.db #0x00	; 0
   0487 00                 1204 	.db #0x00	; 0
   0488 00                 1205 	.db #0x00	; 0
   0489 03                 1206 	.db #0x03	; 3
   048A 06                 1207 	.db #0x06	; 6
   048B 06                 1208 	.db #0x06	; 6
   048C 06                 1209 	.db #0x06	; 6
   048D 03                 1210 	.db #0x03	; 3
   048E 00                 1211 	.db #0x00	; 0
   048F 00                 1212 	.db #0x00	; 0
   0490 00                 1213 	.db #0x00	; 0
   0491 00                 1214 	.db #0x00	; 0
   0492 00                 1215 	.db #0x00	; 0
   0493 00                 1216 	.db #0x00	; 0
   0494 00                 1217 	.db #0x00	; 0
   0495 00                 1218 	.db #0x00	; 0
   0496 00                 1219 	.db #0x00	; 0
   0497 00                 1220 	.db #0x00	; 0
   0498 00                 1221 	.db #0x00	; 0
   0499 00                 1222 	.db #0x00	; 0
   049A 00                 1223 	.db #0x00	; 0
   049B 00                 1224 	.db #0x00	; 0
   049C 00                 1225 	.db #0x00	; 0
   049D 00                 1226 	.db #0x00	; 0
   049E 00                 1227 	.db #0x00	; 0
   049F 00                 1228 	.db #0x00	; 0
   04A0 00                 1229 	.db #0x00	; 0
   04A1 0D                 1230 	.db #0x0D	; 13
   04A2 00                 1231 	.db #0x00	; 0
   04A3 00                 1232 	.db #0x00	; 0
   04A4 00                 1233 	.db #0x00	; 0
   04A5 00                 1234 	.db #0x00	; 0
   04A6 00                 1235 	.db #0x00	; 0
   04A7 00                 1236 	.db #0x00	; 0
   04A8 00                 1237 	.db #0x00	; 0
   04A9 00                 1238 	.db #0x00	; 0
   04AA 00                 1239 	.db #0x00	; 0
   04AB 00                 1240 	.db #0x00	; 0
   04AC 00                 1241 	.db #0x00	; 0
   04AD 00                 1242 	.db #0x00	; 0
   04AE 00                 1243 	.db #0x00	; 0
   04AF 00                 1244 	.db #0x00	; 0
   04B0 0D                 1245 	.db #0x0D	; 13
   04B1 0D                 1246 	.db #0x0D	; 13
   04B2 0D                 1247 	.db #0x0D	; 13
   04B3 0D                 1248 	.db #0x0D	; 13
   04B4 0D                 1249 	.db #0x0D	; 13
   04B5 0D                 1250 	.db #0x0D	; 13
   04B6 0D                 1251 	.db #0x0D	; 13
   04B7 0D                 1252 	.db #0x0D	; 13
   04B8 0D                 1253 	.db #0x0D	; 13
   04B9 0D                 1254 	.db #0x0D	; 13
   04BA 0D                 1255 	.db #0x0D	; 13
   04BB 0D                 1256 	.db #0x0D	; 13
   04BC 0D                 1257 	.db #0x0D	; 13
   04BD 0D                 1258 	.db #0x0D	; 13
   04BE 0D                 1259 	.db #0x0D	; 13
   04BF 0D                 1260 	.db #0x0D	; 13
   04C0 0D                 1261 	.db #0x0D	; 13
   04C1 0D                 1262 	.db #0x0D	; 13
   04C2 0D                 1263 	.db #0x0D	; 13
   04C3 0D                 1264 	.db #0x0D	; 13
   04C4 0D                 1265 	.db #0x0D	; 13
   04C5 0D                 1266 	.db #0x0D	; 13
   04C6 0D                 1267 	.db #0x0D	; 13
   04C7 0D                 1268 	.db #0x0D	; 13
   04C8 0D                 1269 	.db #0x0D	; 13
   04C9 0D                 1270 	.db #0x0D	; 13
   04CA 0D                 1271 	.db #0x0D	; 13
   04CB 0D                 1272 	.db #0x0D	; 13
   04CC 0D                 1273 	.db #0x0D	; 13
   04CD 0D                 1274 	.db #0x0D	; 13
   04CE 0D                 1275 	.db #0x0D	; 13
   04CF 0D                 1276 	.db #0x0D	; 13
   04D0 0D                 1277 	.db #0x0D	; 13
   04D1 0D                 1278 	.db #0x0D	; 13
   04D2 0D                 1279 	.db #0x0D	; 13
   04D3 0D                 1280 	.db #0x0D	; 13
   04D4 0D                 1281 	.db #0x0D	; 13
   04D5 0D                 1282 	.db #0x0D	; 13
   04D6 0D                 1283 	.db #0x0D	; 13
   04D7 0D                 1284 	.db #0x0D	; 13
   04D8 0D                 1285 	.db #0x0D	; 13
   04D9 0D                 1286 	.db #0x0D	; 13
   04DA 0D                 1287 	.db #0x0D	; 13
   04DB 0D                 1288 	.db #0x0D	; 13
   04DC 0D                 1289 	.db #0x0D	; 13
   04DD 0D                 1290 	.db #0x0D	; 13
   04DE 0D                 1291 	.db #0x0D	; 13
   04DF 0D                 1292 	.db #0x0D	; 13
   04E0 0D                 1293 	.db #0x0D	; 13
   04E1 0D                 1294 	.db #0x0D	; 13
   04E2 0D                 1295 	.db #0x0D	; 13
   04E3 0D                 1296 	.db #0x0D	; 13
   04E4 0D                 1297 	.db #0x0D	; 13
   04E5 0D                 1298 	.db #0x0D	; 13
   04E6 0D                 1299 	.db #0x0D	; 13
   04E7 0D                 1300 	.db #0x0D	; 13
   04E8 0D                 1301 	.db #0x0D	; 13
   04E9 0D                 1302 	.db #0x0D	; 13
   04EA 0D                 1303 	.db #0x0D	; 13
   04EB 0D                 1304 	.db #0x0D	; 13
   04EC 0D                 1305 	.db #0x0D	; 13
   04ED 0D                 1306 	.db #0x0D	; 13
   04EE 0D                 1307 	.db #0x0D	; 13
   04EF 0D                 1308 	.db #0x0D	; 13
   04F0 0D                 1309 	.db #0x0D	; 13
   04F1 0D                 1310 	.db #0x0D	; 13
   04F2 0D                 1311 	.db #0x0D	; 13
   04F3 0D                 1312 	.db #0x0D	; 13
   04F4 0D                 1313 	.db #0x0D	; 13
   04F5 0D                 1314 	.db #0x0D	; 13
   04F6 0D                 1315 	.db #0x0D	; 13
   04F7 0D                 1316 	.db #0x0D	; 13
   04F8 0D                 1317 	.db #0x0D	; 13
   04F9 0D                 1318 	.db #0x0D	; 13
   04FA 0D                 1319 	.db #0x0D	; 13
   04FB 0D                 1320 	.db #0x0D	; 13
   04FC 0D                 1321 	.db #0x0D	; 13
   04FD 0D                 1322 	.db #0x0D	; 13
   04FE 0D                 1323 	.db #0x0D	; 13
   04FF 0D                 1324 	.db #0x0D	; 13
   0500 0D                 1325 	.db #0x0D	; 13
   0501 0D                 1326 	.db #0x0D	; 13
   0502 0D                 1327 	.db #0x0D	; 13
   0503 0D                 1328 	.db #0x0D	; 13
   0504 0D                 1329 	.db #0x0D	; 13
   0505 0D                 1330 	.db #0x0D	; 13
   0506 0D                 1331 	.db #0x0D	; 13
   0507 0D                 1332 	.db #0x0D	; 13
   0508 0D                 1333 	.db #0x0D	; 13
   0509 0D                 1334 	.db #0x0D	; 13
   050A 0D                 1335 	.db #0x0D	; 13
   050B 0D                 1336 	.db #0x0D	; 13
   050C 0D                 1337 	.db #0x0D	; 13
   050D 0D                 1338 	.db #0x0D	; 13
   050E 0D                 1339 	.db #0x0D	; 13
   050F 0D                 1340 	.db #0x0D	; 13
   0510 0D                 1341 	.db #0x0D	; 13
   0511 0D                 1342 	.db #0x0D	; 13
   0512 0D                 1343 	.db #0x0D	; 13
   0513 0D                 1344 	.db #0x0D	; 13
   0514 0D                 1345 	.db #0x0D	; 13
   0515 0D                 1346 	.db #0x0D	; 13
   0516 0D                 1347 	.db #0x0D	; 13
   0517 0D                 1348 	.db #0x0D	; 13
   0518 0D                 1349 	.db #0x0D	; 13
   0519 0D                 1350 	.db #0x0D	; 13
   051A 0D                 1351 	.db #0x0D	; 13
   051B 0D                 1352 	.db #0x0D	; 13
   051C 0D                 1353 	.db #0x0D	; 13
   051D 0D                 1354 	.db #0x0D	; 13
   051E 0D                 1355 	.db #0x0D	; 13
   051F 0D                 1356 	.db #0x0D	; 13
   0520 0D                 1357 	.db #0x0D	; 13
   0521 0D                 1358 	.db #0x0D	; 13
   0522 0D                 1359 	.db #0x0D	; 13
   0523 0D                 1360 	.db #0x0D	; 13
   0524 0D                 1361 	.db #0x0D	; 13
   0525 0D                 1362 	.db #0x0D	; 13
   0526 0D                 1363 	.db #0x0D	; 13
   0527 0D                 1364 	.db #0x0D	; 13
                           1365 	.area _INITIALIZER
                           1366 	.area _CABS (ABS)
