                              1 ;--------------------------------------------------------
                              2 ; File Created by SDCC : free open source ANSI-C Compiler
                              3 ; Version 3.5.5 #9498 (CYGWIN)
                              4 ;--------------------------------------------------------
                              5 	.module borracho
                              6 	.optsdcc -mz80
                              7 	
                              8 ;--------------------------------------------------------
                              9 ; Public variables in this module
                             10 ;--------------------------------------------------------
                             11 	.globl _g_borracho_7
                             12 	.globl _g_borracho_6
                             13 	.globl _g_borracho_5
                             14 	.globl _g_borracho_4
                             15 	.globl _g_borracho_3
                             16 	.globl _g_borracho_2
                             17 	.globl _g_borracho_1
                             18 	.globl _g_borracho_0
                             19 ;--------------------------------------------------------
                             20 ; special function registers
                             21 ;--------------------------------------------------------
                             22 ;--------------------------------------------------------
                             23 ; ram data
                             24 ;--------------------------------------------------------
                             25 	.area _DATA
                             26 ;--------------------------------------------------------
                             27 ; ram data
                             28 ;--------------------------------------------------------
                             29 	.area _INITIALIZED
                             30 ;--------------------------------------------------------
                             31 ; absolute external ram data
                             32 ;--------------------------------------------------------
                             33 	.area _DABS (ABS)
                             34 ;--------------------------------------------------------
                             35 ; global & static initialisations
                             36 ;--------------------------------------------------------
                             37 	.area _HOME
                             38 	.area _GSINIT
                             39 	.area _GSFINAL
                             40 	.area _GSINIT
                             41 ;--------------------------------------------------------
                             42 ; Home
                             43 ;--------------------------------------------------------
                             44 	.area _HOME
                             45 	.area _HOME
                             46 ;--------------------------------------------------------
                             47 ; code
                             48 ;--------------------------------------------------------
                             49 	.area _CODE
                             50 	.area _CODE
   0000                      51 _g_borracho_0:
   0000 00                   52 	.db #0x00	; 0
   0001 00                   53 	.db #0x00	; 0
   0002 00                   54 	.db #0x00	; 0
   0003 C3                   55 	.db #0xC3	; 195
   0004 C3                   56 	.db #0xC3	; 195
   0005 C3                   57 	.db #0xC3	; 195
   0006 00                   58 	.db #0x00	; 0
   0007 00                   59 	.db #0x00	; 0
   0008 00                   60 	.db #0x00	; 0
   0009 00                   61 	.db #0x00	; 0
   000A 41                   62 	.db #0x41	; 65	'A'
   000B C3                   63 	.db #0xC3	; 195
   000C C3                   64 	.db #0xC3	; 195
   000D C3                   65 	.db #0xC3	; 195
   000E C3                   66 	.db #0xC3	; 195
   000F 00                   67 	.db #0x00	; 0
   0010 00                   68 	.db #0x00	; 0
   0011 00                   69 	.db #0x00	; 0
   0012 C3                   70 	.db #0xC3	; 195
   0013 C3                   71 	.db #0xC3	; 195
   0014 C3                   72 	.db #0xC3	; 195
   0015 C3                   73 	.db #0xC3	; 195
   0016 C3                   74 	.db #0xC3	; 195
   0017 82                   75 	.db #0x82	; 130
   0018 00                   76 	.db #0x00	; 0
   0019 41                   77 	.db #0x41	; 65	'A'
   001A C3                   78 	.db #0xC3	; 195
   001B 97                   79 	.db #0x97	; 151
   001C 3F                   80 	.db #0x3F	; 63
   001D 6B                   81 	.db #0x6B	; 107	'k'
   001E C3                   82 	.db #0xC3	; 195
   001F 00                   83 	.db #0x00	; 0
   0020 00                   84 	.db #0x00	; 0
   0021 41                   85 	.db #0x41	; 65	'A'
   0022 C3                   86 	.db #0xC3	; 195
   0023 7F                   87 	.db #0x7F	; 127
   0024 BF                   88 	.db #0xBF	; 191
   0025 FF                   89 	.db #0xFF	; 255
   0026 2A                   90 	.db #0x2A	; 42
   0027 00                   91 	.db #0x00	; 0
   0028 00                   92 	.db #0x00	; 0
   0029 41                   93 	.db #0x41	; 65	'A'
   002A C3                   94 	.db #0xC3	; 195
   002B 7F                   95 	.db #0x7F	; 127
   002C 15                   96 	.db #0x15	; 21
   002D AA                   97 	.db #0xAA	; 170
   002E 2A                   98 	.db #0x2A	; 42
   002F 00                   99 	.db #0x00	; 0
   0030 00                  100 	.db #0x00	; 0
   0031 41                  101 	.db #0x41	; 65	'A'
   0032 97                  102 	.db #0x97	; 151
   0033 7F                  103 	.db #0x7F	; 127
   0034 BF                  104 	.db #0xBF	; 191
   0035 FF                  105 	.db #0xFF	; 255
   0036 2A                  106 	.db #0x2A	; 42
   0037 00                  107 	.db #0x00	; 0
   0038 00                  108 	.db #0x00	; 0
   0039 00                  109 	.db #0x00	; 0
   003A 97                  110 	.db #0x97	; 151
   003B 3F                  111 	.db #0x3F	; 63
   003C 3F                  112 	.db #0x3F	; 63
   003D 3F                  113 	.db #0x3F	; 63
   003E 2A                  114 	.db #0x2A	; 42
   003F 00                  115 	.db #0x00	; 0
   0040 00                  116 	.db #0x00	; 0
   0041 00                  117 	.db #0x00	; 0
   0042 15                  118 	.db #0x15	; 21
   0043 3F                  119 	.db #0x3F	; 63
   0044 2A                  120 	.db #0x2A	; 42
   0045 15                  121 	.db #0x15	; 21
   0046 2A                  122 	.db #0x2A	; 42
   0047 00                  123 	.db #0x00	; 0
   0048 00                  124 	.db #0x00	; 0
   0049 00                  125 	.db #0x00	; 0
   004A 00                  126 	.db #0x00	; 0
   004B 3F                  127 	.db #0x3F	; 63
   004C 3F                  128 	.db #0x3F	; 63
   004D 3F                  129 	.db #0x3F	; 63
   004E 00                  130 	.db #0x00	; 0
   004F 00                  131 	.db #0x00	; 0
   0050 00                  132 	.db #0x00	; 0
   0051 00                  133 	.db #0x00	; 0
   0052 00                  134 	.db #0x00	; 0
   0053 3F                  135 	.db #0x3F	; 63
   0054 3F                  136 	.db #0x3F	; 63
   0055 00                  137 	.db #0x00	; 0
   0056 00                  138 	.db #0x00	; 0
   0057 00                  139 	.db #0x00	; 0
   0058 00                  140 	.db #0x00	; 0
   0059 00                  141 	.db #0x00	; 0
   005A 3F                  142 	.db #0x3F	; 63
   005B F0                  143 	.db #0xF0	; 240
   005C F0                  144 	.db #0xF0	; 240
   005D 3F                  145 	.db #0x3F	; 63
   005E 00                  146 	.db #0x00	; 0
   005F 00                  147 	.db #0x00	; 0
   0060 00                  148 	.db #0x00	; 0
   0061 15                  149 	.db #0x15	; 21
   0062 7A                  150 	.db #0x7A	; 122	'z'
   0063 F0                  151 	.db #0xF0	; 240
   0064 F0                  152 	.db #0xF0	; 240
   0065 B5                  153 	.db #0xB5	; 181
   0066 2A                  154 	.db #0x2A	; 42
   0067 00                  155 	.db #0x00	; 0
   0068 00                  156 	.db #0x00	; 0
   0069 15                  157 	.db #0x15	; 21
   006A 7A                  158 	.db #0x7A	; 122	'z'
   006B B5                  159 	.db #0xB5	; 181
   006C 7A                  160 	.db #0x7A	; 122	'z'
   006D B5                  161 	.db #0xB5	; 181
   006E 2A                  162 	.db #0x2A	; 42
   006F 00                  163 	.db #0x00	; 0
   0070 00                  164 	.db #0x00	; 0
   0071 15                  165 	.db #0x15	; 21
   0072 7A                  166 	.db #0x7A	; 122	'z'
   0073 B5                  167 	.db #0xB5	; 181
   0074 7A                  168 	.db #0x7A	; 122	'z'
   0075 B5                  169 	.db #0xB5	; 181
   0076 2A                  170 	.db #0x2A	; 42
   0077 00                  171 	.db #0x00	; 0
   0078 00                  172 	.db #0x00	; 0
   0079 15                  173 	.db #0x15	; 21
   007A 7A                  174 	.db #0x7A	; 122	'z'
   007B F0                  175 	.db #0xF0	; 240
   007C F0                  176 	.db #0xF0	; 240
   007D B5                  177 	.db #0xB5	; 181
   007E 2A                  178 	.db #0x2A	; 42
   007F 00                  179 	.db #0x00	; 0
   0080 00                  180 	.db #0x00	; 0
   0081 15                  181 	.db #0x15	; 21
   0082 7A                  182 	.db #0x7A	; 122	'z'
   0083 F0                  183 	.db #0xF0	; 240
   0084 F0                  184 	.db #0xF0	; 240
   0085 B5                  185 	.db #0xB5	; 181
   0086 2A                  186 	.db #0x2A	; 42
   0087 00                  187 	.db #0x00	; 0
   0088 00                  188 	.db #0x00	; 0
   0089 15                  189 	.db #0x15	; 21
   008A 3F                  190 	.db #0x3F	; 63
   008B F0                  191 	.db #0xF0	; 240
   008C F0                  192 	.db #0xF0	; 240
   008D 3F                  193 	.db #0x3F	; 63
   008E 2A                  194 	.db #0x2A	; 42
   008F 00                  195 	.db #0x00	; 0
   0090 00                  196 	.db #0x00	; 0
   0091 15                  197 	.db #0x15	; 21
   0092 3F                  198 	.db #0x3F	; 63
   0093 F0                  199 	.db #0xF0	; 240
   0094 F0                  200 	.db #0xF0	; 240
   0095 3F                  201 	.db #0x3F	; 63
   0096 2A                  202 	.db #0x2A	; 42
   0097 00                  203 	.db #0x00	; 0
   0098 00                  204 	.db #0x00	; 0
   0099 15                  205 	.db #0x15	; 21
   009A 7A                  206 	.db #0x7A	; 122	'z'
   009B F0                  207 	.db #0xF0	; 240
   009C F0                  208 	.db #0xF0	; 240
   009D B5                  209 	.db #0xB5	; 181
   009E 2A                  210 	.db #0x2A	; 42
   009F 00                  211 	.db #0x00	; 0
   00A0 00                  212 	.db #0x00	; 0
   00A1 00                  213 	.db #0x00	; 0
   00A2 44                  214 	.db #0x44	; 68	'D'
   00A3 88                  215 	.db #0x88	; 136
   00A4 54                  216 	.db #0x54	; 84	'T'
   00A5 A8                  217 	.db #0xA8	; 168
   00A6 00                  218 	.db #0x00	; 0
   00A7 00                  219 	.db #0x00	; 0
   00A8 00                  220 	.db #0x00	; 0
   00A9 00                  221 	.db #0x00	; 0
   00AA 44                  222 	.db #0x44	; 68	'D'
   00AB 88                  223 	.db #0x88	; 136
   00AC 54                  224 	.db #0x54	; 84	'T'
   00AD A8                  225 	.db #0xA8	; 168
   00AE 00                  226 	.db #0x00	; 0
   00AF 00                  227 	.db #0x00	; 0
   00B0 00                  228 	.db #0x00	; 0
   00B1 00                  229 	.db #0x00	; 0
   00B2 44                  230 	.db #0x44	; 68	'D'
   00B3 88                  231 	.db #0x88	; 136
   00B4 54                  232 	.db #0x54	; 84	'T'
   00B5 A8                  233 	.db #0xA8	; 168
   00B6 00                  234 	.db #0x00	; 0
   00B7 00                  235 	.db #0x00	; 0
   00B8 00                  236 	.db #0x00	; 0
   00B9 00                  237 	.db #0x00	; 0
   00BA 44                  238 	.db #0x44	; 68	'D'
   00BB 88                  239 	.db #0x88	; 136
   00BC 54                  240 	.db #0x54	; 84	'T'
   00BD A8                  241 	.db #0xA8	; 168
   00BE 00                  242 	.db #0x00	; 0
   00BF 00                  243 	.db #0x00	; 0
   00C0 00                  244 	.db #0x00	; 0
   00C1 00                  245 	.db #0x00	; 0
   00C2 44                  246 	.db #0x44	; 68	'D'
   00C3 88                  247 	.db #0x88	; 136
   00C4 54                  248 	.db #0x54	; 84	'T'
   00C5 A8                  249 	.db #0xA8	; 168
   00C6 00                  250 	.db #0x00	; 0
   00C7 00                  251 	.db #0x00	; 0
   00C8 00                  252 	.db #0x00	; 0
   00C9 00                  253 	.db #0x00	; 0
   00CA CC                  254 	.db #0xCC	; 204
   00CB 88                  255 	.db #0x88	; 136
   00CC 54                  256 	.db #0x54	; 84	'T'
   00CD FC                  257 	.db #0xFC	; 252
   00CE 00                  258 	.db #0x00	; 0
   00CF 00                  259 	.db #0x00	; 0
   00D0 00                  260 	.db #0x00	; 0
   00D1 44                  261 	.db #0x44	; 68	'D'
   00D2 CC                  262 	.db #0xCC	; 204
   00D3 88                  263 	.db #0x88	; 136
   00D4 54                  264 	.db #0x54	; 84	'T'
   00D5 FC                  265 	.db #0xFC	; 252
   00D6 A8                  266 	.db #0xA8	; 168
   00D7 00                  267 	.db #0x00	; 0
   00D8                     268 _g_borracho_1:
   00D8 00                  269 	.db #0x00	; 0
   00D9 00                  270 	.db #0x00	; 0
   00DA 00                  271 	.db #0x00	; 0
   00DB C3                  272 	.db #0xC3	; 195
   00DC C3                  273 	.db #0xC3	; 195
   00DD C3                  274 	.db #0xC3	; 195
   00DE 00                  275 	.db #0x00	; 0
   00DF 00                  276 	.db #0x00	; 0
   00E0 00                  277 	.db #0x00	; 0
   00E1 00                  278 	.db #0x00	; 0
   00E2 41                  279 	.db #0x41	; 65	'A'
   00E3 C3                  280 	.db #0xC3	; 195
   00E4 C3                  281 	.db #0xC3	; 195
   00E5 C3                  282 	.db #0xC3	; 195
   00E6 C3                  283 	.db #0xC3	; 195
   00E7 00                  284 	.db #0x00	; 0
   00E8 00                  285 	.db #0x00	; 0
   00E9 00                  286 	.db #0x00	; 0
   00EA C3                  287 	.db #0xC3	; 195
   00EB C3                  288 	.db #0xC3	; 195
   00EC C3                  289 	.db #0xC3	; 195
   00ED C3                  290 	.db #0xC3	; 195
   00EE C3                  291 	.db #0xC3	; 195
   00EF 82                  292 	.db #0x82	; 130
   00F0 00                  293 	.db #0x00	; 0
   00F1 41                  294 	.db #0x41	; 65	'A'
   00F2 C3                  295 	.db #0xC3	; 195
   00F3 97                  296 	.db #0x97	; 151
   00F4 3F                  297 	.db #0x3F	; 63
   00F5 3F                  298 	.db #0x3F	; 63
   00F6 82                  299 	.db #0x82	; 130
   00F7 00                  300 	.db #0x00	; 0
   00F8 00                  301 	.db #0x00	; 0
   00F9 41                  302 	.db #0x41	; 65	'A'
   00FA C3                  303 	.db #0xC3	; 195
   00FB 3F                  304 	.db #0x3F	; 63
   00FC FF                  305 	.db #0xFF	; 255
   00FD 7F                  306 	.db #0x7F	; 127
   00FE AA                  307 	.db #0xAA	; 170
   00FF 00                  308 	.db #0x00	; 0
   0100 00                  309 	.db #0x00	; 0
   0101 41                  310 	.db #0x41	; 65	'A'
   0102 C3                  311 	.db #0xC3	; 195
   0103 3F                  312 	.db #0x3F	; 63
   0104 AA                  313 	.db #0xAA	; 170
   0105 7F                  314 	.db #0x7F	; 127
   0106 00                  315 	.db #0x00	; 0
   0107 00                  316 	.db #0x00	; 0
   0108 00                  317 	.db #0x00	; 0
   0109 41                  318 	.db #0x41	; 65	'A'
   010A C3                  319 	.db #0xC3	; 195
   010B 3F                  320 	.db #0x3F	; 63
   010C FF                  321 	.db #0xFF	; 255
   010D 7F                  322 	.db #0x7F	; 127
   010E AA                  323 	.db #0xAA	; 170
   010F 00                  324 	.db #0x00	; 0
   0110 00                  325 	.db #0x00	; 0
   0111 00                  326 	.db #0x00	; 0
   0112 97                  327 	.db #0x97	; 151
   0113 3F                  328 	.db #0x3F	; 63
   0114 3F                  329 	.db #0x3F	; 63
   0115 3F                  330 	.db #0x3F	; 63
   0116 2A                  331 	.db #0x2A	; 42
   0117 00                  332 	.db #0x00	; 0
   0118 00                  333 	.db #0x00	; 0
   0119 00                  334 	.db #0x00	; 0
   011A 15                  335 	.db #0x15	; 21
   011B 3F                  336 	.db #0x3F	; 63
   011C 2A                  337 	.db #0x2A	; 42
   011D 15                  338 	.db #0x15	; 21
   011E 2A                  339 	.db #0x2A	; 42
   011F 00                  340 	.db #0x00	; 0
   0120 00                  341 	.db #0x00	; 0
   0121 00                  342 	.db #0x00	; 0
   0122 00                  343 	.db #0x00	; 0
   0123 3F                  344 	.db #0x3F	; 63
   0124 3F                  345 	.db #0x3F	; 63
   0125 3F                  346 	.db #0x3F	; 63
   0126 00                  347 	.db #0x00	; 0
   0127 00                  348 	.db #0x00	; 0
   0128 00                  349 	.db #0x00	; 0
   0129 00                  350 	.db #0x00	; 0
   012A 00                  351 	.db #0x00	; 0
   012B 3F                  352 	.db #0x3F	; 63
   012C 3F                  353 	.db #0x3F	; 63
   012D 00                  354 	.db #0x00	; 0
   012E 00                  355 	.db #0x00	; 0
   012F 00                  356 	.db #0x00	; 0
   0130 00                  357 	.db #0x00	; 0
   0131 00                  358 	.db #0x00	; 0
   0132 15                  359 	.db #0x15	; 21
   0133 F0                  360 	.db #0xF0	; 240
   0134 F0                  361 	.db #0xF0	; 240
   0135 2A                  362 	.db #0x2A	; 42
   0136 00                  363 	.db #0x00	; 0
   0137 00                  364 	.db #0x00	; 0
   0138 00                  365 	.db #0x00	; 0
   0139 00                  366 	.db #0x00	; 0
   013A 3F                  367 	.db #0x3F	; 63
   013B F0                  368 	.db #0xF0	; 240
   013C F0                  369 	.db #0xF0	; 240
   013D B5                  370 	.db #0xB5	; 181
   013E 00                  371 	.db #0x00	; 0
   013F 00                  372 	.db #0x00	; 0
   0140 00                  373 	.db #0x00	; 0
   0141 00                  374 	.db #0x00	; 0
   0142 3F                  375 	.db #0x3F	; 63
   0143 B5                  376 	.db #0xB5	; 181
   0144 7A                  377 	.db #0x7A	; 122	'z'
   0145 B5                  378 	.db #0xB5	; 181
   0146 00                  379 	.db #0x00	; 0
   0147 00                  380 	.db #0x00	; 0
   0148 00                  381 	.db #0x00	; 0
   0149 00                  382 	.db #0x00	; 0
   014A 3F                  383 	.db #0x3F	; 63
   014B B5                  384 	.db #0xB5	; 181
   014C 7A                  385 	.db #0x7A	; 122	'z'
   014D B5                  386 	.db #0xB5	; 181
   014E 00                  387 	.db #0x00	; 0
   014F 00                  388 	.db #0x00	; 0
   0150 00                  389 	.db #0x00	; 0
   0151 00                  390 	.db #0x00	; 0
   0152 3F                  391 	.db #0x3F	; 63
   0153 F0                  392 	.db #0xF0	; 240
   0154 F0                  393 	.db #0xF0	; 240
   0155 B5                  394 	.db #0xB5	; 181
   0156 00                  395 	.db #0x00	; 0
   0157 00                  396 	.db #0x00	; 0
   0158 00                  397 	.db #0x00	; 0
   0159 00                  398 	.db #0x00	; 0
   015A 3F                  399 	.db #0x3F	; 63
   015B F0                  400 	.db #0xF0	; 240
   015C F0                  401 	.db #0xF0	; 240
   015D B5                  402 	.db #0xB5	; 181
   015E 00                  403 	.db #0x00	; 0
   015F 00                  404 	.db #0x00	; 0
   0160 00                  405 	.db #0x00	; 0
   0161 00                  406 	.db #0x00	; 0
   0162 3F                  407 	.db #0x3F	; 63
   0163 3F                  408 	.db #0x3F	; 63
   0164 F0                  409 	.db #0xF0	; 240
   0165 B5                  410 	.db #0xB5	; 181
   0166 2A                  411 	.db #0x2A	; 42
   0167 00                  412 	.db #0x00	; 0
   0168 00                  413 	.db #0x00	; 0
   0169 00                  414 	.db #0x00	; 0
   016A 15                  415 	.db #0x15	; 21
   016B 3F                  416 	.db #0x3F	; 63
   016C F0                  417 	.db #0xF0	; 240
   016D B5                  418 	.db #0xB5	; 181
   016E 2A                  419 	.db #0x2A	; 42
   016F 00                  420 	.db #0x00	; 0
   0170 00                  421 	.db #0x00	; 0
   0171 00                  422 	.db #0x00	; 0
   0172 50                  423 	.db #0x50	; 80	'P'
   0173 F0                  424 	.db #0xF0	; 240
   0174 F0                  425 	.db #0xF0	; 240
   0175 A0                  426 	.db #0xA0	; 160
   0176 00                  427 	.db #0x00	; 0
   0177 00                  428 	.db #0x00	; 0
   0178 00                  429 	.db #0x00	; 0
   0179 00                  430 	.db #0x00	; 0
   017A 44                  431 	.db #0x44	; 68	'D'
   017B 88                  432 	.db #0x88	; 136
   017C 54                  433 	.db #0x54	; 84	'T'
   017D A8                  434 	.db #0xA8	; 168
   017E 00                  435 	.db #0x00	; 0
   017F 00                  436 	.db #0x00	; 0
   0180 00                  437 	.db #0x00	; 0
   0181 00                  438 	.db #0x00	; 0
   0182 44                  439 	.db #0x44	; 68	'D'
   0183 88                  440 	.db #0x88	; 136
   0184 54                  441 	.db #0x54	; 84	'T'
   0185 A8                  442 	.db #0xA8	; 168
   0186 00                  443 	.db #0x00	; 0
   0187 00                  444 	.db #0x00	; 0
   0188 00                  445 	.db #0x00	; 0
   0189 44                  446 	.db #0x44	; 68	'D'
   018A CC                  447 	.db #0xCC	; 204
   018B 88                  448 	.db #0x88	; 136
   018C 54                  449 	.db #0x54	; 84	'T'
   018D A8                  450 	.db #0xA8	; 168
   018E 00                  451 	.db #0x00	; 0
   018F 00                  452 	.db #0x00	; 0
   0190 00                  453 	.db #0x00	; 0
   0191 44                  454 	.db #0x44	; 68	'D'
   0192 CC                  455 	.db #0xCC	; 204
   0193 00                  456 	.db #0x00	; 0
   0194 54                  457 	.db #0x54	; 84	'T'
   0195 A8                  458 	.db #0xA8	; 168
   0196 00                  459 	.db #0x00	; 0
   0197 00                  460 	.db #0x00	; 0
   0198 00                  461 	.db #0x00	; 0
   0199 44                  462 	.db #0x44	; 68	'D'
   019A 88                  463 	.db #0x88	; 136
   019B 00                  464 	.db #0x00	; 0
   019C 54                  465 	.db #0x54	; 84	'T'
   019D A8                  466 	.db #0xA8	; 168
   019E 00                  467 	.db #0x00	; 0
   019F 00                  468 	.db #0x00	; 0
   01A0 00                  469 	.db #0x00	; 0
   01A1 44                  470 	.db #0x44	; 68	'D'
   01A2 00                  471 	.db #0x00	; 0
   01A3 00                  472 	.db #0x00	; 0
   01A4 54                  473 	.db #0x54	; 84	'T'
   01A5 FC                  474 	.db #0xFC	; 252
   01A6 00                  475 	.db #0x00	; 0
   01A7 00                  476 	.db #0x00	; 0
   01A8 00                  477 	.db #0x00	; 0
   01A9 00                  478 	.db #0x00	; 0
   01AA 00                  479 	.db #0x00	; 0
   01AB 00                  480 	.db #0x00	; 0
   01AC 54                  481 	.db #0x54	; 84	'T'
   01AD FC                  482 	.db #0xFC	; 252
   01AE A8                  483 	.db #0xA8	; 168
   01AF 00                  484 	.db #0x00	; 0
   01B0                     485 _g_borracho_2:
   01B0 00                  486 	.db #0x00	; 0
   01B1 00                  487 	.db #0x00	; 0
   01B2 00                  488 	.db #0x00	; 0
   01B3 C3                  489 	.db #0xC3	; 195
   01B4 C3                  490 	.db #0xC3	; 195
   01B5 C3                  491 	.db #0xC3	; 195
   01B6 00                  492 	.db #0x00	; 0
   01B7 00                  493 	.db #0x00	; 0
   01B8 00                  494 	.db #0x00	; 0
   01B9 00                  495 	.db #0x00	; 0
   01BA 41                  496 	.db #0x41	; 65	'A'
   01BB C3                  497 	.db #0xC3	; 195
   01BC C3                  498 	.db #0xC3	; 195
   01BD C3                  499 	.db #0xC3	; 195
   01BE C3                  500 	.db #0xC3	; 195
   01BF 00                  501 	.db #0x00	; 0
   01C0 00                  502 	.db #0x00	; 0
   01C1 00                  503 	.db #0x00	; 0
   01C2 C3                  504 	.db #0xC3	; 195
   01C3 C3                  505 	.db #0xC3	; 195
   01C4 C3                  506 	.db #0xC3	; 195
   01C5 C3                  507 	.db #0xC3	; 195
   01C6 C3                  508 	.db #0xC3	; 195
   01C7 82                  509 	.db #0x82	; 130
   01C8 00                  510 	.db #0x00	; 0
   01C9 41                  511 	.db #0x41	; 65	'A'
   01CA C3                  512 	.db #0xC3	; 195
   01CB C3                  513 	.db #0xC3	; 195
   01CC 3F                  514 	.db #0x3F	; 63
   01CD 3F                  515 	.db #0x3F	; 63
   01CE 82                  516 	.db #0x82	; 130
   01CF 00                  517 	.db #0x00	; 0
   01D0 00                  518 	.db #0x00	; 0
   01D1 41                  519 	.db #0x41	; 65	'A'
   01D2 C3                  520 	.db #0xC3	; 195
   01D3 97                  521 	.db #0x97	; 151
   01D4 FF                  522 	.db #0xFF	; 255
   01D5 7F                  523 	.db #0x7F	; 127
   01D6 AA                  524 	.db #0xAA	; 170
   01D7 00                  525 	.db #0x00	; 0
   01D8 00                  526 	.db #0x00	; 0
   01D9 41                  527 	.db #0x41	; 65	'A'
   01DA C3                  528 	.db #0xC3	; 195
   01DB 97                  529 	.db #0x97	; 151
   01DC AA                  530 	.db #0xAA	; 170
   01DD 7F                  531 	.db #0x7F	; 127
   01DE 00                  532 	.db #0x00	; 0
   01DF 00                  533 	.db #0x00	; 0
   01E0 00                  534 	.db #0x00	; 0
   01E1 00                  535 	.db #0x00	; 0
   01E2 C3                  536 	.db #0xC3	; 195
   01E3 97                  537 	.db #0x97	; 151
   01E4 FF                  538 	.db #0xFF	; 255
   01E5 7F                  539 	.db #0x7F	; 127
   01E6 AA                  540 	.db #0xAA	; 170
   01E7 00                  541 	.db #0x00	; 0
   01E8 00                  542 	.db #0x00	; 0
   01E9 00                  543 	.db #0x00	; 0
   01EA C3                  544 	.db #0xC3	; 195
   01EB 3F                  545 	.db #0x3F	; 63
   01EC 3F                  546 	.db #0x3F	; 63
   01ED 3F                  547 	.db #0x3F	; 63
   01EE 2A                  548 	.db #0x2A	; 42
   01EF 00                  549 	.db #0x00	; 0
   01F0 00                  550 	.db #0x00	; 0
   01F1 00                  551 	.db #0x00	; 0
   01F2 15                  552 	.db #0x15	; 21
   01F3 3F                  553 	.db #0x3F	; 63
   01F4 3F                  554 	.db #0x3F	; 63
   01F5 00                  555 	.db #0x00	; 0
   01F6 2A                  556 	.db #0x2A	; 42
   01F7 00                  557 	.db #0x00	; 0
   01F8 00                  558 	.db #0x00	; 0
   01F9 00                  559 	.db #0x00	; 0
   01FA 00                  560 	.db #0x00	; 0
   01FB 3F                  561 	.db #0x3F	; 63
   01FC 3F                  562 	.db #0x3F	; 63
   01FD 3F                  563 	.db #0x3F	; 63
   01FE 00                  564 	.db #0x00	; 0
   01FF 00                  565 	.db #0x00	; 0
   0200 00                  566 	.db #0x00	; 0
   0201 00                  567 	.db #0x00	; 0
   0202 00                  568 	.db #0x00	; 0
   0203 3F                  569 	.db #0x3F	; 63
   0204 3F                  570 	.db #0x3F	; 63
   0205 00                  571 	.db #0x00	; 0
   0206 00                  572 	.db #0x00	; 0
   0207 00                  573 	.db #0x00	; 0
   0208 00                  574 	.db #0x00	; 0
   0209 00                  575 	.db #0x00	; 0
   020A 15                  576 	.db #0x15	; 21
   020B F0                  577 	.db #0xF0	; 240
   020C F0                  578 	.db #0xF0	; 240
   020D 2A                  579 	.db #0x2A	; 42
   020E 00                  580 	.db #0x00	; 0
   020F 00                  581 	.db #0x00	; 0
   0210 00                  582 	.db #0x00	; 0
   0211 00                  583 	.db #0x00	; 0
   0212 15                  584 	.db #0x15	; 21
   0213 7A                  585 	.db #0x7A	; 122	'z'
   0214 F0                  586 	.db #0xF0	; 240
   0215 B5                  587 	.db #0xB5	; 181
   0216 00                  588 	.db #0x00	; 0
   0217 00                  589 	.db #0x00	; 0
   0218 00                  590 	.db #0x00	; 0
   0219 00                  591 	.db #0x00	; 0
   021A 15                  592 	.db #0x15	; 21
   021B 3F                  593 	.db #0x3F	; 63
   021C 7A                  594 	.db #0x7A	; 122	'z'
   021D B5                  595 	.db #0xB5	; 181
   021E 00                  596 	.db #0x00	; 0
   021F 00                  597 	.db #0x00	; 0
   0220 00                  598 	.db #0x00	; 0
   0221 00                  599 	.db #0x00	; 0
   0222 15                  600 	.db #0x15	; 21
   0223 3F                  601 	.db #0x3F	; 63
   0224 7A                  602 	.db #0x7A	; 122	'z'
   0225 B5                  603 	.db #0xB5	; 181
   0226 00                  604 	.db #0x00	; 0
   0227 00                  605 	.db #0x00	; 0
   0228 00                  606 	.db #0x00	; 0
   0229 00                  607 	.db #0x00	; 0
   022A 15                  608 	.db #0x15	; 21
   022B 7A                  609 	.db #0x7A	; 122	'z'
   022C F0                  610 	.db #0xF0	; 240
   022D B5                  611 	.db #0xB5	; 181
   022E 00                  612 	.db #0x00	; 0
   022F 00                  613 	.db #0x00	; 0
   0230 00                  614 	.db #0x00	; 0
   0231 00                  615 	.db #0x00	; 0
   0232 15                  616 	.db #0x15	; 21
   0233 7A                  617 	.db #0x7A	; 122	'z'
   0234 F0                  618 	.db #0xF0	; 240
   0235 B5                  619 	.db #0xB5	; 181
   0236 00                  620 	.db #0x00	; 0
   0237 00                  621 	.db #0x00	; 0
   0238 00                  622 	.db #0x00	; 0
   0239 00                  623 	.db #0x00	; 0
   023A 15                  624 	.db #0x15	; 21
   023B 3F                  625 	.db #0x3F	; 63
   023C 7A                  626 	.db #0x7A	; 122	'z'
   023D B5                  627 	.db #0xB5	; 181
   023E 00                  628 	.db #0x00	; 0
   023F 00                  629 	.db #0x00	; 0
   0240 00                  630 	.db #0x00	; 0
   0241 00                  631 	.db #0x00	; 0
   0242 00                  632 	.db #0x00	; 0
   0243 3F                  633 	.db #0x3F	; 63
   0244 7A                  634 	.db #0x7A	; 122	'z'
   0245 B5                  635 	.db #0xB5	; 181
   0246 00                  636 	.db #0x00	; 0
   0247 00                  637 	.db #0x00	; 0
   0248 00                  638 	.db #0x00	; 0
   0249 00                  639 	.db #0x00	; 0
   024A 00                  640 	.db #0x00	; 0
   024B F0                  641 	.db #0xF0	; 240
   024C F0                  642 	.db #0xF0	; 240
   024D A0                  643 	.db #0xA0	; 160
   024E 00                  644 	.db #0x00	; 0
   024F 00                  645 	.db #0x00	; 0
   0250 00                  646 	.db #0x00	; 0
   0251 00                  647 	.db #0x00	; 0
   0252 00                  648 	.db #0x00	; 0
   0253 54                  649 	.db #0x54	; 84	'T'
   0254 EC                  650 	.db #0xEC	; 236
   0255 88                  651 	.db #0x88	; 136
   0256 00                  652 	.db #0x00	; 0
   0257 00                  653 	.db #0x00	; 0
   0258 00                  654 	.db #0x00	; 0
   0259 00                  655 	.db #0x00	; 0
   025A 00                  656 	.db #0x00	; 0
   025B 54                  657 	.db #0x54	; 84	'T'
   025C EC                  658 	.db #0xEC	; 236
   025D 88                  659 	.db #0x88	; 136
   025E 00                  660 	.db #0x00	; 0
   025F 00                  661 	.db #0x00	; 0
   0260 00                  662 	.db #0x00	; 0
   0261 00                  663 	.db #0x00	; 0
   0262 44                  664 	.db #0x44	; 68	'D'
   0263 DC                  665 	.db #0xDC	; 220
   0264 EC                  666 	.db #0xEC	; 236
   0265 00                  667 	.db #0x00	; 0
   0266 00                  668 	.db #0x00	; 0
   0267 00                  669 	.db #0x00	; 0
   0268 00                  670 	.db #0x00	; 0
   0269 00                  671 	.db #0x00	; 0
   026A 44                  672 	.db #0x44	; 68	'D'
   026B DC                  673 	.db #0xDC	; 220
   026C A8                  674 	.db #0xA8	; 168
   026D 00                  675 	.db #0x00	; 0
   026E 00                  676 	.db #0x00	; 0
   026F 00                  677 	.db #0x00	; 0
   0270 00                  678 	.db #0x00	; 0
   0271 00                  679 	.db #0x00	; 0
   0272 44                  680 	.db #0x44	; 68	'D'
   0273 DC                  681 	.db #0xDC	; 220
   0274 A8                  682 	.db #0xA8	; 168
   0275 00                  683 	.db #0x00	; 0
   0276 00                  684 	.db #0x00	; 0
   0277 00                  685 	.db #0x00	; 0
   0278 00                  686 	.db #0x00	; 0
   0279 00                  687 	.db #0x00	; 0
   027A 44                  688 	.db #0x44	; 68	'D'
   027B 54                  689 	.db #0x54	; 84	'T'
   027C FC                  690 	.db #0xFC	; 252
   027D 00                  691 	.db #0x00	; 0
   027E 00                  692 	.db #0x00	; 0
   027F 00                  693 	.db #0x00	; 0
   0280 00                  694 	.db #0x00	; 0
   0281 00                  695 	.db #0x00	; 0
   0282 00                  696 	.db #0x00	; 0
   0283 54                  697 	.db #0x54	; 84	'T'
   0284 FC                  698 	.db #0xFC	; 252
   0285 A8                  699 	.db #0xA8	; 168
   0286 00                  700 	.db #0x00	; 0
   0287 00                  701 	.db #0x00	; 0
   0288                     702 _g_borracho_3:
   0288 00                  703 	.db #0x00	; 0
   0289 00                  704 	.db #0x00	; 0
   028A 00                  705 	.db #0x00	; 0
   028B 41                  706 	.db #0x41	; 65	'A'
   028C C3                  707 	.db #0xC3	; 195
   028D C3                  708 	.db #0xC3	; 195
   028E C3                  709 	.db #0xC3	; 195
   028F 00                  710 	.db #0x00	; 0
   0290 00                  711 	.db #0x00	; 0
   0291 00                  712 	.db #0x00	; 0
   0292 00                  713 	.db #0x00	; 0
   0293 C3                  714 	.db #0xC3	; 195
   0294 C3                  715 	.db #0xC3	; 195
   0295 C3                  716 	.db #0xC3	; 195
   0296 C3                  717 	.db #0xC3	; 195
   0297 82                  718 	.db #0x82	; 130
   0298 00                  719 	.db #0x00	; 0
   0299 00                  720 	.db #0x00	; 0
   029A 41                  721 	.db #0x41	; 65	'A'
   029B C3                  722 	.db #0xC3	; 195
   029C C3                  723 	.db #0xC3	; 195
   029D C3                  724 	.db #0xC3	; 195
   029E C3                  725 	.db #0xC3	; 195
   029F C3                  726 	.db #0xC3	; 195
   02A0 00                  727 	.db #0x00	; 0
   02A1 00                  728 	.db #0x00	; 0
   02A2 41                  729 	.db #0x41	; 65	'A'
   02A3 C3                  730 	.db #0xC3	; 195
   02A4 C3                  731 	.db #0xC3	; 195
   02A5 3F                  732 	.db #0x3F	; 63
   02A6 6B                  733 	.db #0x6B	; 107	'k'
   02A7 00                  734 	.db #0x00	; 0
   02A8 00                  735 	.db #0x00	; 0
   02A9 00                  736 	.db #0x00	; 0
   02AA 41                  737 	.db #0x41	; 65	'A'
   02AB C3                  738 	.db #0xC3	; 195
   02AC 97                  739 	.db #0x97	; 151
   02AD 7F                  740 	.db #0x7F	; 127
   02AE BF                  741 	.db #0xBF	; 191
   02AF 00                  742 	.db #0x00	; 0
   02B0 00                  743 	.db #0x00	; 0
   02B1 00                  744 	.db #0x00	; 0
   02B2 41                  745 	.db #0x41	; 65	'A'
   02B3 C3                  746 	.db #0xC3	; 195
   02B4 97                  747 	.db #0x97	; 151
   02B5 7F                  748 	.db #0x7F	; 127
   02B6 15                  749 	.db #0x15	; 21
   02B7 00                  750 	.db #0x00	; 0
   02B8 00                  751 	.db #0x00	; 0
   02B9 00                  752 	.db #0x00	; 0
   02BA 41                  753 	.db #0x41	; 65	'A'
   02BB C3                  754 	.db #0xC3	; 195
   02BC 3F                  755 	.db #0x3F	; 63
   02BD 7F                  756 	.db #0x7F	; 127
   02BE BF                  757 	.db #0xBF	; 191
   02BF 2A                  758 	.db #0x2A	; 42
   02C0 00                  759 	.db #0x00	; 0
   02C1 00                  760 	.db #0x00	; 0
   02C2 00                  761 	.db #0x00	; 0
   02C3 C3                  762 	.db #0xC3	; 195
   02C4 3F                  763 	.db #0x3F	; 63
   02C5 3F                  764 	.db #0x3F	; 63
   02C6 3F                  765 	.db #0x3F	; 63
   02C7 00                  766 	.db #0x00	; 0
   02C8 00                  767 	.db #0x00	; 0
   02C9 00                  768 	.db #0x00	; 0
   02CA 00                  769 	.db #0x00	; 0
   02CB 97                  770 	.db #0x97	; 151
   02CC 3F                  771 	.db #0x3F	; 63
   02CD 3F                  772 	.db #0x3F	; 63
   02CE 00                  773 	.db #0x00	; 0
   02CF 00                  774 	.db #0x00	; 0
   02D0 00                  775 	.db #0x00	; 0
   02D1 00                  776 	.db #0x00	; 0
   02D2 00                  777 	.db #0x00	; 0
   02D3 15                  778 	.db #0x15	; 21
   02D4 3F                  779 	.db #0x3F	; 63
   02D5 3F                  780 	.db #0x3F	; 63
   02D6 2A                  781 	.db #0x2A	; 42
   02D7 00                  782 	.db #0x00	; 0
   02D8 00                  783 	.db #0x00	; 0
   02D9 00                  784 	.db #0x00	; 0
   02DA 00                  785 	.db #0x00	; 0
   02DB 15                  786 	.db #0x15	; 21
   02DC 3F                  787 	.db #0x3F	; 63
   02DD 2A                  788 	.db #0x2A	; 42
   02DE 00                  789 	.db #0x00	; 0
   02DF 00                  790 	.db #0x00	; 0
   02E0 00                  791 	.db #0x00	; 0
   02E1 00                  792 	.db #0x00	; 0
   02E2 00                  793 	.db #0x00	; 0
   02E3 50                  794 	.db #0x50	; 80	'P'
   02E4 3F                  795 	.db #0x3F	; 63
   02E5 A0                  796 	.db #0xA0	; 160
   02E6 00                  797 	.db #0x00	; 0
   02E7 00                  798 	.db #0x00	; 0
   02E8 00                  799 	.db #0x00	; 0
   02E9 00                  800 	.db #0x00	; 0
   02EA 00                  801 	.db #0x00	; 0
   02EB 50                  802 	.db #0x50	; 80	'P'
   02EC 3F                  803 	.db #0x3F	; 63
   02ED F0                  804 	.db #0xF0	; 240
   02EE 00                  805 	.db #0x00	; 0
   02EF 00                  806 	.db #0x00	; 0
   02F0 00                  807 	.db #0x00	; 0
   02F1 00                  808 	.db #0x00	; 0
   02F2 00                  809 	.db #0x00	; 0
   02F3 50                  810 	.db #0x50	; 80	'P'
   02F4 3F                  811 	.db #0x3F	; 63
   02F5 B5                  812 	.db #0xB5	; 181
   02F6 00                  813 	.db #0x00	; 0
   02F7 00                  814 	.db #0x00	; 0
   02F8 00                  815 	.db #0x00	; 0
   02F9 00                  816 	.db #0x00	; 0
   02FA 00                  817 	.db #0x00	; 0
   02FB 50                  818 	.db #0x50	; 80	'P'
   02FC 3F                  819 	.db #0x3F	; 63
   02FD B5                  820 	.db #0xB5	; 181
   02FE 00                  821 	.db #0x00	; 0
   02FF 00                  822 	.db #0x00	; 0
   0300 00                  823 	.db #0x00	; 0
   0301 00                  824 	.db #0x00	; 0
   0302 00                  825 	.db #0x00	; 0
   0303 50                  826 	.db #0x50	; 80	'P'
   0304 3F                  827 	.db #0x3F	; 63
   0305 F0                  828 	.db #0xF0	; 240
   0306 00                  829 	.db #0x00	; 0
   0307 00                  830 	.db #0x00	; 0
   0308 00                  831 	.db #0x00	; 0
   0309 00                  832 	.db #0x00	; 0
   030A 00                  833 	.db #0x00	; 0
   030B 50                  834 	.db #0x50	; 80	'P'
   030C 3F                  835 	.db #0x3F	; 63
   030D F0                  836 	.db #0xF0	; 240
   030E 00                  837 	.db #0x00	; 0
   030F 00                  838 	.db #0x00	; 0
   0310 00                  839 	.db #0x00	; 0
   0311 00                  840 	.db #0x00	; 0
   0312 00                  841 	.db #0x00	; 0
   0313 50                  842 	.db #0x50	; 80	'P'
   0314 3F                  843 	.db #0x3F	; 63
   0315 3F                  844 	.db #0x3F	; 63
   0316 00                  845 	.db #0x00	; 0
   0317 00                  846 	.db #0x00	; 0
   0318 00                  847 	.db #0x00	; 0
   0319 00                  848 	.db #0x00	; 0
   031A 00                  849 	.db #0x00	; 0
   031B 50                  850 	.db #0x50	; 80	'P'
   031C B5                  851 	.db #0xB5	; 181
   031D 3F                  852 	.db #0x3F	; 63
   031E 00                  853 	.db #0x00	; 0
   031F 00                  854 	.db #0x00	; 0
   0320 00                  855 	.db #0x00	; 0
   0321 00                  856 	.db #0x00	; 0
   0322 00                  857 	.db #0x00	; 0
   0323 50                  858 	.db #0x50	; 80	'P'
   0324 F0                  859 	.db #0xF0	; 240
   0325 E4                  860 	.db #0xE4	; 228
   0326 00                  861 	.db #0x00	; 0
   0327 00                  862 	.db #0x00	; 0
   0328 00                  863 	.db #0x00	; 0
   0329 00                  864 	.db #0x00	; 0
   032A 00                  865 	.db #0x00	; 0
   032B 00                  866 	.db #0x00	; 0
   032C FC                  867 	.db #0xFC	; 252
   032D CC                  868 	.db #0xCC	; 204
   032E 88                  869 	.db #0x88	; 136
   032F 00                  870 	.db #0x00	; 0
   0330 00                  871 	.db #0x00	; 0
   0331 00                  872 	.db #0x00	; 0
   0332 00                  873 	.db #0x00	; 0
   0333 00                  874 	.db #0x00	; 0
   0334 FC                  875 	.db #0xFC	; 252
   0335 CC                  876 	.db #0xCC	; 204
   0336 88                  877 	.db #0x88	; 136
   0337 00                  878 	.db #0x00	; 0
   0338 00                  879 	.db #0x00	; 0
   0339 00                  880 	.db #0x00	; 0
   033A 00                  881 	.db #0x00	; 0
   033B 54                  882 	.db #0x54	; 84	'T'
   033C EC                  883 	.db #0xEC	; 236
   033D CC                  884 	.db #0xCC	; 204
   033E 00                  885 	.db #0x00	; 0
   033F 00                  886 	.db #0x00	; 0
   0340 00                  887 	.db #0x00	; 0
   0341 00                  888 	.db #0x00	; 0
   0342 00                  889 	.db #0x00	; 0
   0343 54                  890 	.db #0x54	; 84	'T'
   0344 EC                  891 	.db #0xEC	; 236
   0345 88                  892 	.db #0x88	; 136
   0346 00                  893 	.db #0x00	; 0
   0347 00                  894 	.db #0x00	; 0
   0348 00                  895 	.db #0x00	; 0
   0349 00                  896 	.db #0x00	; 0
   034A 00                  897 	.db #0x00	; 0
   034B FC                  898 	.db #0xFC	; 252
   034C 44                  899 	.db #0x44	; 68	'D'
   034D 00                  900 	.db #0x00	; 0
   034E 00                  901 	.db #0x00	; 0
   034F 00                  902 	.db #0x00	; 0
   0350 00                  903 	.db #0x00	; 0
   0351 00                  904 	.db #0x00	; 0
   0352 00                  905 	.db #0x00	; 0
   0353 FC                  906 	.db #0xFC	; 252
   0354 00                  907 	.db #0x00	; 0
   0355 00                  908 	.db #0x00	; 0
   0356 00                  909 	.db #0x00	; 0
   0357 00                  910 	.db #0x00	; 0
   0358 00                  911 	.db #0x00	; 0
   0359 00                  912 	.db #0x00	; 0
   035A 00                  913 	.db #0x00	; 0
   035B FC                  914 	.db #0xFC	; 252
   035C A8                  915 	.db #0xA8	; 168
   035D 00                  916 	.db #0x00	; 0
   035E 00                  917 	.db #0x00	; 0
   035F 00                  918 	.db #0x00	; 0
   0360                     919 _g_borracho_4:
   0360 00                  920 	.db #0x00	; 0
   0361 00                  921 	.db #0x00	; 0
   0362 00                  922 	.db #0x00	; 0
   0363 41                  923 	.db #0x41	; 65	'A'
   0364 C3                  924 	.db #0xC3	; 195
   0365 C3                  925 	.db #0xC3	; 195
   0366 C3                  926 	.db #0xC3	; 195
   0367 00                  927 	.db #0x00	; 0
   0368 00                  928 	.db #0x00	; 0
   0369 00                  929 	.db #0x00	; 0
   036A 00                  930 	.db #0x00	; 0
   036B C3                  931 	.db #0xC3	; 195
   036C C3                  932 	.db #0xC3	; 195
   036D C3                  933 	.db #0xC3	; 195
   036E C3                  934 	.db #0xC3	; 195
   036F 82                  935 	.db #0x82	; 130
   0370 00                  936 	.db #0x00	; 0
   0371 00                  937 	.db #0x00	; 0
   0372 41                  938 	.db #0x41	; 65	'A'
   0373 C3                  939 	.db #0xC3	; 195
   0374 C3                  940 	.db #0xC3	; 195
   0375 C3                  941 	.db #0xC3	; 195
   0376 C3                  942 	.db #0xC3	; 195
   0377 C3                  943 	.db #0xC3	; 195
   0378 00                  944 	.db #0x00	; 0
   0379 00                  945 	.db #0x00	; 0
   037A 41                  946 	.db #0x41	; 65	'A'
   037B C3                  947 	.db #0xC3	; 195
   037C C3                  948 	.db #0xC3	; 195
   037D 3F                  949 	.db #0x3F	; 63
   037E 6B                  950 	.db #0x6B	; 107	'k'
   037F 00                  951 	.db #0x00	; 0
   0380 00                  952 	.db #0x00	; 0
   0381 00                  953 	.db #0x00	; 0
   0382 41                  954 	.db #0x41	; 65	'A'
   0383 C3                  955 	.db #0xC3	; 195
   0384 97                  956 	.db #0x97	; 151
   0385 7F                  957 	.db #0x7F	; 127
   0386 BF                  958 	.db #0xBF	; 191
   0387 00                  959 	.db #0x00	; 0
   0388 00                  960 	.db #0x00	; 0
   0389 00                  961 	.db #0x00	; 0
   038A 41                  962 	.db #0x41	; 65	'A'
   038B C3                  963 	.db #0xC3	; 195
   038C 97                  964 	.db #0x97	; 151
   038D 7F                  965 	.db #0x7F	; 127
   038E 15                  966 	.db #0x15	; 21
   038F 00                  967 	.db #0x00	; 0
   0390 00                  968 	.db #0x00	; 0
   0391 00                  969 	.db #0x00	; 0
   0392 41                  970 	.db #0x41	; 65	'A'
   0393 C3                  971 	.db #0xC3	; 195
   0394 3F                  972 	.db #0x3F	; 63
   0395 7F                  973 	.db #0x7F	; 127
   0396 BF                  974 	.db #0xBF	; 191
   0397 2A                  975 	.db #0x2A	; 42
   0398 00                  976 	.db #0x00	; 0
   0399 00                  977 	.db #0x00	; 0
   039A 00                  978 	.db #0x00	; 0
   039B C3                  979 	.db #0xC3	; 195
   039C 3F                  980 	.db #0x3F	; 63
   039D 3F                  981 	.db #0x3F	; 63
   039E 3F                  982 	.db #0x3F	; 63
   039F 00                  983 	.db #0x00	; 0
   03A0 00                  984 	.db #0x00	; 0
   03A1 00                  985 	.db #0x00	; 0
   03A2 00                  986 	.db #0x00	; 0
   03A3 97                  987 	.db #0x97	; 151
   03A4 3F                  988 	.db #0x3F	; 63
   03A5 3F                  989 	.db #0x3F	; 63
   03A6 00                  990 	.db #0x00	; 0
   03A7 00                  991 	.db #0x00	; 0
   03A8 00                  992 	.db #0x00	; 0
   03A9 00                  993 	.db #0x00	; 0
   03AA 00                  994 	.db #0x00	; 0
   03AB 15                  995 	.db #0x15	; 21
   03AC 3F                  996 	.db #0x3F	; 63
   03AD 3F                  997 	.db #0x3F	; 63
   03AE 2A                  998 	.db #0x2A	; 42
   03AF 00                  999 	.db #0x00	; 0
   03B0 00                 1000 	.db #0x00	; 0
   03B1 00                 1001 	.db #0x00	; 0
   03B2 00                 1002 	.db #0x00	; 0
   03B3 15                 1003 	.db #0x15	; 21
   03B4 3F                 1004 	.db #0x3F	; 63
   03B5 2A                 1005 	.db #0x2A	; 42
   03B6 00                 1006 	.db #0x00	; 0
   03B7 00                 1007 	.db #0x00	; 0
   03B8 00                 1008 	.db #0x00	; 0
   03B9 00                 1009 	.db #0x00	; 0
   03BA 00                 1010 	.db #0x00	; 0
   03BB 50                 1011 	.db #0x50	; 80	'P'
   03BC 3F                 1012 	.db #0x3F	; 63
   03BD A0                 1013 	.db #0xA0	; 160
   03BE 00                 1014 	.db #0x00	; 0
   03BF 00                 1015 	.db #0x00	; 0
   03C0 00                 1016 	.db #0x00	; 0
   03C1 00                 1017 	.db #0x00	; 0
   03C2 00                 1018 	.db #0x00	; 0
   03C3 50                 1019 	.db #0x50	; 80	'P'
   03C4 3F                 1020 	.db #0x3F	; 63
   03C5 F0                 1021 	.db #0xF0	; 240
   03C6 00                 1022 	.db #0x00	; 0
   03C7 00                 1023 	.db #0x00	; 0
   03C8 00                 1024 	.db #0x00	; 0
   03C9 00                 1025 	.db #0x00	; 0
   03CA 00                 1026 	.db #0x00	; 0
   03CB 50                 1027 	.db #0x50	; 80	'P'
   03CC 3F                 1028 	.db #0x3F	; 63
   03CD B5                 1029 	.db #0xB5	; 181
   03CE 2A                 1030 	.db #0x2A	; 42
   03CF 00                 1031 	.db #0x00	; 0
   03D0 00                 1032 	.db #0x00	; 0
   03D1 00                 1033 	.db #0x00	; 0
   03D2 00                 1034 	.db #0x00	; 0
   03D3 50                 1035 	.db #0x50	; 80	'P'
   03D4 B5                 1036 	.db #0xB5	; 181
   03D5 3F                 1037 	.db #0x3F	; 63
   03D6 2A                 1038 	.db #0x2A	; 42
   03D7 00                 1039 	.db #0x00	; 0
   03D8 00                 1040 	.db #0x00	; 0
   03D9 00                 1041 	.db #0x00	; 0
   03DA 00                 1042 	.db #0x00	; 0
   03DB 50                 1043 	.db #0x50	; 80	'P'
   03DC B5                 1044 	.db #0xB5	; 181
   03DD 7A                 1045 	.db #0x7A	; 122	'z'
   03DE 00                 1046 	.db #0x00	; 0
   03DF 00                 1047 	.db #0x00	; 0
   03E0 00                 1048 	.db #0x00	; 0
   03E1 00                 1049 	.db #0x00	; 0
   03E2 00                 1050 	.db #0x00	; 0
   03E3 50                 1051 	.db #0x50	; 80	'P'
   03E4 F0                 1052 	.db #0xF0	; 240
   03E5 F0                 1053 	.db #0xF0	; 240
   03E6 00                 1054 	.db #0x00	; 0
   03E7 00                 1055 	.db #0x00	; 0
   03E8 00                 1056 	.db #0x00	; 0
   03E9 00                 1057 	.db #0x00	; 0
   03EA 00                 1058 	.db #0x00	; 0
   03EB 50                 1059 	.db #0x50	; 80	'P'
   03EC F0                 1060 	.db #0xF0	; 240
   03ED F0                 1061 	.db #0xF0	; 240
   03EE 00                 1062 	.db #0x00	; 0
   03EF 00                 1063 	.db #0x00	; 0
   03F0 00                 1064 	.db #0x00	; 0
   03F1 00                 1065 	.db #0x00	; 0
   03F2 00                 1066 	.db #0x00	; 0
   03F3 50                 1067 	.db #0x50	; 80	'P'
   03F4 F0                 1068 	.db #0xF0	; 240
   03F5 F0                 1069 	.db #0xF0	; 240
   03F6 00                 1070 	.db #0x00	; 0
   03F7 00                 1071 	.db #0x00	; 0
   03F8 00                 1072 	.db #0x00	; 0
   03F9 00                 1073 	.db #0x00	; 0
   03FA 00                 1074 	.db #0x00	; 0
   03FB 50                 1075 	.db #0x50	; 80	'P'
   03FC F0                 1076 	.db #0xF0	; 240
   03FD F0                 1077 	.db #0xF0	; 240
   03FE 00                 1078 	.db #0x00	; 0
   03FF 00                 1079 	.db #0x00	; 0
   0400 00                 1080 	.db #0x00	; 0
   0401 00                 1081 	.db #0x00	; 0
   0402 00                 1082 	.db #0x00	; 0
   0403 54                 1083 	.db #0x54	; 84	'T'
   0404 A8                 1084 	.db #0xA8	; 168
   0405 CC                 1085 	.db #0xCC	; 204
   0406 00                 1086 	.db #0x00	; 0
   0407 00                 1087 	.db #0x00	; 0
   0408 00                 1088 	.db #0x00	; 0
   0409 00                 1089 	.db #0x00	; 0
   040A 00                 1090 	.db #0x00	; 0
   040B 54                 1091 	.db #0x54	; 84	'T'
   040C A8                 1092 	.db #0xA8	; 168
   040D CC                 1093 	.db #0xCC	; 204
   040E 00                 1094 	.db #0x00	; 0
   040F 00                 1095 	.db #0x00	; 0
   0410 00                 1096 	.db #0x00	; 0
   0411 00                 1097 	.db #0x00	; 0
   0412 54                 1098 	.db #0x54	; 84	'T'
   0413 FC                 1099 	.db #0xFC	; 252
   0414 A8                 1100 	.db #0xA8	; 168
   0415 CC                 1101 	.db #0xCC	; 204
   0416 00                 1102 	.db #0x00	; 0
   0417 00                 1103 	.db #0x00	; 0
   0418 00                 1104 	.db #0x00	; 0
   0419 00                 1105 	.db #0x00	; 0
   041A 54                 1106 	.db #0x54	; 84	'T'
   041B FC                 1107 	.db #0xFC	; 252
   041C 00                 1108 	.db #0x00	; 0
   041D CC                 1109 	.db #0xCC	; 204
   041E 00                 1110 	.db #0x00	; 0
   041F 00                 1111 	.db #0x00	; 0
   0420 00                 1112 	.db #0x00	; 0
   0421 00                 1113 	.db #0x00	; 0
   0422 54                 1114 	.db #0x54	; 84	'T'
   0423 00                 1115 	.db #0x00	; 0
   0424 00                 1116 	.db #0x00	; 0
   0425 CC                 1117 	.db #0xCC	; 204
   0426 00                 1118 	.db #0x00	; 0
   0427 00                 1119 	.db #0x00	; 0
   0428 00                 1120 	.db #0x00	; 0
   0429 00                 1121 	.db #0x00	; 0
   042A 00                 1122 	.db #0x00	; 0
   042B 00                 1123 	.db #0x00	; 0
   042C 00                 1124 	.db #0x00	; 0
   042D CC                 1125 	.db #0xCC	; 204
   042E 88                 1126 	.db #0x88	; 136
   042F 00                 1127 	.db #0x00	; 0
   0430 00                 1128 	.db #0x00	; 0
   0431 00                 1129 	.db #0x00	; 0
   0432 00                 1130 	.db #0x00	; 0
   0433 00                 1131 	.db #0x00	; 0
   0434 00                 1132 	.db #0x00	; 0
   0435 CC                 1133 	.db #0xCC	; 204
   0436 CC                 1134 	.db #0xCC	; 204
   0437 00                 1135 	.db #0x00	; 0
   0438                    1136 _g_borracho_5:
   0438 00                 1137 	.db #0x00	; 0
   0439 00                 1138 	.db #0x00	; 0
   043A 00                 1139 	.db #0x00	; 0
   043B 41                 1140 	.db #0x41	; 65	'A'
   043C C3                 1141 	.db #0xC3	; 195
   043D C3                 1142 	.db #0xC3	; 195
   043E C3                 1143 	.db #0xC3	; 195
   043F 00                 1144 	.db #0x00	; 0
   0440 00                 1145 	.db #0x00	; 0
   0441 00                 1146 	.db #0x00	; 0
   0442 00                 1147 	.db #0x00	; 0
   0443 C3                 1148 	.db #0xC3	; 195
   0444 C3                 1149 	.db #0xC3	; 195
   0445 C3                 1150 	.db #0xC3	; 195
   0446 C3                 1151 	.db #0xC3	; 195
   0447 82                 1152 	.db #0x82	; 130
   0448 00                 1153 	.db #0x00	; 0
   0449 00                 1154 	.db #0x00	; 0
   044A 41                 1155 	.db #0x41	; 65	'A'
   044B C3                 1156 	.db #0xC3	; 195
   044C C3                 1157 	.db #0xC3	; 195
   044D C3                 1158 	.db #0xC3	; 195
   044E C3                 1159 	.db #0xC3	; 195
   044F C3                 1160 	.db #0xC3	; 195
   0450 00                 1161 	.db #0x00	; 0
   0451 00                 1162 	.db #0x00	; 0
   0452 41                 1163 	.db #0x41	; 65	'A'
   0453 C3                 1164 	.db #0xC3	; 195
   0454 C3                 1165 	.db #0xC3	; 195
   0455 3F                 1166 	.db #0x3F	; 63
   0456 6B                 1167 	.db #0x6B	; 107	'k'
   0457 00                 1168 	.db #0x00	; 0
   0458 00                 1169 	.db #0x00	; 0
   0459 00                 1170 	.db #0x00	; 0
   045A 41                 1171 	.db #0x41	; 65	'A'
   045B C3                 1172 	.db #0xC3	; 195
   045C 97                 1173 	.db #0x97	; 151
   045D 7F                 1174 	.db #0x7F	; 127
   045E BF                 1175 	.db #0xBF	; 191
   045F 00                 1176 	.db #0x00	; 0
   0460 00                 1177 	.db #0x00	; 0
   0461 00                 1178 	.db #0x00	; 0
   0462 41                 1179 	.db #0x41	; 65	'A'
   0463 C3                 1180 	.db #0xC3	; 195
   0464 97                 1181 	.db #0x97	; 151
   0465 7F                 1182 	.db #0x7F	; 127
   0466 15                 1183 	.db #0x15	; 21
   0467 00                 1184 	.db #0x00	; 0
   0468 00                 1185 	.db #0x00	; 0
   0469 00                 1186 	.db #0x00	; 0
   046A 41                 1187 	.db #0x41	; 65	'A'
   046B C3                 1188 	.db #0xC3	; 195
   046C 3F                 1189 	.db #0x3F	; 63
   046D 7F                 1190 	.db #0x7F	; 127
   046E BF                 1191 	.db #0xBF	; 191
   046F 2A                 1192 	.db #0x2A	; 42
   0470 00                 1193 	.db #0x00	; 0
   0471 00                 1194 	.db #0x00	; 0
   0472 00                 1195 	.db #0x00	; 0
   0473 C3                 1196 	.db #0xC3	; 195
   0474 3F                 1197 	.db #0x3F	; 63
   0475 3F                 1198 	.db #0x3F	; 63
   0476 3F                 1199 	.db #0x3F	; 63
   0477 00                 1200 	.db #0x00	; 0
   0478 00                 1201 	.db #0x00	; 0
   0479 00                 1202 	.db #0x00	; 0
   047A 00                 1203 	.db #0x00	; 0
   047B 97                 1204 	.db #0x97	; 151
   047C 3F                 1205 	.db #0x3F	; 63
   047D 3F                 1206 	.db #0x3F	; 63
   047E 00                 1207 	.db #0x00	; 0
   047F 00                 1208 	.db #0x00	; 0
   0480 00                 1209 	.db #0x00	; 0
   0481 00                 1210 	.db #0x00	; 0
   0482 00                 1211 	.db #0x00	; 0
   0483 15                 1212 	.db #0x15	; 21
   0484 3F                 1213 	.db #0x3F	; 63
   0485 3F                 1214 	.db #0x3F	; 63
   0486 2A                 1215 	.db #0x2A	; 42
   0487 00                 1216 	.db #0x00	; 0
   0488 00                 1217 	.db #0x00	; 0
   0489 00                 1218 	.db #0x00	; 0
   048A 00                 1219 	.db #0x00	; 0
   048B 15                 1220 	.db #0x15	; 21
   048C 3F                 1221 	.db #0x3F	; 63
   048D 2A                 1222 	.db #0x2A	; 42
   048E 00                 1223 	.db #0x00	; 0
   048F 00                 1224 	.db #0x00	; 0
   0490 00                 1225 	.db #0x00	; 0
   0491 00                 1226 	.db #0x00	; 0
   0492 00                 1227 	.db #0x00	; 0
   0493 50                 1228 	.db #0x50	; 80	'P'
   0494 3F                 1229 	.db #0x3F	; 63
   0495 A0                 1230 	.db #0xA0	; 160
   0496 00                 1231 	.db #0x00	; 0
   0497 00                 1232 	.db #0x00	; 0
   0498 00                 1233 	.db #0x00	; 0
   0499 00                 1234 	.db #0x00	; 0
   049A 00                 1235 	.db #0x00	; 0
   049B 50                 1236 	.db #0x50	; 80	'P'
   049C 3F                 1237 	.db #0x3F	; 63
   049D F0                 1238 	.db #0xF0	; 240
   049E 00                 1239 	.db #0x00	; 0
   049F 00                 1240 	.db #0x00	; 0
   04A0 00                 1241 	.db #0x00	; 0
   04A1 00                 1242 	.db #0x00	; 0
   04A2 00                 1243 	.db #0x00	; 0
   04A3 50                 1244 	.db #0x50	; 80	'P'
   04A4 3F                 1245 	.db #0x3F	; 63
   04A5 B5                 1246 	.db #0xB5	; 181
   04A6 00                 1247 	.db #0x00	; 0
   04A7 00                 1248 	.db #0x00	; 0
   04A8 00                 1249 	.db #0x00	; 0
   04A9 00                 1250 	.db #0x00	; 0
   04AA 00                 1251 	.db #0x00	; 0
   04AB 50                 1252 	.db #0x50	; 80	'P'
   04AC B5                 1253 	.db #0xB5	; 181
   04AD 3F                 1254 	.db #0x3F	; 63
   04AE 00                 1255 	.db #0x00	; 0
   04AF 00                 1256 	.db #0x00	; 0
   04B0 00                 1257 	.db #0x00	; 0
   04B1 00                 1258 	.db #0x00	; 0
   04B2 00                 1259 	.db #0x00	; 0
   04B3 50                 1260 	.db #0x50	; 80	'P'
   04B4 B5                 1261 	.db #0xB5	; 181
   04B5 3F                 1262 	.db #0x3F	; 63
   04B6 2A                 1263 	.db #0x2A	; 42
   04B7 00                 1264 	.db #0x00	; 0
   04B8 00                 1265 	.db #0x00	; 0
   04B9 00                 1266 	.db #0x00	; 0
   04BA 00                 1267 	.db #0x00	; 0
   04BB 50                 1268 	.db #0x50	; 80	'P'
   04BC F0                 1269 	.db #0xF0	; 240
   04BD B5                 1270 	.db #0xB5	; 181
   04BE 2A                 1271 	.db #0x2A	; 42
   04BF 00                 1272 	.db #0x00	; 0
   04C0 00                 1273 	.db #0x00	; 0
   04C1 00                 1274 	.db #0x00	; 0
   04C2 00                 1275 	.db #0x00	; 0
   04C3 50                 1276 	.db #0x50	; 80	'P'
   04C4 F0                 1277 	.db #0xF0	; 240
   04C5 F0                 1278 	.db #0xF0	; 240
   04C6 00                 1279 	.db #0x00	; 0
   04C7 00                 1280 	.db #0x00	; 0
   04C8 00                 1281 	.db #0x00	; 0
   04C9 00                 1282 	.db #0x00	; 0
   04CA 00                 1283 	.db #0x00	; 0
   04CB 50                 1284 	.db #0x50	; 80	'P'
   04CC F0                 1285 	.db #0xF0	; 240
   04CD F0                 1286 	.db #0xF0	; 240
   04CE 00                 1287 	.db #0x00	; 0
   04CF 00                 1288 	.db #0x00	; 0
   04D0 00                 1289 	.db #0x00	; 0
   04D1 00                 1290 	.db #0x00	; 0
   04D2 00                 1291 	.db #0x00	; 0
   04D3 50                 1292 	.db #0x50	; 80	'P'
   04D4 F0                 1293 	.db #0xF0	; 240
   04D5 F0                 1294 	.db #0xF0	; 240
   04D6 00                 1295 	.db #0x00	; 0
   04D7 00                 1296 	.db #0x00	; 0
   04D8 00                 1297 	.db #0x00	; 0
   04D9 00                 1298 	.db #0x00	; 0
   04DA 00                 1299 	.db #0x00	; 0
   04DB 00                 1300 	.db #0x00	; 0
   04DC 54                 1301 	.db #0x54	; 84	'T'
   04DD FC                 1302 	.db #0xFC	; 252
   04DE 00                 1303 	.db #0x00	; 0
   04DF 00                 1304 	.db #0x00	; 0
   04E0 00                 1305 	.db #0x00	; 0
   04E1 00                 1306 	.db #0x00	; 0
   04E2 00                 1307 	.db #0x00	; 0
   04E3 FC                 1308 	.db #0xFC	; 252
   04E4 FC                 1309 	.db #0xFC	; 252
   04E5 FC                 1310 	.db #0xFC	; 252
   04E6 00                 1311 	.db #0x00	; 0
   04E7 00                 1312 	.db #0x00	; 0
   04E8 00                 1313 	.db #0x00	; 0
   04E9 00                 1314 	.db #0x00	; 0
   04EA 00                 1315 	.db #0x00	; 0
   04EB FC                 1316 	.db #0xFC	; 252
   04EC FC                 1317 	.db #0xFC	; 252
   04ED 88                 1318 	.db #0x88	; 136
   04EE 00                 1319 	.db #0x00	; 0
   04EF 00                 1320 	.db #0x00	; 0
   04F0 00                 1321 	.db #0x00	; 0
   04F1 00                 1322 	.db #0x00	; 0
   04F2 00                 1323 	.db #0x00	; 0
   04F3 EC                 1324 	.db #0xEC	; 236
   04F4 CC                 1325 	.db #0xCC	; 204
   04F5 00                 1326 	.db #0x00	; 0
   04F6 00                 1327 	.db #0x00	; 0
   04F7 00                 1328 	.db #0x00	; 0
   04F8 00                 1329 	.db #0x00	; 0
   04F9 00                 1330 	.db #0x00	; 0
   04FA 00                 1331 	.db #0x00	; 0
   04FB 44                 1332 	.db #0x44	; 68	'D'
   04FC 88                 1333 	.db #0x88	; 136
   04FD 00                 1334 	.db #0x00	; 0
   04FE 00                 1335 	.db #0x00	; 0
   04FF 00                 1336 	.db #0x00	; 0
   0500 00                 1337 	.db #0x00	; 0
   0501 00                 1338 	.db #0x00	; 0
   0502 00                 1339 	.db #0x00	; 0
   0503 CC                 1340 	.db #0xCC	; 204
   0504 00                 1341 	.db #0x00	; 0
   0505 00                 1342 	.db #0x00	; 0
   0506 00                 1343 	.db #0x00	; 0
   0507 00                 1344 	.db #0x00	; 0
   0508 00                 1345 	.db #0x00	; 0
   0509 00                 1346 	.db #0x00	; 0
   050A 00                 1347 	.db #0x00	; 0
   050B CC                 1348 	.db #0xCC	; 204
   050C 00                 1349 	.db #0x00	; 0
   050D 00                 1350 	.db #0x00	; 0
   050E 00                 1351 	.db #0x00	; 0
   050F 00                 1352 	.db #0x00	; 0
   0510                    1353 _g_borracho_6:
   0510 00                 1354 	.db #0x00	; 0
   0511 00                 1355 	.db #0x00	; 0
   0512 00                 1356 	.db #0x00	; 0
   0513 41                 1357 	.db #0x41	; 65	'A'
   0514 C3                 1358 	.db #0xC3	; 195
   0515 C3                 1359 	.db #0xC3	; 195
   0516 82                 1360 	.db #0x82	; 130
   0517 00                 1361 	.db #0x00	; 0
   0518 00                 1362 	.db #0x00	; 0
   0519 00                 1363 	.db #0x00	; 0
   051A 00                 1364 	.db #0x00	; 0
   051B C3                 1365 	.db #0xC3	; 195
   051C C3                 1366 	.db #0xC3	; 195
   051D C3                 1367 	.db #0xC3	; 195
   051E C3                 1368 	.db #0xC3	; 195
   051F 82                 1369 	.db #0x82	; 130
   0520 00                 1370 	.db #0x00	; 0
   0521 00                 1371 	.db #0x00	; 0
   0522 41                 1372 	.db #0x41	; 65	'A'
   0523 C3                 1373 	.db #0xC3	; 195
   0524 C3                 1374 	.db #0xC3	; 195
   0525 C3                 1375 	.db #0xC3	; 195
   0526 C3                 1376 	.db #0xC3	; 195
   0527 C3                 1377 	.db #0xC3	; 195
   0528 00                 1378 	.db #0x00	; 0
   0529 00                 1379 	.db #0x00	; 0
   052A C3                 1380 	.db #0xC3	; 195
   052B C3                 1381 	.db #0xC3	; 195
   052C 97                 1382 	.db #0x97	; 151
   052D 3F                 1383 	.db #0x3F	; 63
   052E 6B                 1384 	.db #0x6B	; 107	'k'
   052F 00                 1385 	.db #0x00	; 0
   0530 00                 1386 	.db #0x00	; 0
   0531 00                 1387 	.db #0x00	; 0
   0532 C3                 1388 	.db #0xC3	; 195
   0533 C3                 1389 	.db #0xC3	; 195
   0534 7F                 1390 	.db #0x7F	; 127
   0535 BF                 1391 	.db #0xBF	; 191
   0536 FF                 1392 	.db #0xFF	; 255
   0537 00                 1393 	.db #0x00	; 0
   0538 00                 1394 	.db #0x00	; 0
   0539 00                 1395 	.db #0x00	; 0
   053A C3                 1396 	.db #0xC3	; 195
   053B C3                 1397 	.db #0xC3	; 195
   053C 7F                 1398 	.db #0x7F	; 127
   053D BF                 1399 	.db #0xBF	; 191
   053E FF                 1400 	.db #0xFF	; 255
   053F 00                 1401 	.db #0x00	; 0
   0540 00                 1402 	.db #0x00	; 0
   0541 00                 1403 	.db #0x00	; 0
   0542 41                 1404 	.db #0x41	; 65	'A'
   0543 C3                 1405 	.db #0xC3	; 195
   0544 7F                 1406 	.db #0x7F	; 127
   0545 15                 1407 	.db #0x15	; 21
   0546 AA                 1408 	.db #0xAA	; 170
   0547 00                 1409 	.db #0x00	; 0
   0548 00                 1410 	.db #0x00	; 0
   0549 00                 1411 	.db #0x00	; 0
   054A 41                 1412 	.db #0x41	; 65	'A'
   054B 97                 1413 	.db #0x97	; 151
   054C 3F                 1414 	.db #0x3F	; 63
   054D 3F                 1415 	.db #0x3F	; 63
   054E 3F                 1416 	.db #0x3F	; 63
   054F 00                 1417 	.db #0x00	; 0
   0550 00                 1418 	.db #0x00	; 0
   0551 00                 1419 	.db #0x00	; 0
   0552 00                 1420 	.db #0x00	; 0
   0553 3F                 1421 	.db #0x3F	; 63
   0554 3F                 1422 	.db #0x3F	; 63
   0555 2A                 1423 	.db #0x2A	; 42
   0556 00                 1424 	.db #0x00	; 0
   0557 00                 1425 	.db #0x00	; 0
   0558 00                 1426 	.db #0x00	; 0
   0559 00                 1427 	.db #0x00	; 0
   055A 00                 1428 	.db #0x00	; 0
   055B 15                 1429 	.db #0x15	; 21
   055C 3F                 1430 	.db #0x3F	; 63
   055D 3F                 1431 	.db #0x3F	; 63
   055E 2A                 1432 	.db #0x2A	; 42
   055F 00                 1433 	.db #0x00	; 0
   0560 00                 1434 	.db #0x00	; 0
   0561 00                 1435 	.db #0x00	; 0
   0562 00                 1436 	.db #0x00	; 0
   0563 15                 1437 	.db #0x15	; 21
   0564 3F                 1438 	.db #0x3F	; 63
   0565 2A                 1439 	.db #0x2A	; 42
   0566 00                 1440 	.db #0x00	; 0
   0567 00                 1441 	.db #0x00	; 0
   0568 00                 1442 	.db #0x00	; 0
   0569 00                 1443 	.db #0x00	; 0
   056A 00                 1444 	.db #0x00	; 0
   056B 50                 1445 	.db #0x50	; 80	'P'
   056C 3F                 1446 	.db #0x3F	; 63
   056D A0                 1447 	.db #0xA0	; 160
   056E 00                 1448 	.db #0x00	; 0
   056F 00                 1449 	.db #0x00	; 0
   0570 00                 1450 	.db #0x00	; 0
   0571 00                 1451 	.db #0x00	; 0
   0572 00                 1452 	.db #0x00	; 0
   0573 50                 1453 	.db #0x50	; 80	'P'
   0574 3F                 1454 	.db #0x3F	; 63
   0575 F0                 1455 	.db #0xF0	; 240
   0576 00                 1456 	.db #0x00	; 0
   0577 00                 1457 	.db #0x00	; 0
   0578 00                 1458 	.db #0x00	; 0
   0579 00                 1459 	.db #0x00	; 0
   057A 00                 1460 	.db #0x00	; 0
   057B 50                 1461 	.db #0x50	; 80	'P'
   057C 3F                 1462 	.db #0x3F	; 63
   057D 3F                 1463 	.db #0x3F	; 63
   057E 2A                 1464 	.db #0x2A	; 42
   057F 00                 1465 	.db #0x00	; 0
   0580 00                 1466 	.db #0x00	; 0
   0581 00                 1467 	.db #0x00	; 0
   0582 00                 1468 	.db #0x00	; 0
   0583 50                 1469 	.db #0x50	; 80	'P'
   0584 B5                 1470 	.db #0xB5	; 181
   0585 3F                 1471 	.db #0x3F	; 63
   0586 2A                 1472 	.db #0x2A	; 42
   0587 00                 1473 	.db #0x00	; 0
   0588 00                 1474 	.db #0x00	; 0
   0589 00                 1475 	.db #0x00	; 0
   058A 00                 1476 	.db #0x00	; 0
   058B 50                 1477 	.db #0x50	; 80	'P'
   058C F0                 1478 	.db #0xF0	; 240
   058D F0                 1479 	.db #0xF0	; 240
   058E 00                 1480 	.db #0x00	; 0
   058F 00                 1481 	.db #0x00	; 0
   0590 00                 1482 	.db #0x00	; 0
   0591 00                 1483 	.db #0x00	; 0
   0592 00                 1484 	.db #0x00	; 0
   0593 50                 1485 	.db #0x50	; 80	'P'
   0594 F0                 1486 	.db #0xF0	; 240
   0595 F0                 1487 	.db #0xF0	; 240
   0596 00                 1488 	.db #0x00	; 0
   0597 00                 1489 	.db #0x00	; 0
   0598 00                 1490 	.db #0x00	; 0
   0599 00                 1491 	.db #0x00	; 0
   059A 00                 1492 	.db #0x00	; 0
   059B 50                 1493 	.db #0x50	; 80	'P'
   059C F0                 1494 	.db #0xF0	; 240
   059D F0                 1495 	.db #0xF0	; 240
   059E 00                 1496 	.db #0x00	; 0
   059F 00                 1497 	.db #0x00	; 0
   05A0 00                 1498 	.db #0x00	; 0
   05A1 00                 1499 	.db #0x00	; 0
   05A2 00                 1500 	.db #0x00	; 0
   05A3 50                 1501 	.db #0x50	; 80	'P'
   05A4 F0                 1502 	.db #0xF0	; 240
   05A5 F0                 1503 	.db #0xF0	; 240
   05A6 00                 1504 	.db #0x00	; 0
   05A7 00                 1505 	.db #0x00	; 0
   05A8 00                 1506 	.db #0x00	; 0
   05A9 00                 1507 	.db #0x00	; 0
   05AA 00                 1508 	.db #0x00	; 0
   05AB 50                 1509 	.db #0x50	; 80	'P'
   05AC F0                 1510 	.db #0xF0	; 240
   05AD F0                 1511 	.db #0xF0	; 240
   05AE 00                 1512 	.db #0x00	; 0
   05AF 00                 1513 	.db #0x00	; 0
   05B0 00                 1514 	.db #0x00	; 0
   05B1 00                 1515 	.db #0x00	; 0
   05B2 00                 1516 	.db #0x00	; 0
   05B3 44                 1517 	.db #0x44	; 68	'D'
   05B4 88                 1518 	.db #0x88	; 136
   05B5 FC                 1519 	.db #0xFC	; 252
   05B6 00                 1520 	.db #0x00	; 0
   05B7 00                 1521 	.db #0x00	; 0
   05B8 00                 1522 	.db #0x00	; 0
   05B9 00                 1523 	.db #0x00	; 0
   05BA 00                 1524 	.db #0x00	; 0
   05BB 44                 1525 	.db #0x44	; 68	'D'
   05BC 88                 1526 	.db #0x88	; 136
   05BD FC                 1527 	.db #0xFC	; 252
   05BE 00                 1528 	.db #0x00	; 0
   05BF 00                 1529 	.db #0x00	; 0
   05C0 00                 1530 	.db #0x00	; 0
   05C1 00                 1531 	.db #0x00	; 0
   05C2 00                 1532 	.db #0x00	; 0
   05C3 CC                 1533 	.db #0xCC	; 204
   05C4 00                 1534 	.db #0x00	; 0
   05C5 FC                 1535 	.db #0xFC	; 252
   05C6 00                 1536 	.db #0x00	; 0
   05C7 00                 1537 	.db #0x00	; 0
   05C8 00                 1538 	.db #0x00	; 0
   05C9 00                 1539 	.db #0x00	; 0
   05CA 00                 1540 	.db #0x00	; 0
   05CB CC                 1541 	.db #0xCC	; 204
   05CC 00                 1542 	.db #0x00	; 0
   05CD FC                 1543 	.db #0xFC	; 252
   05CE 00                 1544 	.db #0x00	; 0
   05CF 00                 1545 	.db #0x00	; 0
   05D0 00                 1546 	.db #0x00	; 0
   05D1 00                 1547 	.db #0x00	; 0
   05D2 44                 1548 	.db #0x44	; 68	'D'
   05D3 88                 1549 	.db #0x88	; 136
   05D4 00                 1550 	.db #0x00	; 0
   05D5 FC                 1551 	.db #0xFC	; 252
   05D6 00                 1552 	.db #0x00	; 0
   05D7 00                 1553 	.db #0x00	; 0
   05D8 00                 1554 	.db #0x00	; 0
   05D9 00                 1555 	.db #0x00	; 0
   05DA 44                 1556 	.db #0x44	; 68	'D'
   05DB 88                 1557 	.db #0x88	; 136
   05DC 00                 1558 	.db #0x00	; 0
   05DD FC                 1559 	.db #0xFC	; 252
   05DE A8                 1560 	.db #0xA8	; 168
   05DF 00                 1561 	.db #0x00	; 0
   05E0 00                 1562 	.db #0x00	; 0
   05E1 00                 1563 	.db #0x00	; 0
   05E2 44                 1564 	.db #0x44	; 68	'D'
   05E3 CC                 1565 	.db #0xCC	; 204
   05E4 00                 1566 	.db #0x00	; 0
   05E5 FC                 1567 	.db #0xFC	; 252
   05E6 FC                 1568 	.db #0xFC	; 252
   05E7 00                 1569 	.db #0x00	; 0
   05E8                    1570 _g_borracho_7:
   05E8 00                 1571 	.db #0x00	; 0
   05E9 00                 1572 	.db #0x00	; 0
   05EA 00                 1573 	.db #0x00	; 0
   05EB C3                 1574 	.db #0xC3	; 195
   05EC C3                 1575 	.db #0xC3	; 195
   05ED C3                 1576 	.db #0xC3	; 195
   05EE 00                 1577 	.db #0x00	; 0
   05EF 00                 1578 	.db #0x00	; 0
   05F0 00                 1579 	.db #0x00	; 0
   05F1 00                 1580 	.db #0x00	; 0
   05F2 41                 1581 	.db #0x41	; 65	'A'
   05F3 C3                 1582 	.db #0xC3	; 195
   05F4 C3                 1583 	.db #0xC3	; 195
   05F5 C3                 1584 	.db #0xC3	; 195
   05F6 C3                 1585 	.db #0xC3	; 195
   05F7 00                 1586 	.db #0x00	; 0
   05F8 00                 1587 	.db #0x00	; 0
   05F9 00                 1588 	.db #0x00	; 0
   05FA C3                 1589 	.db #0xC3	; 195
   05FB C3                 1590 	.db #0xC3	; 195
   05FC C3                 1591 	.db #0xC3	; 195
   05FD C3                 1592 	.db #0xC3	; 195
   05FE C3                 1593 	.db #0xC3	; 195
   05FF 82                 1594 	.db #0x82	; 130
   0600 00                 1595 	.db #0x00	; 0
   0601 41                 1596 	.db #0x41	; 65	'A'
   0602 C3                 1597 	.db #0xC3	; 195
   0603 C3                 1598 	.db #0xC3	; 195
   0604 3F                 1599 	.db #0x3F	; 63
   0605 3F                 1600 	.db #0x3F	; 63
   0606 82                 1601 	.db #0x82	; 130
   0607 00                 1602 	.db #0x00	; 0
   0608 00                 1603 	.db #0x00	; 0
   0609 41                 1604 	.db #0x41	; 65	'A'
   060A C3                 1605 	.db #0xC3	; 195
   060B 97                 1606 	.db #0x97	; 151
   060C FF                 1607 	.db #0xFF	; 255
   060D 7F                 1608 	.db #0x7F	; 127
   060E AA                 1609 	.db #0xAA	; 170
   060F 00                 1610 	.db #0x00	; 0
   0610 00                 1611 	.db #0x00	; 0
   0611 41                 1612 	.db #0x41	; 65	'A'
   0612 C3                 1613 	.db #0xC3	; 195
   0613 97                 1614 	.db #0x97	; 151
   0614 FF                 1615 	.db #0xFF	; 255
   0615 7F                 1616 	.db #0x7F	; 127
   0616 AA                 1617 	.db #0xAA	; 170
   0617 00                 1618 	.db #0x00	; 0
   0618 00                 1619 	.db #0x00	; 0
   0619 00                 1620 	.db #0x00	; 0
   061A C3                 1621 	.db #0xC3	; 195
   061B 97                 1622 	.db #0x97	; 151
   061C AA                 1623 	.db #0xAA	; 170
   061D 7F                 1624 	.db #0x7F	; 127
   061E 00                 1625 	.db #0x00	; 0
   061F 00                 1626 	.db #0x00	; 0
   0620 00                 1627 	.db #0x00	; 0
   0621 00                 1628 	.db #0x00	; 0
   0622 C3                 1629 	.db #0xC3	; 195
   0623 3F                 1630 	.db #0x3F	; 63
   0624 3F                 1631 	.db #0x3F	; 63
   0625 3F                 1632 	.db #0x3F	; 63
   0626 2A                 1633 	.db #0x2A	; 42
   0627 00                 1634 	.db #0x00	; 0
   0628 00                 1635 	.db #0x00	; 0
   0629 00                 1636 	.db #0x00	; 0
   062A 15                 1637 	.db #0x15	; 21
   062B 3F                 1638 	.db #0x3F	; 63
   062C 2A                 1639 	.db #0x2A	; 42
   062D 00                 1640 	.db #0x00	; 0
   062E 00                 1641 	.db #0x00	; 0
   062F 00                 1642 	.db #0x00	; 0
   0630 00                 1643 	.db #0x00	; 0
   0631 00                 1644 	.db #0x00	; 0
   0632 00                 1645 	.db #0x00	; 0
   0633 3F                 1646 	.db #0x3F	; 63
   0634 3F                 1647 	.db #0x3F	; 63
   0635 3F                 1648 	.db #0x3F	; 63
   0636 00                 1649 	.db #0x00	; 0
   0637 00                 1650 	.db #0x00	; 0
   0638 00                 1651 	.db #0x00	; 0
   0639 00                 1652 	.db #0x00	; 0
   063A 00                 1653 	.db #0x00	; 0
   063B 3F                 1654 	.db #0x3F	; 63
   063C 3F                 1655 	.db #0x3F	; 63
   063D 00                 1656 	.db #0x00	; 0
   063E 00                 1657 	.db #0x00	; 0
   063F 00                 1658 	.db #0x00	; 0
   0640 00                 1659 	.db #0x00	; 0
   0641 00                 1660 	.db #0x00	; 0
   0642 00                 1661 	.db #0x00	; 0
   0643 F0                 1662 	.db #0xF0	; 240
   0644 3F                 1663 	.db #0x3F	; 63
   0645 A0                 1664 	.db #0xA0	; 160
   0646 00                 1665 	.db #0x00	; 0
   0647 3F                 1666 	.db #0x3F	; 63
   0648 00                 1667 	.db #0x00	; 0
   0649 00                 1668 	.db #0x00	; 0
   064A 00                 1669 	.db #0x00	; 0
   064B F0                 1670 	.db #0xF0	; 240
   064C 3F                 1671 	.db #0x3F	; 63
   064D 3F                 1672 	.db #0x3F	; 63
   064E 3F                 1673 	.db #0x3F	; 63
   064F 3F                 1674 	.db #0x3F	; 63
   0650 00                 1675 	.db #0x00	; 0
   0651 00                 1676 	.db #0x00	; 0
   0652 00                 1677 	.db #0x00	; 0
   0653 F0                 1678 	.db #0xF0	; 240
   0654 3F                 1679 	.db #0x3F	; 63
   0655 3F                 1680 	.db #0x3F	; 63
   0656 3F                 1681 	.db #0x3F	; 63
   0657 3F                 1682 	.db #0x3F	; 63
   0658 00                 1683 	.db #0x00	; 0
   0659 00                 1684 	.db #0x00	; 0
   065A 00                 1685 	.db #0x00	; 0
   065B F0                 1686 	.db #0xF0	; 240
   065C F0                 1687 	.db #0xF0	; 240
   065D A0                 1688 	.db #0xA0	; 160
   065E 00                 1689 	.db #0x00	; 0
   065F 00                 1690 	.db #0x00	; 0
   0660 00                 1691 	.db #0x00	; 0
   0661 00                 1692 	.db #0x00	; 0
   0662 00                 1693 	.db #0x00	; 0
   0663 F0                 1694 	.db #0xF0	; 240
   0664 F0                 1695 	.db #0xF0	; 240
   0665 A0                 1696 	.db #0xA0	; 160
   0666 00                 1697 	.db #0x00	; 0
   0667 00                 1698 	.db #0x00	; 0
   0668 00                 1699 	.db #0x00	; 0
   0669 00                 1700 	.db #0x00	; 0
   066A 00                 1701 	.db #0x00	; 0
   066B F0                 1702 	.db #0xF0	; 240
   066C F0                 1703 	.db #0xF0	; 240
   066D A0                 1704 	.db #0xA0	; 160
   066E 00                 1705 	.db #0x00	; 0
   066F 00                 1706 	.db #0x00	; 0
   0670 00                 1707 	.db #0x00	; 0
   0671 00                 1708 	.db #0x00	; 0
   0672 00                 1709 	.db #0x00	; 0
   0673 F0                 1710 	.db #0xF0	; 240
   0674 F0                 1711 	.db #0xF0	; 240
   0675 A0                 1712 	.db #0xA0	; 160
   0676 00                 1713 	.db #0x00	; 0
   0677 00                 1714 	.db #0x00	; 0
   0678 00                 1715 	.db #0x00	; 0
   0679 00                 1716 	.db #0x00	; 0
   067A 00                 1717 	.db #0x00	; 0
   067B F0                 1718 	.db #0xF0	; 240
   067C F0                 1719 	.db #0xF0	; 240
   067D A0                 1720 	.db #0xA0	; 160
   067E 00                 1721 	.db #0x00	; 0
   067F 00                 1722 	.db #0x00	; 0
   0680 00                 1723 	.db #0x00	; 0
   0681 00                 1724 	.db #0x00	; 0
   0682 00                 1725 	.db #0x00	; 0
   0683 F0                 1726 	.db #0xF0	; 240
   0684 F0                 1727 	.db #0xF0	; 240
   0685 A0                 1728 	.db #0xA0	; 160
   0686 00                 1729 	.db #0x00	; 0
   0687 00                 1730 	.db #0x00	; 0
   0688 00                 1731 	.db #0x00	; 0
   0689 00                 1732 	.db #0x00	; 0
   068A 44                 1733 	.db #0x44	; 68	'D'
   068B 88                 1734 	.db #0x88	; 136
   068C 54                 1735 	.db #0x54	; 84	'T'
   068D A8                 1736 	.db #0xA8	; 168
   068E 00                 1737 	.db #0x00	; 0
   068F 00                 1738 	.db #0x00	; 0
   0690 00                 1739 	.db #0x00	; 0
   0691 00                 1740 	.db #0x00	; 0
   0692 44                 1741 	.db #0x44	; 68	'D'
   0693 88                 1742 	.db #0x88	; 136
   0694 54                 1743 	.db #0x54	; 84	'T'
   0695 A8                 1744 	.db #0xA8	; 168
   0696 00                 1745 	.db #0x00	; 0
   0697 00                 1746 	.db #0x00	; 0
   0698 00                 1747 	.db #0x00	; 0
   0699 00                 1748 	.db #0x00	; 0
   069A CC                 1749 	.db #0xCC	; 204
   069B 00                 1750 	.db #0x00	; 0
   069C FC                 1751 	.db #0xFC	; 252
   069D 00                 1752 	.db #0x00	; 0
   069E 00                 1753 	.db #0x00	; 0
   069F 00                 1754 	.db #0x00	; 0
   06A0 00                 1755 	.db #0x00	; 0
   06A1 00                 1756 	.db #0x00	; 0
   06A2 CC                 1757 	.db #0xCC	; 204
   06A3 00                 1758 	.db #0x00	; 0
   06A4 FC                 1759 	.db #0xFC	; 252
   06A5 00                 1760 	.db #0x00	; 0
   06A6 00                 1761 	.db #0x00	; 0
   06A7 00                 1762 	.db #0x00	; 0
   06A8 00                 1763 	.db #0x00	; 0
   06A9 44                 1764 	.db #0x44	; 68	'D'
   06AA 88                 1765 	.db #0x88	; 136
   06AB 54                 1766 	.db #0x54	; 84	'T'
   06AC A8                 1767 	.db #0xA8	; 168
   06AD 00                 1768 	.db #0x00	; 0
   06AE 00                 1769 	.db #0x00	; 0
   06AF 00                 1770 	.db #0x00	; 0
   06B0 00                 1771 	.db #0x00	; 0
   06B1 44                 1772 	.db #0x44	; 68	'D'
   06B2 88                 1773 	.db #0x88	; 136
   06B3 54                 1774 	.db #0x54	; 84	'T'
   06B4 A8                 1775 	.db #0xA8	; 168
   06B5 00                 1776 	.db #0x00	; 0
   06B6 00                 1777 	.db #0x00	; 0
   06B7 00                 1778 	.db #0x00	; 0
   06B8 00                 1779 	.db #0x00	; 0
   06B9 44                 1780 	.db #0x44	; 68	'D'
   06BA CC                 1781 	.db #0xCC	; 204
   06BB 54                 1782 	.db #0x54	; 84	'T'
   06BC FC                 1783 	.db #0xFC	; 252
   06BD 00                 1784 	.db #0x00	; 0
   06BE 00                 1785 	.db #0x00	; 0
   06BF 00                 1786 	.db #0x00	; 0
                           1787 	.area _INITIALIZER
                           1788 	.area _CABS (ABS)
