                              1 ;--------------------------------------------------------
                              2 ; File Created by SDCC : free open source ANSI-C Compiler
                              3 ; Version 3.5.5 #9498 (CYGWIN)
                              4 ;--------------------------------------------------------
                              5 	.module async
                              6 	.optsdcc -mz80
                              7 	
                              8 ;--------------------------------------------------------
                              9 ; Public variables in this module
                             10 ;--------------------------------------------------------
                             11 	.globl _g_async
                             12 ;--------------------------------------------------------
                             13 ; special function registers
                             14 ;--------------------------------------------------------
                             15 ;--------------------------------------------------------
                             16 ; ram data
                             17 ;--------------------------------------------------------
                             18 	.area _DATA
                             19 ;--------------------------------------------------------
                             20 ; ram data
                             21 ;--------------------------------------------------------
                             22 	.area _INITIALIZED
                             23 ;--------------------------------------------------------
                             24 ; absolute external ram data
                             25 ;--------------------------------------------------------
                             26 	.area _DABS (ABS)
                             27 ;--------------------------------------------------------
                             28 ; global & static initialisations
                             29 ;--------------------------------------------------------
                             30 	.area _HOME
                             31 	.area _GSINIT
                             32 	.area _GSFINAL
                             33 	.area _GSINIT
                             34 ;--------------------------------------------------------
                             35 ; Home
                             36 ;--------------------------------------------------------
                             37 	.area _HOME
                             38 	.area _HOME
                             39 ;--------------------------------------------------------
                             40 ; code
                             41 ;--------------------------------------------------------
                             42 	.area _CODE
                             43 	.area _CODE
   0000                      44 _g_async:
   0000 00                   45 	.db #0x00	; 0
   0001 CC                   46 	.db #0xCC	; 204
   0002 CC                   47 	.db #0xCC	; 204
   0003 CC                   48 	.db #0xCC	; 204
   0004 CC                   49 	.db #0xCC	; 204
   0005 CC                   50 	.db #0xCC	; 204
   0006 00                   51 	.db #0x00	; 0
   0007 44                   52 	.db #0x44	; 68	'D'
   0008 CC                   53 	.db #0xCC	; 204
   0009 CC                   54 	.db #0xCC	; 204
   000A CC                   55 	.db #0xCC	; 204
   000B CC                   56 	.db #0xCC	; 204
   000C 88                   57 	.db #0x88	; 136
   000D CC                   58 	.db #0xCC	; 204
   000E CC                   59 	.db #0xCC	; 204
   000F CC                   60 	.db #0xCC	; 204
   0010 CC                   61 	.db #0xCC	; 204
   0011 CC                   62 	.db #0xCC	; 204
   0012 44                   63 	.db #0x44	; 68	'D'
   0013 CC                   64 	.db #0xCC	; 204
   0014 CC                   65 	.db #0xCC	; 204
   0015 88                   66 	.db #0x88	; 136
   0016 CC                   67 	.db #0xCC	; 204
   0017 CC                   68 	.db #0xCC	; 204
   0018 88                   69 	.db #0x88	; 136
   0019 44                   70 	.db #0x44	; 68	'D'
   001A CC                   71 	.db #0xCC	; 204
   001B CC                   72 	.db #0xCC	; 204
   001C CC                   73 	.db #0xCC	; 204
   001D CC                   74 	.db #0xCC	; 204
   001E 00                   75 	.db #0x00	; 0
   001F 00                   76 	.db #0x00	; 0
   0020 00                   77 	.db #0x00	; 0
   0021 3C                   78 	.db #0x3C	; 60
   0022 3C                   79 	.db #0x3C	; 60
   0023 3C                   80 	.db #0x3C	; 60
   0024 3C                   81 	.db #0x3C	; 60
   0025 3C                   82 	.db #0x3C	; 60
   0026 88                   83 	.db #0x88	; 136
   0027 9C                   84 	.db #0x9C	; 156
   0028 3C                   85 	.db #0x3C	; 60
   0029 3C                   86 	.db #0x3C	; 60
   002A 3C                   87 	.db #0x3C	; 60
   002B 3C                   88 	.db #0x3C	; 60
   002C 7C                   89 	.db #0x7C	; 124
   002D 3C                   90 	.db #0x3C	; 60
   002E 3C                   91 	.db #0x3C	; 60
   002F 3C                   92 	.db #0x3C	; 60
   0030 3C                   93 	.db #0x3C	; 60
   0031 3C                   94 	.db #0x3C	; 60
   0032 16                   95 	.db #0x16	; 22
   0033 3C                   96 	.db #0x3C	; 60
   0034 3C                   97 	.db #0x3C	; 60
   0035 6C                   98 	.db #0x6C	; 108	'l'
   0036 3C                   99 	.db #0x3C	; 60
   0037 3C                  100 	.db #0x3C	; 60
   0038 7C                  101 	.db #0x7C	; 124
   0039 BC                  102 	.db #0xBC	; 188
   003A 3C                  103 	.db #0x3C	; 60
   003B 3C                  104 	.db #0x3C	; 60
   003C 3C                  105 	.db #0x3C	; 60
   003D 3C                  106 	.db #0x3C	; 60
   003E 88                  107 	.db #0x88	; 136
   003F 00                  108 	.db #0x00	; 0
   0040 9C                  109 	.db #0x9C	; 156
   0041 3C                  110 	.db #0x3C	; 60
   0042 CC                  111 	.db #0xCC	; 204
   0043 CC                  112 	.db #0xCC	; 204
   0044 CC                  113 	.db #0xCC	; 204
   0045 16                  114 	.db #0x16	; 22
   0046 46                  115 	.db #0x46	; 70	'F'
   0047 16                  116 	.db #0x16	; 22
   0048 46                  117 	.db #0x46	; 70	'F'
   0049 CC                  118 	.db #0xCC	; 204
   004A CC                  119 	.db #0xCC	; 204
   004B 9C                  120 	.db #0x9C	; 156
   004C 29                  121 	.db #0x29	; 41
   004D 3C                  122 	.db #0x3C	; 60
   004E 03                  123 	.db #0x03	; 3
   004F 3C                  124 	.db #0x3C	; 60
   0050 29                  125 	.db #0x29	; 41
   0051 16                  126 	.db #0x16	; 22
   0052 3C                  127 	.db #0x3C	; 60
   0053 29                  128 	.db #0x29	; 41
   0054 16                  129 	.db #0x16	; 22
   0055 29                  130 	.db #0x29	; 41
   0056 29                  131 	.db #0x29	; 41
   0057 16                  132 	.db #0x16	; 22
   0058 3C                  133 	.db #0x3C	; 60
   0059 3C                  134 	.db #0x3C	; 60
   005A 03                  135 	.db #0x03	; 3
   005B 03                  136 	.db #0x03	; 3
   005C 03                  137 	.db #0x03	; 3
   005D 16                  138 	.db #0x16	; 22
   005E 03                  139 	.db #0x03	; 3
   005F 00                  140 	.db #0x00	; 0
   0060 9C                  141 	.db #0x9C	; 156
   0061 28                  142 	.db #0x28	; 40
   0062 44                  143 	.db #0x44	; 68	'D'
   0063 CC                  144 	.db #0xCC	; 204
   0064 CC                  145 	.db #0xCC	; 204
   0065 01                  146 	.db #0x01	; 1
   0066 29                  147 	.db #0x29	; 41
   0067 29                  148 	.db #0x29	; 41
   0068 00                  149 	.db #0x00	; 0
   0069 CC                  150 	.db #0xCC	; 204
   006A CC                  151 	.db #0xCC	; 204
   006B 01                  152 	.db #0x01	; 1
   006C 3C                  153 	.db #0x3C	; 60
   006D 29                  154 	.db #0x29	; 41
   006E 00                  155 	.db #0x00	; 0
   006F 16                  156 	.db #0x16	; 22
   0070 02                  157 	.db #0x02	; 2
   0071 01                  158 	.db #0x01	; 1
   0072 3C                  159 	.db #0x3C	; 60
   0073 02                  160 	.db #0x02	; 2
   0074 89                  161 	.db #0x89	; 137
   0075 3C                  162 	.db #0x3C	; 60
   0076 6C                  163 	.db #0x6C	; 108	'l'
   0077 01                  164 	.db #0x01	; 1
   0078 3C                  165 	.db #0x3C	; 60
   0079 29                  166 	.db #0x29	; 41
   007A 88                  167 	.db #0x88	; 136
   007B CC                  168 	.db #0xCC	; 204
   007C 88                  169 	.db #0x88	; 136
   007D 01                  170 	.db #0x01	; 1
   007E 3C                  171 	.db #0x3C	; 60
   007F 6C                  172 	.db #0x6C	; 108	'l'
   0080 9C                  173 	.db #0x9C	; 156
   0081 02                  174 	.db #0x02	; 2
   0082 14                  175 	.db #0x14	; 20
   0083 3C                  176 	.db #0x3C	; 60
   0084 3C                  177 	.db #0x3C	; 60
   0085 44                  178 	.db #0x44	; 68	'D'
   0086 3C                  179 	.db #0x3C	; 60
   0087 6C                  180 	.db #0x6C	; 108	'l'
   0088 54                  181 	.db #0x54	; 84	'T'
   0089 3C                  182 	.db #0x3C	; 60
   008A 3C                  183 	.db #0x3C	; 60
   008B CC                  184 	.db #0xCC	; 204
   008C 16                  185 	.db #0x16	; 22
   008D 3C                  186 	.db #0x3C	; 60
   008E 00                  187 	.db #0x00	; 0
   008F 3C                  188 	.db #0x3C	; 60
   0090 28                  189 	.db #0x28	; 40
   0091 14                  190 	.db #0x14	; 20
   0092 3C                  191 	.db #0x3C	; 60
   0093 28                  192 	.db #0x28	; 40
   0094 44                  193 	.db #0x44	; 68	'D'
   0095 3C                  194 	.db #0x3C	; 60
   0096 6C                  195 	.db #0x6C	; 108	'l'
   0097 14                  196 	.db #0x14	; 20
   0098 3C                  197 	.db #0x3C	; 60
   0099 6C                  198 	.db #0x6C	; 108	'l'
   009A 14                  199 	.db #0x14	; 20
   009B 3C                  200 	.db #0x3C	; 60
   009C 3C                  201 	.db #0x3C	; 60
   009D DC                  202 	.db #0xDC	; 220
   009E 3C                  203 	.db #0x3C	; 60
   009F 6C                  204 	.db #0x6C	; 108	'l'
   00A0 9C                  205 	.db #0x9C	; 156
   00A1 28                  206 	.db #0x28	; 40
   00A2 14                  207 	.db #0x14	; 20
   00A3 3C                  208 	.db #0x3C	; 60
   00A4 3C                  209 	.db #0x3C	; 60
   00A5 44                  210 	.db #0x44	; 68	'D'
   00A6 3C                  211 	.db #0x3C	; 60
   00A7 6C                  212 	.db #0x6C	; 108	'l'
   00A8 54                  213 	.db #0x54	; 84	'T'
   00A9 3C                  214 	.db #0x3C	; 60
   00AA 3C                  215 	.db #0x3C	; 60
   00AB 3C                  216 	.db #0x3C	; 60
   00AC 3C                  217 	.db #0x3C	; 60
   00AD 29                  218 	.db #0x29	; 41
   00AE 00                  219 	.db #0x00	; 0
   00AF 3C                  220 	.db #0x3C	; 60
   00B0 28                  221 	.db #0x28	; 40
   00B1 01                  222 	.db #0x01	; 1
   00B2 3C                  223 	.db #0x3C	; 60
   00B3 28                  224 	.db #0x28	; 40
   00B4 00                  225 	.db #0x00	; 0
   00B5 89                  226 	.db #0x89	; 137
   00B6 6C                  227 	.db #0x6C	; 108	'l'
   00B7 14                  228 	.db #0x14	; 20
   00B8 3C                  229 	.db #0x3C	; 60
   00B9 6C                  230 	.db #0x6C	; 108	'l'
   00BA 14                  231 	.db #0x14	; 20
   00BB 3C                  232 	.db #0x3C	; 60
   00BC 3C                  233 	.db #0x3C	; 60
   00BD 3C                  234 	.db #0x3C	; 60
   00BE 3C                  235 	.db #0x3C	; 60
   00BF 6C                  236 	.db #0x6C	; 108	'l'
   00C0 9C                  237 	.db #0x9C	; 156
   00C1 28                  238 	.db #0x28	; 40
   00C2 14                  239 	.db #0x14	; 20
   00C3 3C                  240 	.db #0x3C	; 60
   00C4 3C                  241 	.db #0x3C	; 60
   00C5 44                  242 	.db #0x44	; 68	'D'
   00C6 3C                  243 	.db #0x3C	; 60
   00C7 29                  244 	.db #0x29	; 41
   00C8 88                  245 	.db #0x88	; 136
   00C9 CC                  246 	.db #0xCC	; 204
   00CA CC                  247 	.db #0xCC	; 204
   00CB 89                  248 	.db #0x89	; 137
   00CC 3C                  249 	.db #0x3C	; 60
   00CD 3C                  250 	.db #0x3C	; 60
   00CE 02                  251 	.db #0x02	; 2
   00CF EC                  252 	.db #0xEC	; 236
   00D0 A8                  253 	.db #0xA8	; 168
   00D1 9C                  254 	.db #0x9C	; 156
   00D2 3C                  255 	.db #0x3C	; 60
   00D3 28                  256 	.db #0x28	; 40
   00D4 03                  257 	.db #0x03	; 3
   00D5 88                  258 	.db #0x88	; 136
   00D6 03                  259 	.db #0x03	; 3
   00D7 14                  260 	.db #0x14	; 20
   00D8 3C                  261 	.db #0x3C	; 60
   00D9 6C                  262 	.db #0x6C	; 108	'l'
   00DA 14                  263 	.db #0x14	; 20
   00DB 3C                  264 	.db #0x3C	; 60
   00DC 3C                  265 	.db #0x3C	; 60
   00DD 3C                  266 	.db #0x3C	; 60
   00DE 3C                  267 	.db #0x3C	; 60
   00DF 6C                  268 	.db #0x6C	; 108	'l'
   00E0 9C                  269 	.db #0x9C	; 156
   00E1 28                  270 	.db #0x28	; 40
   00E2 01                  271 	.db #0x01	; 1
   00E3 29                  272 	.db #0x29	; 41
   00E4 29                  273 	.db #0x29	; 41
   00E5 44                  274 	.db #0x44	; 68	'D'
   00E6 3C                  275 	.db #0x3C	; 60
   00E7 3C                  276 	.db #0x3C	; 60
   00E8 46                  277 	.db #0x46	; 70	'F'
   00E9 CC                  278 	.db #0xCC	; 204
   00EA CC                  279 	.db #0xCC	; 204
   00EB 01                  280 	.db #0x01	; 1
   00EC 3C                  281 	.db #0x3C	; 60
   00ED 3C                  282 	.db #0x3C	; 60
   00EE 6C                  283 	.db #0x6C	; 108	'l'
   00EF 00                  284 	.db #0x00	; 0
   00F0 01                  285 	.db #0x01	; 1
   00F1 3C                  286 	.db #0x3C	; 60
   00F2 3C                  287 	.db #0x3C	; 60
   00F3 28                  288 	.db #0x28	; 40
   00F4 9C                  289 	.db #0x9C	; 156
   00F5 6C                  290 	.db #0x6C	; 108	'l'
   00F6 00                  291 	.db #0x00	; 0
   00F7 14                  292 	.db #0x14	; 20
   00F8 3C                  293 	.db #0x3C	; 60
   00F9 6C                  294 	.db #0x6C	; 108	'l'
   00FA 14                  295 	.db #0x14	; 20
   00FB 3C                  296 	.db #0x3C	; 60
   00FC 3C                  297 	.db #0x3C	; 60
   00FD 3C                  298 	.db #0x3C	; 60
   00FE 3C                  299 	.db #0x3C	; 60
   00FF 6C                  300 	.db #0x6C	; 108	'l'
   0100 9C                  301 	.db #0x9C	; 156
   0101 28                  302 	.db #0x28	; 40
   0102 00                  303 	.db #0x00	; 0
   0103 00                  304 	.db #0x00	; 0
   0104 00                  305 	.db #0x00	; 0
   0105 44                  306 	.db #0x44	; 68	'D'
   0106 3C                  307 	.db #0x3C	; 60
   0107 3C                  308 	.db #0x3C	; 60
   0108 3C                  309 	.db #0x3C	; 60
   0109 3C                  310 	.db #0x3C	; 60
   010A 3C                  311 	.db #0x3C	; 60
   010B 00                  312 	.db #0x00	; 0
   010C 16                  313 	.db #0x16	; 22
   010D 29                  314 	.db #0x29	; 41
   010E 3C                  315 	.db #0x3C	; 60
   010F A8                  316 	.db #0xA8	; 168
   0110 3C                  317 	.db #0x3C	; 60
   0111 3C                  318 	.db #0x3C	; 60
   0112 3C                  319 	.db #0x3C	; 60
   0113 28                  320 	.db #0x28	; 40
   0114 9C                  321 	.db #0x9C	; 156
   0115 3C                  322 	.db #0x3C	; 60
   0116 88                  323 	.db #0x88	; 136
   0117 14                  324 	.db #0x14	; 20
   0118 3C                  325 	.db #0x3C	; 60
   0119 6C                  326 	.db #0x6C	; 108	'l'
   011A 14                  327 	.db #0x14	; 20
   011B 3C                  328 	.db #0x3C	; 60
   011C 3C                  329 	.db #0x3C	; 60
   011D 3C                  330 	.db #0x3C	; 60
   011E 29                  331 	.db #0x29	; 41
   011F 88                  332 	.db #0x88	; 136
   0120 9C                  333 	.db #0x9C	; 156
   0121 28                  334 	.db #0x28	; 40
   0122 01                  335 	.db #0x01	; 1
   0123 29                  336 	.db #0x29	; 41
   0124 29                  337 	.db #0x29	; 41
   0125 44                  338 	.db #0x44	; 68	'D'
   0126 3C                  339 	.db #0x3C	; 60
   0127 7C                  340 	.db #0x7C	; 124
   0128 9C                  341 	.db #0x9C	; 156
   0129 3C                  342 	.db #0x3C	; 60
   012A 3C                  343 	.db #0x3C	; 60
   012B 00                  344 	.db #0x00	; 0
   012C 16                  345 	.db #0x16	; 22
   012D 7C                  346 	.db #0x7C	; 124
   012E 16                  347 	.db #0x16	; 22
   012F 88                  348 	.db #0x88	; 136
   0130 3C                  349 	.db #0x3C	; 60
   0131 3C                  350 	.db #0x3C	; 60
   0132 16                  351 	.db #0x16	; 22
   0133 28                  352 	.db #0x28	; 40
   0134 9C                  353 	.db #0x9C	; 156
   0135 3C                  354 	.db #0x3C	; 60
   0136 7C                  355 	.db #0x7C	; 124
   0137 14                  356 	.db #0x14	; 20
   0138 3C                  357 	.db #0x3C	; 60
   0139 6C                  358 	.db #0x6C	; 108	'l'
   013A 14                  359 	.db #0x14	; 20
   013B 3C                  360 	.db #0x3C	; 60
   013C 29                  361 	.db #0x29	; 41
   013D 54                  362 	.db #0x54	; 84	'T'
   013E 3C                  363 	.db #0x3C	; 60
   013F 6C                  364 	.db #0x6C	; 108	'l'
   0140 9C                  365 	.db #0x9C	; 156
   0141 28                  366 	.db #0x28	; 40
   0142 14                  367 	.db #0x14	; 20
   0143 3C                  368 	.db #0x3C	; 60
   0144 29                  369 	.db #0x29	; 41
   0145 44                  370 	.db #0x44	; 68	'D'
   0146 3C                  371 	.db #0x3C	; 60
   0147 29                  372 	.db #0x29	; 41
   0148 88                  373 	.db #0x88	; 136
   0149 CC                  374 	.db #0xCC	; 204
   014A CC                  375 	.db #0xCC	; 204
   014B 01                  376 	.db #0x01	; 1
   014C 3C                  377 	.db #0x3C	; 60
   014D 6C                  378 	.db #0x6C	; 108	'l'
   014E 3C                  379 	.db #0x3C	; 60
   014F 88                  380 	.db #0x88	; 136
   0150 3C                  381 	.db #0x3C	; 60
   0151 3C                  382 	.db #0x3C	; 60
   0152 16                  383 	.db #0x16	; 22
   0153 28                  384 	.db #0x28	; 40
   0154 9C                  385 	.db #0x9C	; 156
   0155 3C                  386 	.db #0x3C	; 60
   0156 6C                  387 	.db #0x6C	; 108	'l'
   0157 14                  388 	.db #0x14	; 20
   0158 3C                  389 	.db #0x3C	; 60
   0159 29                  390 	.db #0x29	; 41
   015A 88                  391 	.db #0x88	; 136
   015B CC                  392 	.db #0xCC	; 204
   015C 88                  393 	.db #0x88	; 136
   015D 03                  394 	.db #0x03	; 3
   015E 3C                  395 	.db #0x3C	; 60
   015F 6C                  396 	.db #0x6C	; 108	'l'
   0160 9C                  397 	.db #0x9C	; 156
   0161 46                  398 	.db #0x46	; 70	'F'
   0162 89                  399 	.db #0x89	; 137
   0163 3C                  400 	.db #0x3C	; 60
   0164 29                  401 	.db #0x29	; 41
   0165 DC                  402 	.db #0xDC	; 220
   0166 3C                  403 	.db #0x3C	; 60
   0167 3C                  404 	.db #0x3C	; 60
   0168 6C                  405 	.db #0x6C	; 108	'l'
   0169 CC                  406 	.db #0xCC	; 204
   016A CC                  407 	.db #0xCC	; 204
   016B 16                  408 	.db #0x16	; 22
   016C 3C                  409 	.db #0x3C	; 60
   016D 6C                  410 	.db #0x6C	; 108	'l'
   016E 3C                  411 	.db #0x3C	; 60
   016F EC                  412 	.db #0xEC	; 236
   0170 16                  413 	.db #0x16	; 22
   0171 29                  414 	.db #0x29	; 41
   0172 9C                  415 	.db #0x9C	; 156
   0173 46                  416 	.db #0x46	; 70	'F'
   0174 BC                  417 	.db #0xBC	; 188
   0175 3C                  418 	.db #0x3C	; 60
   0176 7C                  419 	.db #0x7C	; 124
   0177 89                  420 	.db #0x89	; 137
   0178 3C                  421 	.db #0x3C	; 60
   0179 3C                  422 	.db #0x3C	; 60
   017A EC                  423 	.db #0xEC	; 236
   017B CC                  424 	.db #0xCC	; 204
   017C CC                  425 	.db #0xCC	; 204
   017D 16                  426 	.db #0x16	; 22
   017E 3C                  427 	.db #0x3C	; 60
   017F 6C                  428 	.db #0x6C	; 108	'l'
   0180 9C                  429 	.db #0x9C	; 156
   0181 3C                  430 	.db #0x3C	; 60
   0182 3C                  431 	.db #0x3C	; 60
   0183 3C                  432 	.db #0x3C	; 60
   0184 3C                  433 	.db #0x3C	; 60
   0185 3C                  434 	.db #0x3C	; 60
   0186 3C                  435 	.db #0x3C	; 60
   0187 16                  436 	.db #0x16	; 22
   0188 3C                  437 	.db #0x3C	; 60
   0189 3C                  438 	.db #0x3C	; 60
   018A 3C                  439 	.db #0x3C	; 60
   018B 3C                  440 	.db #0x3C	; 60
   018C 3C                  441 	.db #0x3C	; 60
   018D 6C                  442 	.db #0x6C	; 108	'l'
   018E 3C                  443 	.db #0x3C	; 60
   018F 3C                  444 	.db #0x3C	; 60
   0190 3C                  445 	.db #0x3C	; 60
   0191 3C                  446 	.db #0x3C	; 60
   0192 9C                  447 	.db #0x9C	; 156
   0193 3C                  448 	.db #0x3C	; 60
   0194 3C                  449 	.db #0x3C	; 60
   0195 3C                  450 	.db #0x3C	; 60
   0196 3C                  451 	.db #0x3C	; 60
   0197 3C                  452 	.db #0x3C	; 60
   0198 3C                  453 	.db #0x3C	; 60
   0199 3C                  454 	.db #0x3C	; 60
   019A 3C                  455 	.db #0x3C	; 60
   019B 3C                  456 	.db #0x3C	; 60
   019C 3C                  457 	.db #0x3C	; 60
   019D 3C                  458 	.db #0x3C	; 60
   019E 3C                  459 	.db #0x3C	; 60
   019F 6C                  460 	.db #0x6C	; 108	'l'
   01A0 44                  461 	.db #0x44	; 68	'D'
   01A1 3C                  462 	.db #0x3C	; 60
   01A2 3C                  463 	.db #0x3C	; 60
   01A3 3C                  464 	.db #0x3C	; 60
   01A4 A9                  465 	.db #0xA9	; 169
   01A5 3C                  466 	.db #0x3C	; 60
   01A6 3C                  467 	.db #0x3C	; 60
   01A7 7C                  468 	.db #0x7C	; 124
   01A8 3C                  469 	.db #0x3C	; 60
   01A9 3C                  470 	.db #0x3C	; 60
   01AA 3C                  471 	.db #0x3C	; 60
   01AB 3C                  472 	.db #0x3C	; 60
   01AC 3C                  473 	.db #0x3C	; 60
   01AD 02                  474 	.db #0x02	; 2
   01AE DC                  475 	.db #0xDC	; 220
   01AF 3C                  476 	.db #0x3C	; 60
   01B0 3C                  477 	.db #0x3C	; 60
   01B1 3C                  478 	.db #0x3C	; 60
   01B2 44                  479 	.db #0x44	; 68	'D'
   01B3 16                  480 	.db #0x16	; 22
   01B4 3C                  481 	.db #0x3C	; 60
   01B5 29                  482 	.db #0x29	; 41
   01B6 BC                  483 	.db #0xBC	; 188
   01B7 3C                  484 	.db #0x3C	; 60
   01B8 3C                  485 	.db #0x3C	; 60
   01B9 56                  486 	.db #0x56	; 86	'V'
   01BA 3C                  487 	.db #0x3C	; 60
   01BB 3C                  488 	.db #0x3C	; 60
   01BC 3C                  489 	.db #0x3C	; 60
   01BD 3C                  490 	.db #0x3C	; 60
   01BE 29                  491 	.db #0x29	; 41
   01BF A8                  492 	.db #0xA8	; 168
   01C0 00                  493 	.db #0x00	; 0
   01C1 16                  494 	.db #0x16	; 22
   01C2 03                  495 	.db #0x03	; 3
   01C3 16                  496 	.db #0x16	; 22
   01C4 01                  497 	.db #0x01	; 1
   01C5 29                  498 	.db #0x29	; 41
   01C6 16                  499 	.db #0x16	; 22
   01C7 02                  500 	.db #0x02	; 2
   01C8 16                  501 	.db #0x16	; 22
   01C9 03                  502 	.db #0x03	; 3
   01CA 03                  503 	.db #0x03	; 3
   01CB 03                  504 	.db #0x03	; 3
   01CC 16                  505 	.db #0x16	; 22
   01CD A8                  506 	.db #0xA8	; 168
   01CE 54                  507 	.db #0x54	; 84	'T'
   01CF 29                  508 	.db #0x29	; 41
   01D0 03                  509 	.db #0x03	; 3
   01D1 29                  510 	.db #0x29	; 41
   01D2 00                  511 	.db #0x00	; 0
   01D3 16                  512 	.db #0x16	; 22
   01D4 03                  513 	.db #0x03	; 3
   01D5 29                  514 	.db #0x29	; 41
   01D6 9C                  515 	.db #0x9C	; 156
   01D7 03                  516 	.db #0x03	; 3
   01D8 16                  517 	.db #0x16	; 22
   01D9 46                  518 	.db #0x46	; 70	'F'
   01DA 29                  519 	.db #0x29	; 41
   01DB 03                  520 	.db #0x03	; 3
   01DC 03                  521 	.db #0x03	; 3
   01DD 03                  522 	.db #0x03	; 3
   01DE 29                  523 	.db #0x29	; 41
   01DF 00                  524 	.db #0x00	; 0
   01E0 00                  525 	.db #0x00	; 0
   01E1 00                  526 	.db #0x00	; 0
   01E2 00                  527 	.db #0x00	; 0
   01E3 00                  528 	.db #0x00	; 0
   01E4 00                  529 	.db #0x00	; 0
   01E5 00                  530 	.db #0x00	; 0
   01E6 00                  531 	.db #0x00	; 0
   01E7 00                  532 	.db #0x00	; 0
   01E8 00                  533 	.db #0x00	; 0
   01E9 00                  534 	.db #0x00	; 0
   01EA 00                  535 	.db #0x00	; 0
   01EB 00                  536 	.db #0x00	; 0
   01EC 00                  537 	.db #0x00	; 0
   01ED 00                  538 	.db #0x00	; 0
   01EE 00                  539 	.db #0x00	; 0
   01EF 00                  540 	.db #0x00	; 0
   01F0 00                  541 	.db #0x00	; 0
   01F1 00                  542 	.db #0x00	; 0
   01F2 00                  543 	.db #0x00	; 0
   01F3 00                  544 	.db #0x00	; 0
   01F4 00                  545 	.db #0x00	; 0
   01F5 00                  546 	.db #0x00	; 0
   01F6 00                  547 	.db #0x00	; 0
   01F7 00                  548 	.db #0x00	; 0
   01F8 00                  549 	.db #0x00	; 0
   01F9 00                  550 	.db #0x00	; 0
   01FA 00                  551 	.db #0x00	; 0
   01FB 00                  552 	.db #0x00	; 0
   01FC 00                  553 	.db #0x00	; 0
   01FD 00                  554 	.db #0x00	; 0
   01FE 00                  555 	.db #0x00	; 0
   01FF 00                  556 	.db #0x00	; 0
   0200 00                  557 	.db #0x00	; 0
   0201 00                  558 	.db #0x00	; 0
   0202 00                  559 	.db #0x00	; 0
   0203 00                  560 	.db #0x00	; 0
   0204 00                  561 	.db #0x00	; 0
   0205 00                  562 	.db #0x00	; 0
   0206 00                  563 	.db #0x00	; 0
   0207 00                  564 	.db #0x00	; 0
   0208 00                  565 	.db #0x00	; 0
   0209 00                  566 	.db #0x00	; 0
   020A 40                  567 	.db #0x40	; 64
   020B C0                  568 	.db #0xC0	; 192
   020C C0                  569 	.db #0xC0	; 192
   020D C0                  570 	.db #0xC0	; 192
   020E C0                  571 	.db #0xC0	; 192
   020F 80                  572 	.db #0x80	; 128
   0210 C0                  573 	.db #0xC0	; 192
   0211 80                  574 	.db #0x80	; 128
   0212 C0                  575 	.db #0xC0	; 192
   0213 00                  576 	.db #0x00	; 0
   0214 80                  577 	.db #0x80	; 128
   0215 00                  578 	.db #0x00	; 0
   0216 00                  579 	.db #0x00	; 0
   0217 00                  580 	.db #0x00	; 0
   0218 00                  581 	.db #0x00	; 0
   0219 00                  582 	.db #0x00	; 0
   021A 00                  583 	.db #0x00	; 0
   021B 00                  584 	.db #0x00	; 0
   021C 00                  585 	.db #0x00	; 0
   021D 00                  586 	.db #0x00	; 0
   021E 00                  587 	.db #0x00	; 0
   021F 00                  588 	.db #0x00	; 0
   0220 00                  589 	.db #0x00	; 0
   0221 00                  590 	.db #0x00	; 0
   0222 00                  591 	.db #0x00	; 0
   0223 00                  592 	.db #0x00	; 0
   0224 00                  593 	.db #0x00	; 0
   0225 00                  594 	.db #0x00	; 0
   0226 00                  595 	.db #0x00	; 0
   0227 00                  596 	.db #0x00	; 0
   0228 00                  597 	.db #0x00	; 0
   0229 00                  598 	.db #0x00	; 0
   022A 15                  599 	.db #0x15	; 21
   022B F3                  600 	.db #0xF3	; 243
   022C B7                  601 	.db #0xB7	; 183
   022D 7B                  602 	.db #0x7B	; 123
   022E F3                  603 	.db #0xF3	; 243
   022F 2B                  604 	.db #0x2B	; 43
   0230 F3                  605 	.db #0xF3	; 243
   0231 E2                  606 	.db #0xE2	; 226
   0232 B7                  607 	.db #0xB7	; 183
   0233 01                  608 	.db #0x01	; 1
   0234 E2                  609 	.db #0xE2	; 226
   0235 00                  610 	.db #0x00	; 0
   0236 00                  611 	.db #0x00	; 0
   0237 00                  612 	.db #0x00	; 0
   0238 00                  613 	.db #0x00	; 0
   0239 00                  614 	.db #0x00	; 0
   023A 00                  615 	.db #0x00	; 0
   023B 00                  616 	.db #0x00	; 0
   023C 00                  617 	.db #0x00	; 0
   023D 00                  618 	.db #0x00	; 0
   023E 00                  619 	.db #0x00	; 0
   023F 00                  620 	.db #0x00	; 0
   0240 00                  621 	.db #0x00	; 0
   0241 00                  622 	.db #0x00	; 0
   0242 00                  623 	.db #0x00	; 0
   0243 00                  624 	.db #0x00	; 0
   0244 00                  625 	.db #0x00	; 0
   0245 00                  626 	.db #0x00	; 0
   0246 00                  627 	.db #0x00	; 0
   0247 00                  628 	.db #0x00	; 0
   0248 00                  629 	.db #0x00	; 0
   0249 00                  630 	.db #0x00	; 0
   024A 40                  631 	.db #0x40	; 64
   024B D1                  632 	.db #0xD1	; 209
   024C C0                  633 	.db #0xC0	; 192
   024D 7B                  634 	.db #0x7B	; 123
   024E 03                  635 	.db #0x03	; 3
   024F D1                  636 	.db #0xD1	; 209
   0250 6A                  637 	.db #0x6A	; 106	'j'
   0251 D1                  638 	.db #0xD1	; 209
   0252 53                  639 	.db #0x53	; 83	'S'
   0253 F3                  640 	.db #0xF3	; 243
   0254 E2                  641 	.db #0xE2	; 226
   0255 00                  642 	.db #0x00	; 0
   0256 00                  643 	.db #0x00	; 0
   0257 00                  644 	.db #0x00	; 0
   0258 00                  645 	.db #0x00	; 0
   0259 00                  646 	.db #0x00	; 0
   025A 00                  647 	.db #0x00	; 0
   025B 00                  648 	.db #0x00	; 0
   025C 00                  649 	.db #0x00	; 0
   025D 00                  650 	.db #0x00	; 0
   025E 00                  651 	.db #0x00	; 0
   025F 00                  652 	.db #0x00	; 0
   0260 00                  653 	.db #0x00	; 0
   0261 00                  654 	.db #0x00	; 0
   0262 00                  655 	.db #0x00	; 0
   0263 00                  656 	.db #0x00	; 0
   0264 00                  657 	.db #0x00	; 0
   0265 00                  658 	.db #0x00	; 0
   0266 00                  659 	.db #0x00	; 0
   0267 00                  660 	.db #0x00	; 0
   0268 00                  661 	.db #0x00	; 0
   0269 00                  662 	.db #0x00	; 0
   026A 00                  663 	.db #0x00	; 0
   026B D1                  664 	.db #0xD1	; 209
   026C 80                  665 	.db #0x80	; 128
   026D 7B                  666 	.db #0x7B	; 123
   026E 6A                  667 	.db #0x6A	; 106	'j'
   026F 15                  668 	.db #0x15	; 21
   0270 B7                  669 	.db #0xB7	; 183
   0271 7B                  670 	.db #0x7B	; 123
   0272 03                  671 	.db #0x03	; 3
   0273 2B                  672 	.db #0x2B	; 43
   0274 E2                  673 	.db #0xE2	; 226
   0275 00                  674 	.db #0x00	; 0
   0276 00                  675 	.db #0x00	; 0
   0277 00                  676 	.db #0x00	; 0
   0278 00                  677 	.db #0x00	; 0
   0279 00                  678 	.db #0x00	; 0
   027A 00                  679 	.db #0x00	; 0
   027B 00                  680 	.db #0x00	; 0
   027C 00                  681 	.db #0x00	; 0
   027D 00                  682 	.db #0x00	; 0
   027E 00                  683 	.db #0x00	; 0
   027F 00                  684 	.db #0x00	; 0
   0280 00                  685 	.db #0x00	; 0
   0281 00                  686 	.db #0x00	; 0
   0282 00                  687 	.db #0x00	; 0
   0283 00                  688 	.db #0x00	; 0
   0284 00                  689 	.db #0x00	; 0
   0285 00                  690 	.db #0x00	; 0
   0286 00                  691 	.db #0x00	; 0
   0287 00                  692 	.db #0x00	; 0
   0288 00                  693 	.db #0x00	; 0
   0289 00                  694 	.db #0x00	; 0
   028A 00                  695 	.db #0x00	; 0
   028B D1                  696 	.db #0xD1	; 209
   028C 80                  697 	.db #0x80	; 128
   028D 3F                  698 	.db #0x3F	; 63
   028E 00                  699 	.db #0x00	; 0
   028F 15                  700 	.db #0x15	; 21
   0290 B7                  701 	.db #0xB7	; 183
   0291 7B                  702 	.db #0x7B	; 123
   0292 17                  703 	.db #0x17	; 23
   0293 40                  704 	.db #0x40	; 64
   0294 E2                  705 	.db #0xE2	; 226
   0295 00                  706 	.db #0x00	; 0
   0296 00                  707 	.db #0x00	; 0
   0297 00                  708 	.db #0x00	; 0
   0298 00                  709 	.db #0x00	; 0
   0299 00                  710 	.db #0x00	; 0
   029A 00                  711 	.db #0x00	; 0
   029B 00                  712 	.db #0x00	; 0
   029C 00                  713 	.db #0x00	; 0
   029D 00                  714 	.db #0x00	; 0
   029E 00                  715 	.db #0x00	; 0
   029F 00                  716 	.db #0x00	; 0
   02A0 00                  717 	.db #0x00	; 0
   02A1 00                  718 	.db #0x00	; 0
   02A2 00                  719 	.db #0x00	; 0
   02A3 00                  720 	.db #0x00	; 0
   02A4 00                  721 	.db #0x00	; 0
   02A5 00                  722 	.db #0x00	; 0
   02A6 00                  723 	.db #0x00	; 0
   02A7 00                  724 	.db #0x00	; 0
   02A8 00                  725 	.db #0x00	; 0
   02A9 00                  726 	.db #0x00	; 0
   02AA 00                  727 	.db #0x00	; 0
   02AB D1                  728 	.db #0xD1	; 209
   02AC 80                  729 	.db #0x80	; 128
   02AD 3F                  730 	.db #0x3F	; 63
   02AE C0                  731 	.db #0xC0	; 192
   02AF 95                  732 	.db #0x95	; 149
   02B0 2A                  733 	.db #0x2A	; 42
   02B1 D1                  734 	.db #0xD1	; 209
   02B2 17                  735 	.db #0x17	; 23
   02B3 40                  736 	.db #0x40	; 64
   02B4 E2                  737 	.db #0xE2	; 226
   02B5 00                  738 	.db #0x00	; 0
   02B6 00                  739 	.db #0x00	; 0
   02B7 00                  740 	.db #0x00	; 0
   02B8 00                  741 	.db #0x00	; 0
   02B9 00                  742 	.db #0x00	; 0
   02BA 00                  743 	.db #0x00	; 0
   02BB 00                  744 	.db #0x00	; 0
   02BC 00                  745 	.db #0x00	; 0
   02BD 00                  746 	.db #0x00	; 0
   02BE 00                  747 	.db #0x00	; 0
   02BF 00                  748 	.db #0x00	; 0
   02C0 00                  749 	.db #0x00	; 0
   02C1 00                  750 	.db #0x00	; 0
   02C2 00                  751 	.db #0x00	; 0
   02C3 00                  752 	.db #0x00	; 0
   02C4 00                  753 	.db #0x00	; 0
   02C5 00                  754 	.db #0x00	; 0
   02C6 00                  755 	.db #0x00	; 0
   02C7 00                  756 	.db #0x00	; 0
   02C8 00                  757 	.db #0x00	; 0
   02C9 00                  758 	.db #0x00	; 0
   02CA 00                  759 	.db #0x00	; 0
   02CB D1                  760 	.db #0xD1	; 209
   02CC 80                  761 	.db #0x80	; 128
   02CD 7B                  762 	.db #0x7B	; 123
   02CE F3                  763 	.db #0xF3	; 243
   02CF 7B                  764 	.db #0x7B	; 123
   02D0 2A                  765 	.db #0x2A	; 42
   02D1 D1                  766 	.db #0xD1	; 209
   02D2 3F                  767 	.db #0x3F	; 63
   02D3 40                  768 	.db #0x40	; 64
   02D4 E2                  769 	.db #0xE2	; 226
   02D5 00                  770 	.db #0x00	; 0
   02D6 00                  771 	.db #0x00	; 0
   02D7 00                  772 	.db #0x00	; 0
   02D8 00                  773 	.db #0x00	; 0
   02D9 00                  774 	.db #0x00	; 0
   02DA 00                  775 	.db #0x00	; 0
   02DB 00                  776 	.db #0x00	; 0
   02DC 00                  777 	.db #0x00	; 0
   02DD 00                  778 	.db #0x00	; 0
   02DE 00                  779 	.db #0x00	; 0
   02DF 00                  780 	.db #0x00	; 0
   02E0 00                  781 	.db #0x00	; 0
   02E1 00                  782 	.db #0x00	; 0
   02E2 00                  783 	.db #0x00	; 0
   02E3 00                  784 	.db #0x00	; 0
   02E4 00                  785 	.db #0x00	; 0
   02E5 00                  786 	.db #0x00	; 0
   02E6 00                  787 	.db #0x00	; 0
   02E7 00                  788 	.db #0x00	; 0
   02E8 00                  789 	.db #0x00	; 0
   02E9 00                  790 	.db #0x00	; 0
   02EA 00                  791 	.db #0x00	; 0
   02EB 40                  792 	.db #0x40	; 64
   02EC 00                  793 	.db #0x00	; 0
   02ED C0                  794 	.db #0xC0	; 192
   02EE C0                  795 	.db #0xC0	; 192
   02EF 00                  796 	.db #0x00	; 0
   02F0 80                  797 	.db #0x80	; 128
   02F1 40                  798 	.db #0x40	; 64
   02F2 40                  799 	.db #0x40	; 64
   02F3 00                  800 	.db #0x00	; 0
   02F4 80                  801 	.db #0x80	; 128
   02F5 00                  802 	.db #0x00	; 0
   02F6 00                  803 	.db #0x00	; 0
   02F7 00                  804 	.db #0x00	; 0
   02F8 00                  805 	.db #0x00	; 0
   02F9 00                  806 	.db #0x00	; 0
   02FA 00                  807 	.db #0x00	; 0
   02FB 00                  808 	.db #0x00	; 0
   02FC 00                  809 	.db #0x00	; 0
   02FD 00                  810 	.db #0x00	; 0
   02FE 00                  811 	.db #0x00	; 0
   02FF 00                  812 	.db #0x00	; 0
                            813 	.area _INITIALIZER
                            814 	.area _CABS (ABS)
