                              1 ;--------------------------------------------------------
                              2 ; File Created by SDCC : free open source ANSI-C Compiler
                              3 ; Version 3.5.5 #9498 (CYGWIN)
                              4 ;--------------------------------------------------------
                              5 	.module cinta
                              6 	.optsdcc -mz80
                              7 	
                              8 ;--------------------------------------------------------
                              9 ; Public variables in this module
                             10 ;--------------------------------------------------------
                             11 	.globl _g_cinta
                             12 ;--------------------------------------------------------
                             13 ; special function registers
                             14 ;--------------------------------------------------------
                             15 ;--------------------------------------------------------
                             16 ; ram data
                             17 ;--------------------------------------------------------
                             18 	.area _DATA
                             19 ;--------------------------------------------------------
                             20 ; ram data
                             21 ;--------------------------------------------------------
                             22 	.area _INITIALIZED
                             23 ;--------------------------------------------------------
                             24 ; absolute external ram data
                             25 ;--------------------------------------------------------
                             26 	.area _DABS (ABS)
                             27 ;--------------------------------------------------------
                             28 ; global & static initialisations
                             29 ;--------------------------------------------------------
                             30 	.area _HOME
                             31 	.area _GSINIT
                             32 	.area _GSFINAL
                             33 	.area _GSINIT
                             34 ;--------------------------------------------------------
                             35 ; Home
                             36 ;--------------------------------------------------------
                             37 	.area _HOME
                             38 	.area _HOME
                             39 ;--------------------------------------------------------
                             40 ; code
                             41 ;--------------------------------------------------------
                             42 	.area _CODE
                             43 	.area _CODE
   0000                      44 _g_cinta:
   0000 CC                   45 	.db #0xCC	; 204
   0001 CC                   46 	.db #0xCC	; 204
   0002 CC                   47 	.db #0xCC	; 204
   0003 CC                   48 	.db #0xCC	; 204
   0004 CC                   49 	.db #0xCC	; 204
   0005 CC                   50 	.db #0xCC	; 204
   0006 CC                   51 	.db #0xCC	; 204
   0007 CC                   52 	.db #0xCC	; 204
   0008 CC                   53 	.db #0xCC	; 204
   0009 CC                   54 	.db #0xCC	; 204
   000A CC                   55 	.db #0xCC	; 204
   000B CC                   56 	.db #0xCC	; 204
   000C CC                   57 	.db #0xCC	; 204
   000D CC                   58 	.db #0xCC	; 204
   000E CC                   59 	.db #0xCC	; 204
   000F CC                   60 	.db #0xCC	; 204
   0010 CC                   61 	.db #0xCC	; 204
   0011 CC                   62 	.db #0xCC	; 204
   0012 CC                   63 	.db #0xCC	; 204
   0013 CC                   64 	.db #0xCC	; 204
   0014 CC                   65 	.db #0xCC	; 204
   0015 CC                   66 	.db #0xCC	; 204
   0016 CC                   67 	.db #0xCC	; 204
   0017 CC                   68 	.db #0xCC	; 204
   0018 CC                   69 	.db #0xCC	; 204
   0019 CC                   70 	.db #0xCC	; 204
   001A CC                   71 	.db #0xCC	; 204
   001B CC                   72 	.db #0xCC	; 204
   001C CC                   73 	.db #0xCC	; 204
   001D CC                   74 	.db #0xCC	; 204
   001E CC                   75 	.db #0xCC	; 204
   001F CC                   76 	.db #0xCC	; 204
   0020 CC                   77 	.db #0xCC	; 204
   0021 CC                   78 	.db #0xCC	; 204
   0022 CC                   79 	.db #0xCC	; 204
   0023 CC                   80 	.db #0xCC	; 204
   0024 CC                   81 	.db #0xCC	; 204
   0025 CC                   82 	.db #0xCC	; 204
   0026 CC                   83 	.db #0xCC	; 204
   0027 CC                   84 	.db #0xCC	; 204
   0028 CC                   85 	.db #0xCC	; 204
   0029 89                   86 	.db #0x89	; 137
   002A FF                   87 	.db #0xFF	; 255
   002B FF                   88 	.db #0xFF	; 255
   002C FF                   89 	.db #0xFF	; 255
   002D FF                   90 	.db #0xFF	; 255
   002E FF                   91 	.db #0xFF	; 255
   002F FF                   92 	.db #0xFF	; 255
   0030 FF                   93 	.db #0xFF	; 255
   0031 57                   94 	.db #0x57	; 87	'W'
   0032 AB                   95 	.db #0xAB	; 171
   0033 FF                   96 	.db #0xFF	; 255
   0034 FF                   97 	.db #0xFF	; 255
   0035 FF                   98 	.db #0xFF	; 255
   0036 FF                   99 	.db #0xFF	; 255
   0037 FF                  100 	.db #0xFF	; 255
   0038 FF                  101 	.db #0xFF	; 255
   0039 FF                  102 	.db #0xFF	; 255
   003A 46                  103 	.db #0x46	; 70	'F'
   003B CC                  104 	.db #0xCC	; 204
   003C CC                  105 	.db #0xCC	; 204
   003D 57                  106 	.db #0x57	; 87	'W'
   003E FF                  107 	.db #0xFF	; 255
   003F FF                  108 	.db #0xFF	; 255
   0040 FF                  109 	.db #0xFF	; 255
   0041 FF                  110 	.db #0xFF	; 255
   0042 FF                  111 	.db #0xFF	; 255
   0043 02                  112 	.db #0x02	; 2
   0044 03                  113 	.db #0x03	; 3
   0045 57                  114 	.db #0x57	; 87	'W'
   0046 03                  115 	.db #0x03	; 3
   0047 03                  116 	.db #0x03	; 3
   0048 03                  117 	.db #0x03	; 3
   0049 FF                  118 	.db #0xFF	; 255
   004A FF                  119 	.db #0xFF	; 255
   004B FF                  120 	.db #0xFF	; 255
   004C FF                  121 	.db #0xFF	; 255
   004D FF                  122 	.db #0xFF	; 255
   004E AB                  123 	.db #0xAB	; 171
   004F CC                  124 	.db #0xCC	; 204
   0050 CC                  125 	.db #0xCC	; 204
   0051 FF                  126 	.db #0xFF	; 255
   0052 FF                  127 	.db #0xFF	; 255
   0053 FF                  128 	.db #0xFF	; 255
   0054 FF                  129 	.db #0xFF	; 255
   0055 FF                  130 	.db #0xFF	; 255
   0056 FF                  131 	.db #0xFF	; 255
   0057 01                  132 	.db #0x01	; 1
   0058 AB                  133 	.db #0xAB	; 171
   0059 57                  134 	.db #0x57	; 87	'W'
   005A 02                  135 	.db #0x02	; 2
   005B 03                  136 	.db #0x03	; 3
   005C 03                  137 	.db #0x03	; 3
   005D FF                  138 	.db #0xFF	; 255
   005E FF                  139 	.db #0xFF	; 255
   005F FF                  140 	.db #0xFF	; 255
   0060 FF                  141 	.db #0xFF	; 255
   0061 FF                  142 	.db #0xFF	; 255
   0062 FF                  143 	.db #0xFF	; 255
   0063 CC                  144 	.db #0xCC	; 204
   0064 CC                  145 	.db #0xCC	; 204
   0065 FF                  146 	.db #0xFF	; 255
   0066 FF                  147 	.db #0xFF	; 255
   0067 FF                  148 	.db #0xFF	; 255
   0068 FF                  149 	.db #0xFF	; 255
   0069 FF                  150 	.db #0xFF	; 255
   006A FF                  151 	.db #0xFF	; 255
   006B AB                  152 	.db #0xAB	; 171
   006C AB                  153 	.db #0xAB	; 171
   006D FF                  154 	.db #0xFF	; 255
   006E AB                  155 	.db #0xAB	; 171
   006F 03                  156 	.db #0x03	; 3
   0070 57                  157 	.db #0x57	; 87	'W'
   0071 FF                  158 	.db #0xFF	; 255
   0072 FF                  159 	.db #0xFF	; 255
   0073 FF                  160 	.db #0xFF	; 255
   0074 FF                  161 	.db #0xFF	; 255
   0075 FF                  162 	.db #0xFF	; 255
   0076 FF                  163 	.db #0xFF	; 255
   0077 CC                  164 	.db #0xCC	; 204
   0078 CC                  165 	.db #0xCC	; 204
   0079 30                  166 	.db #0x30	; 48	'0'
   007A 30                  167 	.db #0x30	; 48	'0'
   007B 30                  168 	.db #0x30	; 48	'0'
   007C 30                  169 	.db #0x30	; 48	'0'
   007D 30                  170 	.db #0x30	; 48	'0'
   007E 30                  171 	.db #0x30	; 48	'0'
   007F 30                  172 	.db #0x30	; 48	'0'
   0080 30                  173 	.db #0x30	; 48	'0'
   0081 30                  174 	.db #0x30	; 48	'0'
   0082 30                  175 	.db #0x30	; 48	'0'
   0083 30                  176 	.db #0x30	; 48	'0'
   0084 30                  177 	.db #0x30	; 48	'0'
   0085 30                  178 	.db #0x30	; 48	'0'
   0086 30                  179 	.db #0x30	; 48	'0'
   0087 30                  180 	.db #0x30	; 48	'0'
   0088 30                  181 	.db #0x30	; 48	'0'
   0089 30                  182 	.db #0x30	; 48	'0'
   008A 30                  183 	.db #0x30	; 48	'0'
   008B CC                  184 	.db #0xCC	; 204
   008C CC                  185 	.db #0xCC	; 204
   008D 30                  186 	.db #0x30	; 48	'0'
   008E 30                  187 	.db #0x30	; 48	'0'
   008F 30                  188 	.db #0x30	; 48	'0'
   0090 30                  189 	.db #0x30	; 48	'0'
   0091 30                  190 	.db #0x30	; 48	'0'
   0092 30                  191 	.db #0x30	; 48	'0'
   0093 30                  192 	.db #0x30	; 48	'0'
   0094 30                  193 	.db #0x30	; 48	'0'
   0095 30                  194 	.db #0x30	; 48	'0'
   0096 30                  195 	.db #0x30	; 48	'0'
   0097 30                  196 	.db #0x30	; 48	'0'
   0098 30                  197 	.db #0x30	; 48	'0'
   0099 30                  198 	.db #0x30	; 48	'0'
   009A 30                  199 	.db #0x30	; 48	'0'
   009B 30                  200 	.db #0x30	; 48	'0'
   009C 30                  201 	.db #0x30	; 48	'0'
   009D 30                  202 	.db #0x30	; 48	'0'
   009E 30                  203 	.db #0x30	; 48	'0'
   009F CC                  204 	.db #0xCC	; 204
   00A0 CC                  205 	.db #0xCC	; 204
   00A1 30                  206 	.db #0x30	; 48	'0'
   00A2 30                  207 	.db #0x30	; 48	'0'
   00A3 A0                  208 	.db #0xA0	; 160
   00A4 00                  209 	.db #0x00	; 0
   00A5 00                  210 	.db #0x00	; 0
   00A6 00                  211 	.db #0x00	; 0
   00A7 81                  212 	.db #0x81	; 129
   00A8 03                  213 	.db #0x03	; 3
   00A9 03                  214 	.db #0x03	; 3
   00AA 03                  215 	.db #0x03	; 3
   00AB 46                  216 	.db #0x46	; 70	'F'
   00AC 02                  217 	.db #0x02	; 2
   00AD 00                  218 	.db #0x00	; 0
   00AE 00                  219 	.db #0x00	; 0
   00AF 00                  220 	.db #0x00	; 0
   00B0 54                  221 	.db #0x54	; 84	'T'
   00B1 30                  222 	.db #0x30	; 48	'0'
   00B2 30                  223 	.db #0x30	; 48	'0'
   00B3 CC                  224 	.db #0xCC	; 204
   00B4 CC                  225 	.db #0xCC	; 204
   00B5 30                  226 	.db #0x30	; 48	'0'
   00B6 30                  227 	.db #0x30	; 48	'0'
   00B7 00                  228 	.db #0x00	; 0
   00B8 00                  229 	.db #0x00	; 0
   00B9 03                  230 	.db #0x03	; 3
   00BA 02                  231 	.db #0x02	; 2
   00BB 00                  232 	.db #0x00	; 0
   00BC 00                  233 	.db #0x00	; 0
   00BD 00                  234 	.db #0x00	; 0
   00BE 00                  235 	.db #0x00	; 0
   00BF CC                  236 	.db #0xCC	; 204
   00C0 00                  237 	.db #0x00	; 0
   00C1 A1                  238 	.db #0xA1	; 161
   00C2 03                  239 	.db #0x03	; 3
   00C3 00                  240 	.db #0x00	; 0
   00C4 44                  241 	.db #0x44	; 68	'D'
   00C5 30                  242 	.db #0x30	; 48	'0'
   00C6 30                  243 	.db #0x30	; 48	'0'
   00C7 CC                  244 	.db #0xCC	; 204
   00C8 CC                  245 	.db #0xCC	; 204
   00C9 30                  246 	.db #0x30	; 48	'0'
   00CA 30                  247 	.db #0x30	; 48	'0'
   00CB 00                  248 	.db #0x00	; 0
   00CC 01                  249 	.db #0x01	; 1
   00CD CC                  250 	.db #0xCC	; 204
   00CE 89                  251 	.db #0x89	; 137
   00CF 00                  252 	.db #0x00	; 0
   00D0 00                  253 	.db #0x00	; 0
   00D1 00                  254 	.db #0x00	; 0
   00D2 00                  255 	.db #0x00	; 0
   00D3 CC                  256 	.db #0xCC	; 204
   00D4 01                  257 	.db #0x01	; 1
   00D5 4E                  258 	.db #0x4E	; 78	'N'
   00D6 CC                  259 	.db #0xCC	; 204
   00D7 02                  260 	.db #0x02	; 2
   00D8 44                  261 	.db #0x44	; 68	'D'
   00D9 30                  262 	.db #0x30	; 48	'0'
   00DA 30                  263 	.db #0x30	; 48	'0'
   00DB CC                  264 	.db #0xCC	; 204
   00DC CC                  265 	.db #0xCC	; 204
   00DD 30                  266 	.db #0x30	; 48	'0'
   00DE 30                  267 	.db #0x30	; 48	'0'
   00DF 00                  268 	.db #0x00	; 0
   00E0 03                  269 	.db #0x03	; 3
   00E1 CC                  270 	.db #0xCC	; 204
   00E2 89                  271 	.db #0x89	; 137
   00E3 02                  272 	.db #0x02	; 2
   00E4 00                  273 	.db #0x00	; 0
   00E5 00                  274 	.db #0x00	; 0
   00E6 00                  275 	.db #0x00	; 0
   00E7 CC                  276 	.db #0xCC	; 204
   00E8 01                  277 	.db #0x01	; 1
   00E9 CC                  278 	.db #0xCC	; 204
   00EA CC                  279 	.db #0xCC	; 204
   00EB 02                  280 	.db #0x02	; 2
   00EC 44                  281 	.db #0x44	; 68	'D'
   00ED 30                  282 	.db #0x30	; 48	'0'
   00EE 30                  283 	.db #0x30	; 48	'0'
   00EF CC                  284 	.db #0xCC	; 204
   00F0 CC                  285 	.db #0xCC	; 204
   00F1 30                  286 	.db #0x30	; 48	'0'
   00F2 30                  287 	.db #0x30	; 48	'0'
   00F3 00                  288 	.db #0x00	; 0
   00F4 03                  289 	.db #0x03	; 3
   00F5 CC                  290 	.db #0xCC	; 204
   00F6 89                  291 	.db #0x89	; 137
   00F7 02                  292 	.db #0x02	; 2
   00F8 00                  293 	.db #0x00	; 0
   00F9 00                  294 	.db #0x00	; 0
   00FA 00                  295 	.db #0x00	; 0
   00FB CC                  296 	.db #0xCC	; 204
   00FC 01                  297 	.db #0x01	; 1
   00FD 02                  298 	.db #0x02	; 2
   00FE CC                  299 	.db #0xCC	; 204
   00FF 02                  300 	.db #0x02	; 2
   0100 44                  301 	.db #0x44	; 68	'D'
   0101 30                  302 	.db #0x30	; 48	'0'
   0102 30                  303 	.db #0x30	; 48	'0'
   0103 CC                  304 	.db #0xCC	; 204
   0104 CC                  305 	.db #0xCC	; 204
   0105 30                  306 	.db #0x30	; 48	'0'
   0106 30                  307 	.db #0x30	; 48	'0'
   0107 00                  308 	.db #0x00	; 0
   0108 01                  309 	.db #0x01	; 1
   0109 8D                  310 	.db #0x8D	; 141
   010A 03                  311 	.db #0x03	; 3
   010B 00                  312 	.db #0x00	; 0
   010C 00                  313 	.db #0x00	; 0
   010D 00                  314 	.db #0x00	; 0
   010E 00                  315 	.db #0x00	; 0
   010F CC                  316 	.db #0xCC	; 204
   0110 00                  317 	.db #0x00	; 0
   0111 03                  318 	.db #0x03	; 3
   0112 03                  319 	.db #0x03	; 3
   0113 02                  320 	.db #0x02	; 2
   0114 44                  321 	.db #0x44	; 68	'D'
   0115 30                  322 	.db #0x30	; 48	'0'
   0116 30                  323 	.db #0x30	; 48	'0'
   0117 CC                  324 	.db #0xCC	; 204
   0118 CC                  325 	.db #0xCC	; 204
   0119 30                  326 	.db #0x30	; 48	'0'
   011A 30                  327 	.db #0x30	; 48	'0'
   011B 00                  328 	.db #0x00	; 0
   011C 00                  329 	.db #0x00	; 0
   011D 03                  330 	.db #0x03	; 3
   011E 88                  331 	.db #0x88	; 136
   011F CC                  332 	.db #0xCC	; 204
   0120 CC                  333 	.db #0xCC	; 204
   0121 CC                  334 	.db #0xCC	; 204
   0122 CC                  335 	.db #0xCC	; 204
   0123 CC                  336 	.db #0xCC	; 204
   0124 CC                  337 	.db #0xCC	; 204
   0125 44                  338 	.db #0x44	; 68	'D'
   0126 46                  339 	.db #0x46	; 70	'F'
   0127 00                  340 	.db #0x00	; 0
   0128 44                  341 	.db #0x44	; 68	'D'
   0129 30                  342 	.db #0x30	; 48	'0'
   012A 30                  343 	.db #0x30	; 48	'0'
   012B CC                  344 	.db #0xCC	; 204
   012C CC                  345 	.db #0xCC	; 204
   012D 30                  346 	.db #0x30	; 48	'0'
   012E 30                  347 	.db #0x30	; 48	'0'
   012F 03                  348 	.db #0x03	; 3
   0130 56                  349 	.db #0x56	; 86	'V'
   0131 CC                  350 	.db #0xCC	; 204
   0132 DC                  351 	.db #0xDC	; 220
   0133 CC                  352 	.db #0xCC	; 204
   0134 CC                  353 	.db #0xCC	; 204
   0135 CC                  354 	.db #0xCC	; 204
   0136 CC                  355 	.db #0xCC	; 204
   0137 CC                  356 	.db #0xCC	; 204
   0138 CC                  357 	.db #0xCC	; 204
   0139 CC                  358 	.db #0xCC	; 204
   013A CC                  359 	.db #0xCC	; 204
   013B CC                  360 	.db #0xCC	; 204
   013C 89                  361 	.db #0x89	; 137
   013D 30                  362 	.db #0x30	; 48	'0'
   013E 30                  363 	.db #0x30	; 48	'0'
   013F CC                  364 	.db #0xCC	; 204
   0140 CC                  365 	.db #0xCC	; 204
   0141 CC                  366 	.db #0xCC	; 204
   0142 CC                  367 	.db #0xCC	; 204
   0143 CC                  368 	.db #0xCC	; 204
   0144 CC                  369 	.db #0xCC	; 204
   0145 CC                  370 	.db #0xCC	; 204
   0146 CC                  371 	.db #0xCC	; 204
   0147 CC                  372 	.db #0xCC	; 204
   0148 CC                  373 	.db #0xCC	; 204
   0149 CC                  374 	.db #0xCC	; 204
   014A CC                  375 	.db #0xCC	; 204
   014B CC                  376 	.db #0xCC	; 204
   014C CC                  377 	.db #0xCC	; 204
   014D CC                  378 	.db #0xCC	; 204
   014E CC                  379 	.db #0xCC	; 204
   014F CC                  380 	.db #0xCC	; 204
   0150 CC                  381 	.db #0xCC	; 204
   0151 CC                  382 	.db #0xCC	; 204
   0152 CC                  383 	.db #0xCC	; 204
   0153 CC                  384 	.db #0xCC	; 204
   0154 CC                  385 	.db #0xCC	; 204
   0155 FF                  386 	.db #0xFF	; 255
   0156 FF                  387 	.db #0xFF	; 255
   0157 FF                  388 	.db #0xFF	; 255
   0158 FF                  389 	.db #0xFF	; 255
   0159 FF                  390 	.db #0xFF	; 255
   015A FF                  391 	.db #0xFF	; 255
   015B FF                  392 	.db #0xFF	; 255
   015C FF                  393 	.db #0xFF	; 255
   015D FF                  394 	.db #0xFF	; 255
   015E FF                  395 	.db #0xFF	; 255
   015F FF                  396 	.db #0xFF	; 255
   0160 FF                  397 	.db #0xFF	; 255
   0161 FF                  398 	.db #0xFF	; 255
   0162 FF                  399 	.db #0xFF	; 255
   0163 FF                  400 	.db #0xFF	; 255
   0164 FF                  401 	.db #0xFF	; 255
   0165 FF                  402 	.db #0xFF	; 255
   0166 FF                  403 	.db #0xFF	; 255
   0167 CC                  404 	.db #0xCC	; 204
   0168 CC                  405 	.db #0xCC	; 204
   0169 FF                  406 	.db #0xFF	; 255
   016A FF                  407 	.db #0xFF	; 255
   016B FF                  408 	.db #0xFF	; 255
   016C FF                  409 	.db #0xFF	; 255
   016D FF                  410 	.db #0xFF	; 255
   016E FF                  411 	.db #0xFF	; 255
   016F FF                  412 	.db #0xFF	; 255
   0170 FF                  413 	.db #0xFF	; 255
   0171 FF                  414 	.db #0xFF	; 255
   0172 FF                  415 	.db #0xFF	; 255
   0173 FF                  416 	.db #0xFF	; 255
   0174 FF                  417 	.db #0xFF	; 255
   0175 FF                  418 	.db #0xFF	; 255
   0176 FF                  419 	.db #0xFF	; 255
   0177 FF                  420 	.db #0xFF	; 255
   0178 FF                  421 	.db #0xFF	; 255
   0179 FF                  422 	.db #0xFF	; 255
   017A FF                  423 	.db #0xFF	; 255
   017B CC                  424 	.db #0xCC	; 204
   017C CC                  425 	.db #0xCC	; 204
   017D 44                  426 	.db #0x44	; 68	'D'
   017E 00                  427 	.db #0x00	; 0
   017F 50                  428 	.db #0x50	; 80	'P'
   0180 03                  429 	.db #0x03	; 3
   0181 03                  430 	.db #0x03	; 3
   0182 03                  431 	.db #0x03	; 3
   0183 03                  432 	.db #0x03	; 3
   0184 03                  433 	.db #0x03	; 3
   0185 03                  434 	.db #0x03	; 3
   0186 03                  435 	.db #0x03	; 3
   0187 03                  436 	.db #0x03	; 3
   0188 03                  437 	.db #0x03	; 3
   0189 03                  438 	.db #0x03	; 3
   018A 03                  439 	.db #0x03	; 3
   018B 03                  440 	.db #0x03	; 3
   018C EC                  441 	.db #0xEC	; 236
   018D CC                  442 	.db #0xCC	; 204
   018E 00                  443 	.db #0x00	; 0
   018F CC                  444 	.db #0xCC	; 204
   0190 CC                  445 	.db #0xCC	; 204
   0191 CC                  446 	.db #0xCC	; 204
   0192 CC                  447 	.db #0xCC	; 204
   0193 44                  448 	.db #0x44	; 68	'D'
   0194 00                  449 	.db #0x00	; 0
   0195 00                  450 	.db #0x00	; 0
   0196 00                  451 	.db #0x00	; 0
   0197 00                  452 	.db #0x00	; 0
   0198 44                  453 	.db #0x44	; 68	'D'
   0199 CC                  454 	.db #0xCC	; 204
   019A CC                  455 	.db #0xCC	; 204
   019B CC                  456 	.db #0xCC	; 204
   019C CC                  457 	.db #0xCC	; 204
   019D CC                  458 	.db #0xCC	; 204
   019E CC                  459 	.db #0xCC	; 204
   019F CC                  460 	.db #0xCC	; 204
   01A0 CC                  461 	.db #0xCC	; 204
   01A1 CC                  462 	.db #0xCC	; 204
   01A2 CC                  463 	.db #0xCC	; 204
   01A3 CC                  464 	.db #0xCC	; 204
   01A4 CC                  465 	.db #0xCC	; 204
   01A5 CC                  466 	.db #0xCC	; 204
   01A6 CC                  467 	.db #0xCC	; 204
   01A7 CC                  468 	.db #0xCC	; 204
   01A8 00                  469 	.db #0x00	; 0
   01A9 00                  470 	.db #0x00	; 0
   01AA 00                  471 	.db #0x00	; 0
   01AB 00                  472 	.db #0x00	; 0
   01AC CC                  473 	.db #0xCC	; 204
   01AD CC                  474 	.db #0xCC	; 204
   01AE CC                  475 	.db #0xCC	; 204
   01AF CC                  476 	.db #0xCC	; 204
   01B0 CC                  477 	.db #0xCC	; 204
   01B1 CC                  478 	.db #0xCC	; 204
   01B2 CC                  479 	.db #0xCC	; 204
   01B3 CC                  480 	.db #0xCC	; 204
   01B4 CC                  481 	.db #0xCC	; 204
   01B5 CC                  482 	.db #0xCC	; 204
   01B6 CC                  483 	.db #0xCC	; 204
   01B7 CC                  484 	.db #0xCC	; 204
   01B8 CC                  485 	.db #0xCC	; 204
   01B9 CC                  486 	.db #0xCC	; 204
   01BA CC                  487 	.db #0xCC	; 204
   01BB CC                  488 	.db #0xCC	; 204
   01BC CC                  489 	.db #0xCC	; 204
   01BD CC                  490 	.db #0xCC	; 204
   01BE CC                  491 	.db #0xCC	; 204
   01BF CC                  492 	.db #0xCC	; 204
   01C0 CC                  493 	.db #0xCC	; 204
   01C1 CC                  494 	.db #0xCC	; 204
   01C2 CC                  495 	.db #0xCC	; 204
   01C3 CC                  496 	.db #0xCC	; 204
   01C4 CC                  497 	.db #0xCC	; 204
   01C5 CC                  498 	.db #0xCC	; 204
   01C6 CC                  499 	.db #0xCC	; 204
   01C7 CC                  500 	.db #0xCC	; 204
   01C8 CC                  501 	.db #0xCC	; 204
   01C9 CC                  502 	.db #0xCC	; 204
   01CA CC                  503 	.db #0xCC	; 204
   01CB CC                  504 	.db #0xCC	; 204
   01CC CC                  505 	.db #0xCC	; 204
   01CD CC                  506 	.db #0xCC	; 204
   01CE CC                  507 	.db #0xCC	; 204
   01CF CC                  508 	.db #0xCC	; 204
   01D0 CC                  509 	.db #0xCC	; 204
   01D1 CC                  510 	.db #0xCC	; 204
   01D2 CC                  511 	.db #0xCC	; 204
   01D3 CC                  512 	.db #0xCC	; 204
   01D4 CC                  513 	.db #0xCC	; 204
   01D5 CC                  514 	.db #0xCC	; 204
   01D6 CC                  515 	.db #0xCC	; 204
   01D7 CC                  516 	.db #0xCC	; 204
   01D8 CC                  517 	.db #0xCC	; 204
   01D9 CC                  518 	.db #0xCC	; 204
   01DA CC                  519 	.db #0xCC	; 204
   01DB CC                  520 	.db #0xCC	; 204
   01DC CC                  521 	.db #0xCC	; 204
   01DD CC                  522 	.db #0xCC	; 204
   01DE CC                  523 	.db #0xCC	; 204
   01DF CC                  524 	.db #0xCC	; 204
   01E0 CC                  525 	.db #0xCC	; 204
   01E1 CC                  526 	.db #0xCC	; 204
   01E2 CC                  527 	.db #0xCC	; 204
   01E3 CC                  528 	.db #0xCC	; 204
   01E4 CC                  529 	.db #0xCC	; 204
   01E5 CC                  530 	.db #0xCC	; 204
   01E6 CC                  531 	.db #0xCC	; 204
   01E7 CC                  532 	.db #0xCC	; 204
   01E8 CC                  533 	.db #0xCC	; 204
   01E9 CC                  534 	.db #0xCC	; 204
   01EA CC                  535 	.db #0xCC	; 204
   01EB CC                  536 	.db #0xCC	; 204
   01EC CC                  537 	.db #0xCC	; 204
   01ED CC                  538 	.db #0xCC	; 204
   01EE CC                  539 	.db #0xCC	; 204
   01EF CC                  540 	.db #0xCC	; 204
   01F0 CC                  541 	.db #0xCC	; 204
   01F1 CC                  542 	.db #0xCC	; 204
   01F2 CC                  543 	.db #0xCC	; 204
   01F3 CC                  544 	.db #0xCC	; 204
   01F4 CC                  545 	.db #0xCC	; 204
   01F5 CC                  546 	.db #0xCC	; 204
   01F6 CC                  547 	.db #0xCC	; 204
   01F7 CC                  548 	.db #0xCC	; 204
   01F8 CC                  549 	.db #0xCC	; 204
   01F9 CC                  550 	.db #0xCC	; 204
   01FA CC                  551 	.db #0xCC	; 204
   01FB CC                  552 	.db #0xCC	; 204
   01FC CC                  553 	.db #0xCC	; 204
   01FD CC                  554 	.db #0xCC	; 204
   01FE CC                  555 	.db #0xCC	; 204
   01FF CC                  556 	.db #0xCC	; 204
   0200 CC                  557 	.db #0xCC	; 204
   0201 CC                  558 	.db #0xCC	; 204
   0202 CC                  559 	.db #0xCC	; 204
   0203 CC                  560 	.db #0xCC	; 204
   0204 CC                  561 	.db #0xCC	; 204
   0205 CC                  562 	.db #0xCC	; 204
   0206 CC                  563 	.db #0xCC	; 204
   0207 CC                  564 	.db #0xCC	; 204
                            565 	.area _INITIALIZER
                            566 	.area _CABS (ABS)
