                              1 ;--------------------------------------------------------
                              2 ; File Created by SDCC : free open source ANSI-C Compiler
                              3 ; Version 3.5.5 #9498 (CYGWIN)
                              4 ;--------------------------------------------------------
                              5 	.module tiles
                              6 	.optsdcc -mz80
                              7 	
                              8 ;--------------------------------------------------------
                              9 ; Public variables in this module
                             10 ;--------------------------------------------------------
                             11 	.globl _g_tiles_26
                             12 	.globl _g_tiles_25
                             13 	.globl _g_tiles_24
                             14 	.globl _g_tiles_23
                             15 	.globl _g_tiles_22
                             16 	.globl _g_tiles_21
                             17 	.globl _g_tiles_20
                             18 	.globl _g_tiles_19
                             19 	.globl _g_tiles_18
                             20 	.globl _g_tiles_17
                             21 	.globl _g_tiles_16
                             22 	.globl _g_tiles_15
                             23 	.globl _g_tiles_14
                             24 	.globl _g_tiles_13
                             25 	.globl _g_tiles_12
                             26 	.globl _g_tiles_11
                             27 	.globl _g_tiles_10
                             28 	.globl _g_tiles_09
                             29 	.globl _g_tiles_08
                             30 	.globl _g_tiles_07
                             31 	.globl _g_tiles_06
                             32 	.globl _g_tiles_05
                             33 	.globl _g_tiles_04
                             34 	.globl _g_tiles_03
                             35 	.globl _g_tiles_02
                             36 	.globl _g_tiles_01
                             37 	.globl _g_tiles_00
                             38 	.globl _g_tileset
                             39 ;--------------------------------------------------------
                             40 ; special function registers
                             41 ;--------------------------------------------------------
                             42 ;--------------------------------------------------------
                             43 ; ram data
                             44 ;--------------------------------------------------------
                             45 	.area _DATA
                             46 ;--------------------------------------------------------
                             47 ; ram data
                             48 ;--------------------------------------------------------
                             49 	.area _INITIALIZED
                             50 ;--------------------------------------------------------
                             51 ; absolute external ram data
                             52 ;--------------------------------------------------------
                             53 	.area _DABS (ABS)
                             54 ;--------------------------------------------------------
                             55 ; global & static initialisations
                             56 ;--------------------------------------------------------
                             57 	.area _HOME
                             58 	.area _GSINIT
                             59 	.area _GSFINAL
                             60 	.area _GSINIT
                             61 ;--------------------------------------------------------
                             62 ; Home
                             63 ;--------------------------------------------------------
                             64 	.area _HOME
                             65 	.area _HOME
                             66 ;--------------------------------------------------------
                             67 ; code
                             68 ;--------------------------------------------------------
                             69 	.area _CODE
                             70 	.area _CODE
   0000                      71 _g_tileset:
   0000r36r00                72 	.dw _g_tiles_00
   0002r3Er00                73 	.dw _g_tiles_01
   0004r46r00                74 	.dw _g_tiles_02
   0006r4Er00                75 	.dw _g_tiles_03
   0008r56r00                76 	.dw _g_tiles_04
   000Ar5Er00                77 	.dw _g_tiles_05
   000Cr66r00                78 	.dw _g_tiles_06
   000Er6Er00                79 	.dw _g_tiles_07
   0010r76r00                80 	.dw _g_tiles_08
   0012r7Er00                81 	.dw _g_tiles_09
   0014r86r00                82 	.dw _g_tiles_10
   0016r8Er00                83 	.dw _g_tiles_11
   0018r96r00                84 	.dw _g_tiles_12
   001Ar9Er00                85 	.dw _g_tiles_13
   001CrA6r00                86 	.dw _g_tiles_14
   001ErAEr00                87 	.dw _g_tiles_15
   0020rB6r00                88 	.dw _g_tiles_16
   0022rBEr00                89 	.dw _g_tiles_17
   0024rC6r00                90 	.dw _g_tiles_18
   0026rCEr00                91 	.dw _g_tiles_19
   0028rD6r00                92 	.dw _g_tiles_20
   002ArDEr00                93 	.dw _g_tiles_21
   002CrE6r00                94 	.dw _g_tiles_22
   002ErEEr00                95 	.dw _g_tiles_23
   0030rF6r00                96 	.dw _g_tiles_24
   0032rFEr00                97 	.dw _g_tiles_25
   0034r06r01                98 	.dw _g_tiles_26
   0036                      99 _g_tiles_00:
   0036 00                  100 	.db #0x00	; 0
   0037 00                  101 	.db #0x00	; 0
   0038 00                  102 	.db #0x00	; 0
   0039 00                  103 	.db #0x00	; 0
   003A 00                  104 	.db #0x00	; 0
   003B 00                  105 	.db #0x00	; 0
   003C 00                  106 	.db #0x00	; 0
   003D 00                  107 	.db #0x00	; 0
   003E                     108 _g_tiles_01:
   003E C0                  109 	.db #0xC0	; 192
   003F C0                  110 	.db #0xC0	; 192
   0040 C0                  111 	.db #0xC0	; 192
   0041 C0                  112 	.db #0xC0	; 192
   0042 C0                  113 	.db #0xC0	; 192
   0043 C0                  114 	.db #0xC0	; 192
   0044 C0                  115 	.db #0xC0	; 192
   0045 C0                  116 	.db #0xC0	; 192
   0046                     117 _g_tiles_02:
   0046 0C                  118 	.db #0x0C	; 12
   0047 0C                  119 	.db #0x0C	; 12
   0048 0C                  120 	.db #0x0C	; 12
   0049 0C                  121 	.db #0x0C	; 12
   004A 0C                  122 	.db #0x0C	; 12
   004B 0C                  123 	.db #0x0C	; 12
   004C 0C                  124 	.db #0x0C	; 12
   004D 0C                  125 	.db #0x0C	; 12
   004E                     126 _g_tiles_03:
   004E CC                  127 	.db #0xCC	; 204
   004F CC                  128 	.db #0xCC	; 204
   0050 CC                  129 	.db #0xCC	; 204
   0051 CC                  130 	.db #0xCC	; 204
   0052 CC                  131 	.db #0xCC	; 204
   0053 CC                  132 	.db #0xCC	; 204
   0054 CC                  133 	.db #0xCC	; 204
   0055 CC                  134 	.db #0xCC	; 204
   0056                     135 _g_tiles_04:
   0056 C0                  136 	.db #0xC0	; 192
   0057 C0                  137 	.db #0xC0	; 192
   0058 C0                  138 	.db #0xC0	; 192
   0059 C0                  139 	.db #0xC0	; 192
   005A C0                  140 	.db #0xC0	; 192
   005B C0                  141 	.db #0xC0	; 192
   005C C0                  142 	.db #0xC0	; 192
   005D C0                  143 	.db #0xC0	; 192
   005E                     144 _g_tiles_05:
   005E 0C                  145 	.db #0x0C	; 12
   005F 0C                  146 	.db #0x0C	; 12
   0060 0C                  147 	.db #0x0C	; 12
   0061 0C                  148 	.db #0x0C	; 12
   0062 0C                  149 	.db #0x0C	; 12
   0063 0C                  150 	.db #0x0C	; 12
   0064 0C                  151 	.db #0x0C	; 12
   0065 0C                  152 	.db #0x0C	; 12
   0066                     153 _g_tiles_06:
   0066 30                  154 	.db #0x30	; 48	'0'
   0067 30                  155 	.db #0x30	; 48	'0'
   0068 30                  156 	.db #0x30	; 48	'0'
   0069 30                  157 	.db #0x30	; 48	'0'
   006A 30                  158 	.db #0x30	; 48	'0'
   006B 30                  159 	.db #0x30	; 48	'0'
   006C 30                  160 	.db #0x30	; 48	'0'
   006D 30                  161 	.db #0x30	; 48	'0'
   006E                     162 _g_tiles_07:
   006E 30                  163 	.db #0x30	; 48	'0'
   006F 30                  164 	.db #0x30	; 48	'0'
   0070 30                  165 	.db #0x30	; 48	'0'
   0071 30                  166 	.db #0x30	; 48	'0'
   0072 30                  167 	.db #0x30	; 48	'0'
   0073 30                  168 	.db #0x30	; 48	'0'
   0074 30                  169 	.db #0x30	; 48	'0'
   0075 30                  170 	.db #0x30	; 48	'0'
   0076                     171 _g_tiles_08:
   0076 0F                  172 	.db #0x0F	; 15
   0077 0F                  173 	.db #0x0F	; 15
   0078 0F                  174 	.db #0x0F	; 15
   0079 0F                  175 	.db #0x0F	; 15
   007A 0F                  176 	.db #0x0F	; 15
   007B 0F                  177 	.db #0x0F	; 15
   007C 0F                  178 	.db #0x0F	; 15
   007D 0F                  179 	.db #0x0F	; 15
   007E                     180 _g_tiles_09:
   007E F0                  181 	.db #0xF0	; 240
   007F F0                  182 	.db #0xF0	; 240
   0080 F0                  183 	.db #0xF0	; 240
   0081 F0                  184 	.db #0xF0	; 240
   0082 F0                  185 	.db #0xF0	; 240
   0083 F0                  186 	.db #0xF0	; 240
   0084 F0                  187 	.db #0xF0	; 240
   0085 F0                  188 	.db #0xF0	; 240
   0086                     189 _g_tiles_10:
   0086 3C                  190 	.db #0x3C	; 60
   0087 3C                  191 	.db #0x3C	; 60
   0088 3C                  192 	.db #0x3C	; 60
   0089 3C                  193 	.db #0x3C	; 60
   008A 3C                  194 	.db #0x3C	; 60
   008B 3C                  195 	.db #0x3C	; 60
   008C 3C                  196 	.db #0x3C	; 60
   008D 3C                  197 	.db #0x3C	; 60
   008E                     198 _g_tiles_11:
   008E 3C                  199 	.db #0x3C	; 60
   008F 3C                  200 	.db #0x3C	; 60
   0090 3C                  201 	.db #0x3C	; 60
   0091 3C                  202 	.db #0x3C	; 60
   0092 3C                  203 	.db #0x3C	; 60
   0093 3C                  204 	.db #0x3C	; 60
   0094 3C                  205 	.db #0x3C	; 60
   0095 3C                  206 	.db #0x3C	; 60
   0096                     207 _g_tiles_12:
   0096 FC                  208 	.db #0xFC	; 252
   0097 FC                  209 	.db #0xFC	; 252
   0098 FC                  210 	.db #0xFC	; 252
   0099 FC                  211 	.db #0xFC	; 252
   009A FC                  212 	.db #0xFC	; 252
   009B FC                  213 	.db #0xFC	; 252
   009C FC                  214 	.db #0xFC	; 252
   009D FC                  215 	.db #0xFC	; 252
   009E                     216 _g_tiles_13:
   009E 03                  217 	.db #0x03	; 3
   009F 03                  218 	.db #0x03	; 3
   00A0 03                  219 	.db #0x03	; 3
   00A1 03                  220 	.db #0x03	; 3
   00A2 03                  221 	.db #0x03	; 3
   00A3 03                  222 	.db #0x03	; 3
   00A4 03                  223 	.db #0x03	; 3
   00A5 03                  224 	.db #0x03	; 3
   00A6                     225 _g_tiles_14:
   00A6 03                  226 	.db #0x03	; 3
   00A7 03                  227 	.db #0x03	; 3
   00A8 03                  228 	.db #0x03	; 3
   00A9 03                  229 	.db #0x03	; 3
   00AA 03                  230 	.db #0x03	; 3
   00AB 03                  231 	.db #0x03	; 3
   00AC 03                  232 	.db #0x03	; 3
   00AD 03                  233 	.db #0x03	; 3
   00AE                     234 _g_tiles_15:
   00AE C3                  235 	.db #0xC3	; 195
   00AF C3                  236 	.db #0xC3	; 195
   00B0 C3                  237 	.db #0xC3	; 195
   00B1 C3                  238 	.db #0xC3	; 195
   00B2 C3                  239 	.db #0xC3	; 195
   00B3 C3                  240 	.db #0xC3	; 195
   00B4 C3                  241 	.db #0xC3	; 195
   00B5 C3                  242 	.db #0xC3	; 195
   00B6                     243 _g_tiles_16:
   00B6 0F                  244 	.db #0x0F	; 15
   00B7 0F                  245 	.db #0x0F	; 15
   00B8 0F                  246 	.db #0x0F	; 15
   00B9 0F                  247 	.db #0x0F	; 15
   00BA 0F                  248 	.db #0x0F	; 15
   00BB 0F                  249 	.db #0x0F	; 15
   00BC 0F                  250 	.db #0x0F	; 15
   00BD 0F                  251 	.db #0x0F	; 15
   00BE                     252 _g_tiles_17:
   00BE 0F                  253 	.db #0x0F	; 15
   00BF 0F                  254 	.db #0x0F	; 15
   00C0 0F                  255 	.db #0x0F	; 15
   00C1 0F                  256 	.db #0x0F	; 15
   00C2 0F                  257 	.db #0x0F	; 15
   00C3 0F                  258 	.db #0x0F	; 15
   00C4 0F                  259 	.db #0x0F	; 15
   00C5 0F                  260 	.db #0x0F	; 15
   00C6                     261 _g_tiles_18:
   00C6 CF                  262 	.db #0xCF	; 207
   00C7 CF                  263 	.db #0xCF	; 207
   00C8 CF                  264 	.db #0xCF	; 207
   00C9 CF                  265 	.db #0xCF	; 207
   00CA CF                  266 	.db #0xCF	; 207
   00CB CF                  267 	.db #0xCF	; 207
   00CC CF                  268 	.db #0xCF	; 207
   00CD CF                  269 	.db #0xCF	; 207
   00CE                     270 _g_tiles_19:
   00CE 33                  271 	.db #0x33	; 51	'3'
   00CF 33                  272 	.db #0x33	; 51	'3'
   00D0 33                  273 	.db #0x33	; 51	'3'
   00D1 33                  274 	.db #0x33	; 51	'3'
   00D2 33                  275 	.db #0x33	; 51	'3'
   00D3 33                  276 	.db #0x33	; 51	'3'
   00D4 33                  277 	.db #0x33	; 51	'3'
   00D5 33                  278 	.db #0x33	; 51	'3'
   00D6                     279 _g_tiles_20:
   00D6 33                  280 	.db #0x33	; 51	'3'
   00D7 33                  281 	.db #0x33	; 51	'3'
   00D8 33                  282 	.db #0x33	; 51	'3'
   00D9 33                  283 	.db #0x33	; 51	'3'
   00DA 33                  284 	.db #0x33	; 51	'3'
   00DB 33                  285 	.db #0x33	; 51	'3'
   00DC 33                  286 	.db #0x33	; 51	'3'
   00DD 33                  287 	.db #0x33	; 51	'3'
   00DE                     288 _g_tiles_21:
   00DE FC                  289 	.db #0xFC	; 252
   00DF FC                  290 	.db #0xFC	; 252
   00E0 FC                  291 	.db #0xFC	; 252
   00E1 FC                  292 	.db #0xFC	; 252
   00E2 FC                  293 	.db #0xFC	; 252
   00E3 FC                  294 	.db #0xFC	; 252
   00E4 FC                  295 	.db #0xFC	; 252
   00E5 FC                  296 	.db #0xFC	; 252
   00E6                     297 _g_tiles_22:
   00E6 03                  298 	.db #0x03	; 3
   00E7 03                  299 	.db #0x03	; 3
   00E8 03                  300 	.db #0x03	; 3
   00E9 03                  301 	.db #0x03	; 3
   00EA 03                  302 	.db #0x03	; 3
   00EB 03                  303 	.db #0x03	; 3
   00EC 03                  304 	.db #0x03	; 3
   00ED 03                  305 	.db #0x03	; 3
   00EE                     306 _g_tiles_23:
   00EE FF                  307 	.db #0xFF	; 255
   00EF FF                  308 	.db #0xFF	; 255
   00F0 FF                  309 	.db #0xFF	; 255
   00F1 FF                  310 	.db #0xFF	; 255
   00F2 FF                  311 	.db #0xFF	; 255
   00F3 FF                  312 	.db #0xFF	; 255
   00F4 FF                  313 	.db #0xFF	; 255
   00F5 FF                  314 	.db #0xFF	; 255
   00F6                     315 _g_tiles_24:
   00F6 F3                  316 	.db #0xF3	; 243
   00F7 F3                  317 	.db #0xF3	; 243
   00F8 F3                  318 	.db #0xF3	; 243
   00F9 F3                  319 	.db #0xF3	; 243
   00FA F3                  320 	.db #0xF3	; 243
   00FB F3                  321 	.db #0xF3	; 243
   00FC F3                  322 	.db #0xF3	; 243
   00FD F3                  323 	.db #0xF3	; 243
   00FE                     324 _g_tiles_25:
   00FE 3F                  325 	.db #0x3F	; 63
   00FF 3F                  326 	.db #0x3F	; 63
   0100 3F                  327 	.db #0x3F	; 63
   0101 3F                  328 	.db #0x3F	; 63
   0102 3F                  329 	.db #0x3F	; 63
   0103 3F                  330 	.db #0x3F	; 63
   0104 3F                  331 	.db #0x3F	; 63
   0105 3F                  332 	.db #0x3F	; 63
   0106                     333 _g_tiles_26:
   0106 FF                  334 	.db #0xFF	; 255
   0107 FF                  335 	.db #0xFF	; 255
   0108 FF                  336 	.db #0xFF	; 255
   0109 FF                  337 	.db #0xFF	; 255
   010A FF                  338 	.db #0xFF	; 255
   010B FF                  339 	.db #0xFF	; 255
   010C FF                  340 	.db #0xFF	; 255
   010D FF                  341 	.db #0xFF	; 255
                            342 	.area _INITIALIZER
                            343 	.area _CABS (ABS)
