                              1 ;--------------------------------------------------------
                              2 ; File Created by SDCC : free open source ANSI-C Compiler
                              3 ; Version 3.5.5 #9498 (CYGWIN)
                              4 ;--------------------------------------------------------
                              5 	.module cuchillo
                              6 	.optsdcc -mz80
                              7 	
                              8 ;--------------------------------------------------------
                              9 ; Public variables in this module
                             10 ;--------------------------------------------------------
                             11 	.globl _g_cuchillo
                             12 ;--------------------------------------------------------
                             13 ; special function registers
                             14 ;--------------------------------------------------------
                             15 ;--------------------------------------------------------
                             16 ; ram data
                             17 ;--------------------------------------------------------
                             18 	.area _DATA
                             19 ;--------------------------------------------------------
                             20 ; ram data
                             21 ;--------------------------------------------------------
                             22 	.area _INITIALIZED
                             23 ;--------------------------------------------------------
                             24 ; absolute external ram data
                             25 ;--------------------------------------------------------
                             26 	.area _DABS (ABS)
                             27 ;--------------------------------------------------------
                             28 ; global & static initialisations
                             29 ;--------------------------------------------------------
                             30 	.area _HOME
                             31 	.area _GSINIT
                             32 	.area _GSFINAL
                             33 	.area _GSINIT
                             34 ;--------------------------------------------------------
                             35 ; Home
                             36 ;--------------------------------------------------------
                             37 	.area _HOME
                             38 	.area _HOME
                             39 ;--------------------------------------------------------
                             40 ; code
                             41 ;--------------------------------------------------------
                             42 	.area _CODE
                             43 	.area _CODE
   0000                      44 _g_cuchillo:
   0000 CC                   45 	.db #0xCC	; 204
   0001 DD                   46 	.db #0xDD	; 221
   0002 FF                   47 	.db #0xFF	; 255
   0003 FF                   48 	.db #0xFF	; 255
   0004 CC                   49 	.db #0xCC	; 204
   0005 DD                   50 	.db #0xDD	; 221
   0006 FF                   51 	.db #0xFF	; 255
   0007 AA                   52 	.db #0xAA	; 170
   0008 00                   53 	.db #0x00	; 0
   0009 55                   54 	.db #0x55	; 85	'U'
   000A AA                   55 	.db #0xAA	; 170
   000B 00                   56 	.db #0x00	; 0
   000C 00                   57 	.db #0x00	; 0
   000D 00                   58 	.db #0x00	; 0
   000E 00                   59 	.db #0x00	; 0
   000F 00                   60 	.db #0x00	; 0
                             61 	.area _INITIALIZER
                             62 	.area _CABS (ABS)
